SF:/Users/runner/work/Draxul/Draxul/app/app.cpp
FN:124,_ZN6draxul7AppDeps12from_optionsENS_10AppOptionsE
FN:134,_ZN6draxul3AppC2ENS_10AppOptionsE
FN:134,_ZN6draxul3AppC1ENS_10AppOptionsE
FN:139,_ZN6draxul3AppC2ENS_7AppDepsE
FN:150,_ZN6draxul3AppD2Ev
FN:153,_ZN6draxul3App10initializeEv
FN:342,_ZNK6draxul3App24make_text_service_configEv
FN:354,_ZN6draxul3App23initialize_text_serviceEv
FN:375,_ZN6draxul3App18apply_font_metricsEv
FN:394,_ZN6draxul3App13reload_configEv
FN:457,_ZN6draxul3App15initialize_hostEv
FN:492,_ZN6draxul3App16wire_gui_actionsEv
FN:597,_ZN6draxul3App21wire_window_callbacksEv
FN:619,_ZN6draxul3App3runEv
FN:625,_ZN6draxul3App14run_smoke_testENSt3__16chrono8durationIxNS1_5ratioILl1ELl1000EEEEE
FN:639,_ZN6draxul3App14run_screenshotENSt3__16chrono8durationIxNS1_5ratioILl1ELl1000EEEEE
FN:672,_ZN6draxul3App15run_render_testENSt3__16chrono8durationIxNS1_5ratioILl1ELl1000EEEEES6_
FN:851,_ZN6draxul3App16close_dead_panesEv
FN:877,_ZN6draxul3App20render_imgui_overlayERNS_13IFrameContextEf
FN:895,_ZN6draxul3App12render_frameEv
FN:937,_ZN6draxul3App9pump_onceENSt3__18optionalINS1_6chrono10time_pointINS3_12steady_clockENS3_8durationIxNS1_5ratioILl1ELl1000000000EEEEEEEEE
FN:1007,_ZN6draxul3App9on_resizeEii
FN:1026,_ZN6draxul3App24on_display_scale_changedEf
FN:1047,_ZN6draxul3App13request_frameEv
FN:1053,_ZN6draxul3App12request_quitEv
FN:1061,_ZN6draxul3App11wake_windowEv
FN:1067,_ZN6draxul3App16set_window_titleERKNSt3__112basic_stringIcNS1_11char_traitsIcEENS1_9allocatorIcEEEE
FN:1073,_ZN6draxul3App19set_text_input_areaEiiii
FN:1079,_ZN6draxul3App21dispatch_to_nvim_hostENSt3__117basic_string_viewIcNS1_11char_traitsIcEEEE
FN:1115,_ZN6draxul3App24update_diagnostics_panelEv
FN:1143,_ZN6draxul3App21refresh_window_layoutEv
FN:1154,_ZNK6draxul3App24viewport_from_descriptorERKNS_14PaneDescriptorE
FN:1174,_ZNK6draxul3App15wait_timeout_msENSt3__18optionalINS1_6chrono10time_pointINS3_12steady_clockENS3_8durationIxNS1_5ratioILl1ELl1000000000EEEEEEEEE
FN:1208,_ZN6draxul3App8shutdownEv
FN:161,app.cpp:_ZZN6draxul3App10initializeEvENK3$_0clIZNS0_10initializeEvE3$_1EEDaPKcT_
FN:169,app.cpp:_ZZN6draxul3App10initializeEvENK3$_1clEv
FN:189,app.cpp:_ZZN6draxul3App10initializeEvEN12InitRollbackC2EPS0_
FN:161,app.cpp:_ZZN6draxul3App10initializeEvENK3$_0clIZNS0_10initializeEvE3$_2EEDaPKcT_
FN:216,app.cpp:_ZZN6draxul3App10initializeEvENK3$_2clEv
FN:75,app.cpp:_ZN6draxul12_GLOBAL__N_135normalize_render_target_window_sizeERNS_7IWindowERKNS_10AppOptionsE
FN:161,app.cpp:_ZZN6draxul3App10initializeEvENK3$_0clIZNS0_10initializeEvE3$_3EEDaPKcT_
FN:245,app.cpp:_ZZN6draxul3App10initializeEvENK3$_3clEv
FN:161,app.cpp:_ZZN6draxul3App10initializeEvENK3$_0clIZNS0_10initializeEvE3$_4EEDaPKcT_
FN:263,app.cpp:_ZZN6draxul3App10initializeEvENK3$_4clEv
FN:161,app.cpp:_ZZN6draxul3App10initializeEvENK3$_0clIZNS0_10initializeEvE3$_5EEDaPKcT_
FN:266,app.cpp:_ZZN6draxul3App10initializeEvENK3$_5clEv
FN:161,app.cpp:_ZZN6draxul3App10initializeEvENK3$_0clIZNS0_10initializeEvE3$_6EEDaPKcT_
FN:294,app.cpp:_ZZN6draxul3App10initializeEvENK3$_6clEv
FN:197,app.cpp:_ZZN6draxul3App10initializeEvEN12InitRollbackD2Ev
FN:83,app.cpp:_ZN6draxul12_GLOBAL__N_127text_service_config_changedERKNS_9AppConfigES3_
FN:94,app.cpp:_ZN6draxul12_GLOBAL__N_127restore_text_service_configERNS_9AppConfigERKS1_
FN:105,app.cpp:_ZN6draxul12_GLOBAL__N_134host_reload_config_from_app_configERKNS_9AppConfigE
FN:41,app.cpp:_ZN6draxul12_GLOBAL__N_122render_test_phase_nameENS0_15RenderTestPhaseE
FN:384,app.cpp:_ZZN6draxul3App18apply_font_metricsEvENK3$_0clEiRNS_5IHostE
FN:447,app.cpp:_ZZN6draxul3App13reload_configEvENK3$_0clEiRNS_5IHostE
FN:470,app.cpp:_ZZN6draxul3App15initialize_hostEvENK3$_0clERKNS_14PaneDescriptorE
FN:497,app.cpp:_ZZN6draxul3App16wire_gui_actionsEvENK3$_0clEv
FN:500,app.cpp:_ZZN6draxul3App16wire_gui_actionsEvENK3$_1clEv
FN:501,app.cpp:_ZZN6draxul3App16wire_gui_actionsEvENK3$_2clEv
FN:502,app.cpp:_ZZN6draxul3App16wire_gui_actionsEvENK3$_3clENSt3__18optionalINS_8HostKindEEE
FN:512,app.cpp:_ZZN6draxul3App16wire_gui_actionsEvENK3$_4clENSt3__18optionalINS_8HostKindEEE
FN:522,app.cpp:_ZZN6draxul3App16wire_gui_actionsEvENK3$_5clEv
FN:528,app.cpp:_ZZN6draxul3App16wire_gui_actionsEvENK3$_6clEv
FN:532,app.cpp:_ZZN6draxul3App16wire_gui_actionsEvENK3$_7clEv
FN:543,app.cpp:_ZZN6draxul3App16wire_gui_actionsEvENK3$_8clEv
FN:544,app.cpp:_ZZN6draxul3App16wire_gui_actionsEvENK3$_9clEv
FN:549,app.cpp:_ZZN6draxul3App16wire_gui_actionsEvENK4$_10clEv
FN:561,app.cpp:_ZZN6draxul3App16wire_gui_actionsEvENK4$_11clEv
FN:573,app.cpp:_ZZN6draxul3App16wire_gui_actionsEvENK4$_12clEv
FN:587,app.cpp:_ZZN6draxul3App16wire_gui_actionsEvENK4$_13clEv
FN:580,app.cpp:_ZZN6draxul3App16wire_gui_actionsEvENK4$_17clENS_14FocusDirectionE
FN:588,app.cpp:_ZZN6draxul3App16wire_gui_actionsEvENK4$_14clEv
FN:589,app.cpp:_ZZN6draxul3App16wire_gui_actionsEvENK4$_15clEv
FN:590,app.cpp:_ZZN6draxul3App16wire_gui_actionsEvENK4$_16clEv
FN:602,app.cpp:_ZZN6draxul3App21wire_window_callbacksEvENK3$_0clEv
FN:611,app.cpp:_ZZN6draxul3App21wire_window_callbacksEvENK3$_1clEv
FN:612,app.cpp:_ZZN6draxul3App21wire_window_callbacksEvENK3$_2clEii
FN:613,app.cpp:_ZZN6draxul3App21wire_window_callbacksEvENK3$_3clEf
FN:854,app.cpp:_ZZN6draxul3App16close_dead_panesEvENK3$_0clEiRKNS_5IHostE
FN:917,app.cpp:_ZZN6draxul3App12render_frameEvENK3$_0clEiRNS_5IHostE
FN:971,app.cpp:_ZZN6draxul3App9pump_onceENSt3__18optionalINS1_6chrono10time_pointINS3_12steady_clockENS3_8durationIxNS1_5ratioILl1ELl1000000000EEEEEEEEEENK3$_0clEiRNS_5IHostE
FN:1054,app.cpp:_ZZN6draxul3App12request_quitEvENK3$_0clEiRNS_5IHostE
FN:1083,app.cpp:_ZZN6draxul3App21dispatch_to_nvim_hostENSt3__117basic_string_viewIcNS1_11char_traitsIcEEEEENK3$_0clEiRNS_5IHostE
FN:1184,app.cpp:_ZZNK6draxul3App15wait_timeout_msENSt3__18optionalINS1_6chrono10time_pointINS3_12steady_clockENS3_8durationIxNS1_5ratioILl1ELl1000000000EEEEEEEEEENK3$_0clEiRKNS_5IHostE
FNDA:33,_ZN6draxul7AppDeps12from_optionsENS_10AppOptionsE
FNDA:0,_ZN6draxul3AppC2ENS_10AppOptionsE
FNDA:32,_ZN6draxul3AppC1ENS_10AppOptionsE
FNDA:34,_ZN6draxul3AppC2ENS_7AppDepsE
FNDA:34,_ZN6draxul3AppD2Ev
FNDA:34,_ZN6draxul3App10initializeEv
FNDA:19,_ZNK6draxul3App24make_text_service_configEv
FNDA:18,_ZN6draxul3App23initialize_text_serviceEv
FNDA:1,_ZN6draxul3App18apply_font_metricsEv
FNDA:1,_ZN6draxul3App13reload_configEv
FNDA:14,_ZN6draxul3App15initialize_hostEv
FNDA:7,_ZN6draxul3App16wire_gui_actionsEv
FNDA:7,_ZN6draxul3App21wire_window_callbacksEv
FNDA:0,_ZN6draxul3App3runEv
FNDA:3,_ZN6draxul3App14run_smoke_testENSt3__16chrono8durationIxNS1_5ratioILl1ELl1000EEEEE
FNDA:0,_ZN6draxul3App14run_screenshotENSt3__16chrono8durationIxNS1_5ratioILl1ELl1000EEEEE
FNDA:0,_ZN6draxul3App15run_render_testENSt3__16chrono8durationIxNS1_5ratioILl1ELl1000EEEEES6_
FNDA:5,_ZN6draxul3App16close_dead_panesEv
FNDA:2,_ZN6draxul3App20render_imgui_overlayERNS_13IFrameContextEf
FNDA:2,_ZN6draxul3App12render_frameEv
FNDA:3,_ZN6draxul3App9pump_onceENSt3__18optionalINS1_6chrono10time_pointINS3_12steady_clockENS3_8durationIxNS1_5ratioILl1ELl1000000000EEEEEEEEE
FNDA:0,_ZN6draxul3App9on_resizeEii
FNDA:0,_ZN6draxul3App24on_display_scale_changedEf
FNDA:37,_ZN6draxul3App13request_frameEv
FNDA:0,_ZN6draxul3App12request_quitEv
FNDA:37,_ZN6draxul3App11wake_windowEv
FNDA:0,_ZN6draxul3App16set_window_titleERKNSt3__112basic_stringIcNS1_11char_traitsIcEENS1_9allocatorIcEEEE
FNDA:4,_ZN6draxul3App19set_text_input_areaEiiii
FNDA:0,_ZN6draxul3App21dispatch_to_nvim_hostENSt3__117basic_string_viewIcNS1_11char_traitsIcEEEE
FNDA:2,_ZN6draxul3App24update_diagnostics_panelEv
FNDA:29,_ZN6draxul3App21refresh_window_layoutEv
FNDA:13,_ZNK6draxul3App24viewport_from_descriptorERKNS_14PaneDescriptorE
FNDA:0,_ZNK6draxul3App15wait_timeout_msENSt3__18optionalINS1_6chrono10time_pointINS3_12steady_clockENS3_8durationIxNS1_5ratioILl1ELl1000000000EEEEEEEEE
FNDA:46,_ZN6draxul3App8shutdownEv
FNDA:34,app.cpp:_ZZN6draxul3App10initializeEvENK3$_0clIZNS0_10initializeEvE3$_1EEDaPKcT_
FNDA:34,app.cpp:_ZZN6draxul3App10initializeEvENK3$_1clEv
FNDA:34,app.cpp:_ZZN6draxul3App10initializeEvEN12InitRollbackC2EPS0_
FNDA:34,app.cpp:_ZZN6draxul3App10initializeEvENK3$_0clIZNS0_10initializeEvE3$_2EEDaPKcT_
FNDA:34,app.cpp:_ZZN6draxul3App10initializeEvENK3$_2clEv
FNDA:25,app.cpp:_ZN6draxul12_GLOBAL__N_135normalize_render_target_window_sizeERNS_7IWindowERKNS_10AppOptionsE
FNDA:25,app.cpp:_ZZN6draxul3App10initializeEvENK3$_0clIZNS0_10initializeEvE3$_3EEDaPKcT_
FNDA:25,app.cpp:_ZZN6draxul3App10initializeEvENK3$_3clEv
FNDA:18,app.cpp:_ZZN6draxul3App10initializeEvENK3$_0clIZNS0_10initializeEvE3$_4EEDaPKcT_
FNDA:18,app.cpp:_ZZN6draxul3App10initializeEvENK3$_4clEv
FNDA:14,app.cpp:_ZZN6draxul3App10initializeEvENK3$_0clIZNS0_10initializeEvE3$_5EEDaPKcT_
FNDA:14,app.cpp:_ZZN6draxul3App10initializeEvENK3$_5clEv
FNDA:14,app.cpp:_ZZN6draxul3App10initializeEvENK3$_0clIZNS0_10initializeEvE3$_6EEDaPKcT_
FNDA:14,app.cpp:_ZZN6draxul3App10initializeEvENK3$_6clEv
FNDA:34,app.cpp:_ZZN6draxul3App10initializeEvEN12InitRollbackD2Ev
FNDA:1,app.cpp:_ZN6draxul12_GLOBAL__N_127text_service_config_changedERKNS_9AppConfigES3_
FNDA:0,app.cpp:_ZN6draxul12_GLOBAL__N_127restore_text_service_configERNS_9AppConfigERKS1_
FNDA:1,app.cpp:_ZN6draxul12_GLOBAL__N_134host_reload_config_from_app_configERKNS_9AppConfigE
FNDA:0,app.cpp:_ZN6draxul12_GLOBAL__N_122render_test_phase_nameENS0_15RenderTestPhaseE
FNDA:1,app.cpp:_ZZN6draxul3App18apply_font_metricsEvENK3$_0clEiRNS_5IHostE
FNDA:1,app.cpp:_ZZN6draxul3App13reload_configEvENK3$_0clEiRNS_5IHostE
FNDA:13,app.cpp:_ZZN6draxul3App15initialize_hostEvENK3$_0clERKNS_14PaneDescriptorE
FNDA:0,app.cpp:_ZZN6draxul3App16wire_gui_actionsEvENK3$_0clEv
FNDA:0,app.cpp:_ZZN6draxul3App16wire_gui_actionsEvENK3$_1clEv
FNDA:0,app.cpp:_ZZN6draxul3App16wire_gui_actionsEvENK3$_2clEv
FNDA:0,app.cpp:_ZZN6draxul3App16wire_gui_actionsEvENK3$_3clENSt3__18optionalINS_8HostKindEEE
FNDA:0,app.cpp:_ZZN6draxul3App16wire_gui_actionsEvENK3$_4clENSt3__18optionalINS_8HostKindEEE
FNDA:0,app.cpp:_ZZN6draxul3App16wire_gui_actionsEvENK3$_5clEv
FNDA:0,app.cpp:_ZZN6draxul3App16wire_gui_actionsEvENK3$_6clEv
FNDA:0,app.cpp:_ZZN6draxul3App16wire_gui_actionsEvENK3$_7clEv
FNDA:1,app.cpp:_ZZN6draxul3App16wire_gui_actionsEvENK3$_8clEv
FNDA:0,app.cpp:_ZZN6draxul3App16wire_gui_actionsEvENK3$_9clEv
FNDA:0,app.cpp:_ZZN6draxul3App16wire_gui_actionsEvENK4$_10clEv
FNDA:0,app.cpp:_ZZN6draxul3App16wire_gui_actionsEvENK4$_11clEv
FNDA:0,app.cpp:_ZZN6draxul3App16wire_gui_actionsEvENK4$_12clEv
FNDA:0,app.cpp:_ZZN6draxul3App16wire_gui_actionsEvENK4$_13clEv
FNDA:0,app.cpp:_ZZN6draxul3App16wire_gui_actionsEvENK4$_17clENS_14FocusDirectionE
FNDA:0,app.cpp:_ZZN6draxul3App16wire_gui_actionsEvENK4$_14clEv
FNDA:0,app.cpp:_ZZN6draxul3App16wire_gui_actionsEvENK4$_15clEv
FNDA:0,app.cpp:_ZZN6draxul3App16wire_gui_actionsEvENK4$_16clEv
FNDA:1,app.cpp:_ZZN6draxul3App21wire_window_callbacksEvENK3$_0clEv
FNDA:0,app.cpp:_ZZN6draxul3App21wire_window_callbacksEvENK3$_1clEv
FNDA:0,app.cpp:_ZZN6draxul3App21wire_window_callbacksEvENK3$_2clEii
FNDA:0,app.cpp:_ZZN6draxul3App21wire_window_callbacksEvENK3$_3clEf
FNDA:5,app.cpp:_ZZN6draxul3App16close_dead_panesEvENK3$_0clEiRKNS_5IHostE
FNDA:2,app.cpp:_ZZN6draxul3App12render_frameEvENK3$_0clEiRNS_5IHostE
FNDA:2,app.cpp:_ZZN6draxul3App9pump_onceENSt3__18optionalINS1_6chrono10time_pointINS3_12steady_clockENS3_8durationIxNS1_5ratioILl1ELl1000000000EEEEEEEEEENK3$_0clEiRNS_5IHostE
FNDA:0,app.cpp:_ZZN6draxul3App12request_quitEvENK3$_0clEiRNS_5IHostE
FNDA:0,app.cpp:_ZZN6draxul3App21dispatch_to_nvim_hostENSt3__117basic_string_viewIcNS1_11char_traitsIcEEEEENK3$_0clEiRNS_5IHostE
FNDA:0,app.cpp:_ZZNK6draxul3App15wait_timeout_msENSt3__18optionalINS1_6chrono10time_pointINS3_12steady_clockENS3_8durationIxNS1_5ratioILl1ELl1000000000EEEEEEEEEENK3$_0clEiRKNS_5IHostE
FNF:78
FNH:44
DA:41,0
DA:42,0
DA:43,0
DA:44,0
DA:45,0
DA:46,0
DA:47,0
DA:48,0
DA:49,0
DA:50,0
DA:51,0
DA:52,0
DA:53,0
DA:54,0
DA:55,0
DA:56,0
DA:75,25
DA:76,25
DA:77,25
DA:78,0
DA:79,0
DA:80,0
DA:83,1
DA:84,1
DA:85,1
DA:86,1
DA:87,1
DA:88,1
DA:89,1
DA:90,1
DA:91,1
DA:94,0
DA:95,0
DA:96,0
DA:97,0
DA:98,0
DA:99,0
DA:100,0
DA:101,0
DA:102,0
DA:105,1
DA:106,1
DA:107,1
DA:108,1
DA:109,1
DA:110,1
DA:111,1
DA:112,1
DA:113,1
DA:114,1
DA:115,1
DA:116,1
DA:117,1
DA:118,1
DA:119,1
DA:124,33
DA:125,33
DA:126,33
DA:127,33
DA:128,33
DA:129,33
DA:130,33
DA:131,33
DA:134,32
DA:135,32
DA:136,32
DA:139,34
DA:140,34
DA:141,34
DA:142,34
DA:143,34
DA:146,34
DA:147,34
DA:148,34
DA:150,34
DA:153,34
DA:154,34
DA:155,34
DA:156,34
DA:158,34
DA:159,34
DA:161,139
DA:162,139
DA:163,139
DA:164,139
DA:165,139
DA:166,139
DA:167,139
DA:169,34
DA:170,34
DA:171,1
DA:172,1
DA:173,1
DA:174,1
DA:175,33
DA:176,33
DA:177,33
DA:178,33
DA:179,33
DA:180,34
DA:181,34
DA:182,34
DA:184,34
DA:185,34
DA:186,34
DA:187,34
DA:188,34
DA:189,34
DA:190,34
DA:191,34
DA:192,34
DA:193,34
DA:194,34
DA:195,34
DA:196,34
DA:197,34
DA:198,34
DA:199,27
DA:200,27
DA:201,27
DA:202,27
DA:203,27
DA:204,27
DA:205,27
DA:207,0
DA:208,27
DA:209,34
DA:210,34
DA:211,34
DA:213,34
DA:214,0
DA:216,34
DA:217,34
DA:218,34
DA:219,34
DA:220,34
DA:221,0
DA:222,0
DA:223,0
DA:224,0
DA:225,0
DA:226,0
DA:227,0
DA:228,0
DA:229,0
DA:230,0
DA:231,0
DA:232,0
DA:233,0
DA:234,0
DA:235,34
DA:236,9
DA:237,9
DA:238,9
DA:239,9
DA:240,25
DA:241,25
DA:242,34
DA:243,9
DA:245,25
DA:246,25
DA:247,25
DA:248,25
DA:249,25
DA:250,25
DA:251,25
DA:252,25
DA:253,7
DA:254,7
DA:255,7
DA:256,7
DA:257,18
DA:258,0
DA:259,18
DA:260,25
DA:261,7
DA:263,18
DA:264,4
DA:266,14
DA:267,14
DA:268,14
DA:269,14
DA:270,14
DA:271,14
DA:272,14
DA:273,0
DA:274,0
DA:275,0
DA:276,0
DA:277,14
DA:278,14
DA:279,14
DA:280,14
DA:281,14
DA:282,14
DA:283,14
DA:284,14
DA:285,14
DA:286,0
DA:287,0
DA:288,0
DA:289,0
DA:290,14
DA:291,14
DA:292,0
DA:294,14
DA:295,7
DA:297,7
DA:298,7
DA:300,7
DA:302,7
DA:305,7
DA:306,7
DA:307,7
DA:308,7
DA:309,7
DA:310,7
DA:312,7
DA:313,7
DA:314,7
DA:315,7
DA:316,7
DA:317,7
DA:318,7
DA:319,7
DA:321,7
DA:322,7
DA:323,7
DA:325,7
DA:329,7
DA:331,7
DA:332,7
DA:335,7
DA:336,7
DA:337,7
DA:338,7
DA:339,14
DA:342,19
DA:343,19
DA:344,19
DA:345,19
DA:346,19
DA:347,19
DA:348,19
DA:349,19
DA:350,19
DA:351,19
DA:354,18
DA:355,18
DA:356,18
DA:358,18
DA:359,18
DA:360,4
DA:361,4
DA:362,4
DA:363,4
DA:364,4
DA:365,4
DA:367,14
DA:368,14
DA:369,14
DA:370,14
DA:371,14
DA:372,18
DA:375,1
DA:376,1
DA:377,1
DA:378,1
DA:379,1
DA:380,1
DA:381,1
DA:382,1
DA:383,1
DA:384,1
DA:385,1
DA:386,1
DA:387,1
DA:388,1
DA:389,1
DA:390,1
DA:391,1
DA:394,1
DA:395,1
DA:396,1
DA:397,0
DA:398,0
DA:399,0
DA:400,0
DA:401,0
DA:403,1
DA:404,1
DA:405,1
DA:406,1
DA:407,1
DA:409,1
DA:410,1
DA:411,1
DA:413,1
DA:414,1
DA:415,1
DA:416,1
DA:417,1
DA:418,1
DA:419,1
DA:420,1
DA:421,1
DA:422,0
DA:423,0
DA:424,0
DA:425,0
DA:426,0
DA:427,0
DA:428,0
DA:429,0
DA:430,0
DA:431,0
DA:432,0
DA:433,0
DA:434,0
DA:435,0
DA:436,0
DA:437,0
DA:438,0
DA:439,0
DA:440,0
DA:441,1
DA:443,1
DA:444,1
DA:446,1
DA:447,1
DA:448,1
DA:449,1
DA:451,1
DA:452,1
DA:453,1
DA:454,1
DA:457,14
DA:458,14
DA:459,14
DA:460,14
DA:461,14
DA:462,14
DA:463,14
DA:464,14
DA:465,14
DA:466,14
DA:467,14
DA:468,14
DA:469,14
DA:470,14
DA:471,13
DA:472,13
DA:473,14
DA:475,14
DA:476,7
DA:477,7
DA:478,7
DA:479,7
DA:481,7
DA:482,7
DA:483,7
DA:484,7
DA:485,7
DA:487,7
DA:488,7
DA:489,14
DA:492,7
DA:493,7
DA:494,7
DA:495,7
DA:496,7
DA:497,7
DA:498,7
DA:499,7
DA:500,7
DA:501,7
DA:502,7
DA:503,0
DA:504,0
DA:505,0
DA:506,0
DA:507,0
DA:508,0
DA:509,0
DA:510,0
DA:511,0
DA:512,7
DA:513,0
DA:514,0
DA:515,0
DA:516,0
DA:517,0
DA:518,0
DA:519,0
DA:520,0
DA:521,0
DA:522,7
DA:523,0
DA:524,0
DA:525,0
DA:526,0
DA:527,0
DA:528,7
DA:529,0
DA:530,0
DA:531,0
DA:532,7
DA:533,0
DA:534,0
DA:535,0
DA:536,0
DA:537,0
DA:538,0
DA:539,0
DA:540,0
DA:541,0
DA:542,0
DA:543,7
DA:544,7
DA:545,0
DA:546,0
DA:547,0
DA:548,0
DA:549,7
DA:550,0
DA:551,0
DA:553,0
DA:554,0
DA:555,0
DA:556,0
DA:557,0
DA:558,0
DA:559,0
DA:560,0
DA:561,7
DA:562,0
DA:563,0
DA:564,0
DA:565,0
DA:566,0
DA:567,0
DA:568,0
DA:569,0
DA:570,0
DA:571,0
DA:572,0
DA:573,7
DA:574,0
DA:575,0
DA:576,0
DA:577,0
DA:578,0
DA:579,0
DA:580,7
DA:581,0
DA:582,0
DA:583,0
DA:584,0
DA:585,0
DA:586,0
DA:587,7
DA:588,7
DA:589,7
DA:590,7
DA:591,7
DA:594,7
DA:597,7
DA:598,7
DA:599,7
DA:600,7
DA:601,7
DA:602,7
DA:603,1
DA:604,1
DA:605,7
DA:606,7
DA:607,7
DA:608,7
DA:609,7
DA:610,7
DA:611,7
DA:612,7
DA:613,7
DA:614,7
DA:615,7
DA:616,7
DA:619,0
DA:620,0
DA:621,0
DA:622,0
DA:625,3
DA:626,3
DA:627,3
DA:628,3
DA:629,4
DA:630,3
DA:631,3
DA:632,3
DA:633,2
DA:634,3
DA:635,1
DA:636,3
DA:639,0
DA:640,0
DA:641,0
DA:642,0
DA:644,0
DA:645,0
DA:646,0
DA:647,0
DA:649,0
DA:650,0
DA:652,0
DA:654,0
DA:655,0
DA:656,0
DA:658,0
DA:659,0
DA:661,0
DA:662,0
DA:663,0
DA:664,0
DA:665,0
DA:666,0
DA:667,0
DA:668,0
DA:669,0
DA:672,0
DA:673,0
DA:674,0
DA:675,0
DA:677,0
DA:678,0
DA:679,0
DA:680,0
DA:681,0
DA:687,0
DA:689,0
DA:695,0
DA:696,0
DA:699,0
DA:700,0
DA:701,0
DA:702,0
DA:703,0
DA:704,0
DA:705,0
DA:707,0
DA:711,0
DA:712,0
DA:714,0
DA:715,0
DA:717,0
DA:718,0
DA:719,0
DA:720,0
DA:722,0
DA:723,0
DA:724,0
DA:725,0
DA:726,0
DA:727,0
DA:728,0
DA:729,0
DA:730,0
DA:731,0
DA:732,0
DA:734,0
DA:735,0
DA:736,0
DA:737,0
DA:739,0
DA:740,0
DA:741,0
DA:742,0
DA:743,0
DA:744,0
DA:745,0
DA:747,0
DA:748,0
DA:749,0
DA:750,0
DA:751,0
DA:752,0
DA:753,0
DA:754,0
DA:755,0
DA:756,0
DA:757,0
DA:758,0
DA:761,0
DA:762,0
DA:763,0
DA:764,0
DA:765,0
DA:766,0
DA:767,0
DA:769,0
DA:770,0
DA:774,0
DA:775,0
DA:776,0
DA:777,0
DA:779,0
DA:780,0
DA:781,0
DA:782,0
DA:783,0
DA:784,0
DA:786,0
DA:787,0
DA:790,0
DA:791,0
DA:793,0
DA:794,0
DA:795,0
DA:796,0
DA:797,0
DA:799,0
DA:800,0
DA:801,0
DA:802,0
DA:803,0
DA:804,0
DA:805,0
DA:806,0
DA:807,0
DA:808,0
DA:809,0
DA:810,0
DA:812,0
DA:814,0
DA:815,0
DA:816,0
DA:819,0
DA:820,0
DA:821,0
DA:822,0
DA:823,0
DA:824,0
DA:825,0
DA:826,0
DA:827,0
DA:828,0
DA:829,0
DA:830,0
DA:831,0
DA:832,0
DA:833,0
DA:834,0
DA:835,0
DA:836,0
DA:837,0
DA:838,0
DA:839,0
DA:840,0
DA:841,0
DA:842,0
DA:843,0
DA:844,0
DA:845,0
DA:846,0
DA:847,0
DA:848,0
DA:851,5
DA:852,5
DA:853,5
DA:854,5
DA:855,5
DA:856,1
DA:857,5
DA:858,5
DA:859,1
DA:862,1
DA:863,1
DA:864,5
DA:865,1
DA:866,1
DA:867,1
DA:868,1
DA:869,1
DA:870,1
DA:871,0
DA:872,0
DA:873,4
DA:874,5
DA:877,2
DA:878,2
DA:881,2
DA:882,2
DA:883,2
DA:884,2
DA:885,2
DA:887,2
DA:888,2
DA:889,2
DA:890,2
DA:891,2
DA:892,2
DA:895,2
DA:896,2
DA:900,2
DA:902,2
DA:904,2
DA:905,2
DA:906,2
DA:907,2
DA:909,2
DA:910,2
DA:911,2
DA:912,0
DA:913,0
DA:914,0
DA:915,0
DA:917,2
DA:918,2
DA:919,0
DA:921,2
DA:922,0
DA:923,2
DA:924,2
DA:925,2
DA:926,2
DA:928,2
DA:929,2
DA:930,2
DA:931,2
DA:932,2
DA:933,2
DA:934,2
DA:937,3
DA:938,3
DA:939,3
DA:940,3
DA:941,3
DA:942,0
DA:943,0
DA:944,0
DA:945,0
DA:947,3
DA:948,0
DA:949,0
DA:950,0
DA:951,0
DA:955,3
DA:956,3
DA:957,3
DA:958,0
DA:959,3
DA:961,3
DA:963,3
DA:964,1
DA:965,1
DA:966,1
DA:967,1
DA:968,2
DA:971,2
DA:972,2
DA:973,2
DA:974,2
DA:977,2
DA:978,0
DA:979,0
DA:980,0
DA:981,0
DA:982,2
DA:984,2
DA:985,2
DA:986,2
DA:987,2
DA:988,2
DA:990,0
DA:992,0
DA:993,0
DA:995,0
DA:996,0
DA:997,0
DA:998,0
DA:999,0
DA:1000,0
DA:1001,0
DA:1003,0
DA:1004,3
DA:1007,0
DA:1008,0
DA:1009,0
DA:1010,0
DA:1011,0
DA:1012,0
DA:1013,0
DA:1014,0
DA:1015,0
DA:1016,0
DA:1017,0
DA:1018,0
DA:1019,0
DA:1020,0
DA:1021,0
DA:1022,0
DA:1023,0
DA:1026,0
DA:1027,0
DA:1028,0
DA:1029,0
DA:1031,0
DA:1033,0
DA:1034,0
DA:1035,0
DA:1038,0
DA:1039,0
DA:1040,0
DA:1043,0
DA:1044,0
DA:1047,37
DA:1048,37
DA:1049,37
DA:1050,37
DA:1053,0
DA:1054,0
DA:1055,0
DA:1056,0
DA:1057,0
DA:1058,0
DA:1061,37
DA:1062,37
DA:1063,37
DA:1064,37
DA:1067,0
DA:1068,0
DA:1069,0
DA:1070,0
DA:1073,4
DA:1074,4
DA:1075,4
DA:1076,4
DA:1079,0
DA:1081,0
DA:1082,0
DA:1083,0
DA:1084,0
DA:1085,0
DA:1086,0
DA:1087,0
DA:1088,0
DA:1089,0
DA:1091,0
DA:1092,0
DA:1093,0
DA:1094,0
DA:1095,0
DA:1096,0
DA:1097,0
DA:1100,0
DA:1101,0
DA:1102,0
DA:1104,0
DA:1105,0
DA:1107,0
DA:1108,0
DA:1109,0
DA:1111,0
DA:1112,0
DA:1115,2
DA:1116,2
DA:1117,2
DA:1119,2
DA:1120,2
DA:1121,2
DA:1122,2
DA:1123,2
DA:1124,2
DA:1125,2
DA:1126,2
DA:1127,2
DA:1128,2
DA:1129,2
DA:1131,2
DA:1132,2
DA:1133,2
DA:1134,2
DA:1135,2
DA:1136,2
DA:1138,2
DA:1139,2
DA:1140,2
DA:1143,29
DA:1144,29
DA:1145,29
DA:1146,29
DA:1147,29
DA:1148,29
DA:1149,29
DA:1150,15
DA:1151,29
DA:1154,13
DA:1155,13
DA:1156,13
DA:1157,13
DA:1158,13
DA:1160,13
DA:1161,13
DA:1162,13
DA:1163,13
DA:1164,13
DA:1166,13
DA:1167,13
DA:1168,13
DA:1169,13
DA:1170,13
DA:1171,13
DA:1174,0
DA:1175,0
DA:1180,0
DA:1182,0
DA:1183,0
DA:1184,0
DA:1185,0
DA:1186,0
DA:1187,0
DA:1188,0
DA:1189,0
DA:1190,0
DA:1191,0
DA:1192,0
DA:1194,0
DA:1195,0
DA:1197,0
DA:1198,0
DA:1199,0
DA:1201,0
DA:1202,0
DA:1203,0
DA:1204,0
DA:1205,0
DA:1208,46
DA:1209,46
DA:1210,46
DA:1211,46
DA:1212,46
DA:1214,46
DA:1215,46
DA:1217,46
DA:1218,0
DA:1219,0
DA:1220,0
DA:1221,0
DA:1222,0
DA:1223,0
DA:1224,0
DA:1225,0
DA:1226,0
DA:1227,0
DA:1228,0
DA:1229,0
DA:1230,0
DA:1231,0
DA:1232,0
DA:1233,0
DA:1234,0
DA:1235,0
DA:1236,0
DA:1237,0
DA:1239,46
DA:1240,46
DA:1241,14
DA:1242,14
DA:1243,14
DA:1244,14
DA:1245,46
DA:1246,24
DA:1247,46
DA:1248,31
DA:1249,46
BRDA:42,0,0,-
BRDA:42,0,1,-
BRDA:44,0,0,-
BRDA:44,0,1,-
BRDA:46,0,0,-
BRDA:46,0,1,-
BRDA:48,0,0,-
BRDA:48,0,1,-
BRDA:50,0,0,-
BRDA:50,0,1,-
BRDA:52,0,0,-
BRDA:52,0,1,-
BRDA:76,0,0,25
BRDA:76,0,1,0
BRDA:76,1,2,-
BRDA:76,1,3,-
BRDA:84,0,0,1
BRDA:84,0,1,0
BRDA:85,0,0,-
BRDA:85,0,1,-
BRDA:86,0,0,-
BRDA:86,0,1,-
BRDA:87,0,0,-
BRDA:87,0,1,-
BRDA:88,0,0,-
BRDA:88,0,1,-
BRDA:89,0,0,-
BRDA:89,0,1,-
BRDA:90,0,0,-
BRDA:90,0,1,-
BRDA:108,0,0,1
BRDA:108,0,1,0
BRDA:111,0,0,1
BRDA:111,0,1,0
BRDA:170,0,0,1
BRDA:170,0,1,33
BRDA:198,0,0,27
BRDA:198,0,1,7
BRDA:213,0,0,0
BRDA:213,0,1,34
BRDA:216,0,0,9
BRDA:216,0,1,25
BRDA:217,0,0,34
BRDA:217,0,1,0
BRDA:226,0,0,-
BRDA:226,0,1,-
BRDA:226,1,2,-
BRDA:226,1,3,-
BRDA:228,0,0,-
BRDA:228,0,1,-
BRDA:235,0,0,9
BRDA:235,0,1,25
BRDA:245,0,0,7
BRDA:245,0,1,18
BRDA:247,0,0,25
BRDA:247,0,1,0
BRDA:248,0,0,1
BRDA:248,0,1,24
BRDA:248,1,2,1
BRDA:248,1,3,0
BRDA:249,0,0,25
BRDA:249,0,1,0
BRDA:252,0,0,7
BRDA:252,0,1,18
BRDA:252,1,2,0
BRDA:252,1,3,18
BRDA:257,0,0,0
BRDA:257,0,1,18
BRDA:257,1,2,-
BRDA:257,1,3,-
BRDA:263,0,0,4
BRDA:263,0,1,14
BRDA:266,0,0,0
BRDA:266,0,1,14
BRDA:272,0,0,0
BRDA:272,0,1,14
BRDA:272,1,2,0
BRDA:272,1,3,14
BRDA:283,0,0,14
BRDA:283,0,1,0
BRDA:285,0,0,0
BRDA:285,0,1,14
BRDA:285,1,2,0
BRDA:285,1,3,14
BRDA:294,0,0,7
BRDA:294,0,1,7
BRDA:297,0,0,7
BRDA:297,0,1,0
BRDA:359,0,0,4
BRDA:359,0,1,14
BRDA:361,0,0,0
BRDA:361,0,1,4
BRDA:396,0,0,0
BRDA:396,0,1,1
BRDA:410,0,0,1
BRDA:410,0,1,0
BRDA:411,0,0,-
BRDA:411,0,1,-
BRDA:413,0,0,1
BRDA:413,0,1,0
BRDA:416,0,0,1
BRDA:416,0,1,0
BRDA:418,0,0,1
BRDA:418,0,1,0
BRDA:429,0,0,-
BRDA:429,0,1,-
BRDA:436,0,0,-
BRDA:436,0,1,-
BRDA:443,0,0,1
BRDA:443,0,1,0
BRDA:475,0,0,7
BRDA:475,0,1,7
BRDA:496,0,0,7
BRDA:496,0,1,0
BRDA:503,0,0,-
BRDA:503,0,1,-
BRDA:506,0,0,-
BRDA:506,0,1,-
BRDA:513,0,0,-
BRDA:513,0,1,-
BRDA:516,0,0,-
BRDA:516,0,1,-
BRDA:529,0,0,-
BRDA:529,0,1,-
BRDA:537,0,0,-
BRDA:537,0,1,-
BRDA:550,0,0,-
BRDA:550,0,1,-
BRDA:563,0,0,-
BRDA:563,0,1,-
BRDA:574,0,0,-
BRDA:574,0,1,-
BRDA:581,0,0,-
BRDA:581,0,1,-
BRDA:603,0,0,1
BRDA:603,0,1,0
BRDA:603,1,2,0
BRDA:603,1,3,1
BRDA:605,0,0,7
BRDA:605,0,1,0
BRDA:620,0,0,-
BRDA:620,0,1,-
BRDA:629,0,0,3
BRDA:629,0,1,1
BRDA:629,1,2,3
BRDA:629,1,3,1
BRDA:629,2,4,3
BRDA:629,2,5,0
BRDA:632,0,0,3
BRDA:632,0,1,0
BRDA:632,1,2,2
BRDA:632,1,3,1
BRDA:632,2,4,3
BRDA:632,2,5,0
BRDA:632,3,6,2
BRDA:632,3,7,1
BRDA:641,0,0,-
BRDA:641,0,1,-
BRDA:649,0,0,-
BRDA:649,0,1,-
BRDA:649,1,2,-
BRDA:649,1,3,-
BRDA:649,2,4,-
BRDA:649,2,5,-
BRDA:658,0,0,-
BRDA:658,0,1,-
BRDA:661,0,0,-
BRDA:661,0,1,-
BRDA:661,1,2,-
BRDA:661,1,3,-
BRDA:661,2,4,-
BRDA:661,2,5,-
BRDA:677,0,0,-
BRDA:677,0,1,-
BRDA:695,0,0,-
BRDA:695,0,1,-
BRDA:695,1,2,-
BRDA:695,1,3,-
BRDA:695,2,4,-
BRDA:695,2,5,-
BRDA:700,0,0,-
BRDA:700,0,1,-
BRDA:701,0,0,-
BRDA:701,0,1,-
BRDA:702,0,0,-
BRDA:702,0,1,-
BRDA:711,0,0,-
BRDA:711,0,1,-
BRDA:714,0,0,-
BRDA:714,0,1,-
BRDA:719,0,0,-
BRDA:719,0,1,-
BRDA:719,1,2,-
BRDA:719,1,3,-
BRDA:720,0,0,-
BRDA:720,0,1,-
BRDA:720,1,2,-
BRDA:720,1,3,-
BRDA:722,0,0,-
BRDA:722,0,1,-
BRDA:724,0,0,-
BRDA:724,0,1,-
BRDA:726,0,0,-
BRDA:726,0,1,-
BRDA:734,0,0,-
BRDA:734,0,1,-
BRDA:736,0,0,-
BRDA:736,0,1,-
BRDA:742,0,0,-
BRDA:742,0,1,-
BRDA:744,0,0,-
BRDA:744,0,1,-
BRDA:761,0,0,-
BRDA:761,0,1,-
BRDA:769,0,0,-
BRDA:769,0,1,-
BRDA:774,0,0,-
BRDA:774,0,1,-
BRDA:774,1,2,-
BRDA:774,1,3,-
BRDA:775,0,0,-
BRDA:775,0,1,-
BRDA:776,0,0,-
BRDA:776,0,1,-
BRDA:776,1,2,-
BRDA:776,1,3,-
BRDA:776,2,4,-
BRDA:776,2,5,-
BRDA:786,0,0,-
BRDA:786,0,1,-
BRDA:790,0,0,-
BRDA:790,0,1,-
BRDA:796,0,0,-
BRDA:796,0,1,-
BRDA:803,0,0,-
BRDA:803,0,1,-
BRDA:812,0,0,-
BRDA:812,0,1,-
BRDA:819,0,0,-
BRDA:819,0,1,-
BRDA:822,0,0,-
BRDA:822,0,1,-
BRDA:823,0,0,-
BRDA:823,0,1,-
BRDA:823,1,2,-
BRDA:823,1,3,-
BRDA:824,0,0,-
BRDA:824,0,1,-
BRDA:825,0,0,-
BRDA:825,0,1,-
BRDA:833,0,0,-
BRDA:833,0,1,-
BRDA:834,0,0,-
BRDA:834,0,1,-
BRDA:835,0,0,-
BRDA:835,0,1,-
BRDA:836,0,0,-
BRDA:836,0,1,-
BRDA:838,0,0,-
BRDA:838,0,1,-
BRDA:839,0,0,-
BRDA:839,0,1,-
BRDA:855,0,0,1
BRDA:855,0,1,4
BRDA:858,0,0,1
BRDA:858,0,1,4
BRDA:864,0,0,1
BRDA:864,0,1,4
BRDA:866,0,0,1
BRDA:866,0,1,0
BRDA:881,0,0,2
BRDA:881,0,1,0
BRDA:887,0,0,2
BRDA:887,0,1,0
BRDA:905,0,0,2
BRDA:905,0,1,0
BRDA:911,0,0,0
BRDA:911,0,1,2
BRDA:918,0,0,0
BRDA:918,0,1,2
BRDA:921,0,0,0
BRDA:921,0,1,2
BRDA:921,1,2,-
BRDA:921,1,3,-
BRDA:939,0,0,3
BRDA:939,0,1,0
BRDA:941,0,0,0
BRDA:941,0,1,3
BRDA:947,0,0,0
BRDA:947,0,1,3
BRDA:957,0,0,0
BRDA:957,0,1,3
BRDA:957,1,2,0
BRDA:957,1,3,3
BRDA:963,0,0,1
BRDA:963,0,1,2
BRDA:972,0,0,2
BRDA:972,0,1,0
BRDA:977,0,0,0
BRDA:977,0,1,2
BRDA:984,0,0,2
BRDA:984,0,1,0
BRDA:992,0,0,-
BRDA:992,0,1,-
BRDA:992,1,2,-
BRDA:992,1,3,-
BRDA:992,2,4,-
BRDA:992,2,5,-
BRDA:995,0,0,-
BRDA:995,0,1,-
BRDA:1009,0,0,-
BRDA:1009,0,1,-
BRDA:1009,1,2,-
BRDA:1009,1,3,-
BRDA:1016,0,0,-
BRDA:1016,0,1,-
BRDA:1028,0,0,-
BRDA:1028,0,1,-
BRDA:1034,0,0,-
BRDA:1034,0,1,-
BRDA:1038,0,0,-
BRDA:1038,0,1,-
BRDA:1062,0,0,37
BRDA:1062,0,1,0
BRDA:1068,0,0,-
BRDA:1068,0,1,-
BRDA:1074,0,0,4
BRDA:1074,0,1,0
BRDA:1084,0,0,-
BRDA:1084,0,1,-
BRDA:1084,1,2,-
BRDA:1084,1,3,-
BRDA:1084,2,4,-
BRDA:1084,2,5,-
BRDA:1091,0,0,-
BRDA:1091,0,1,-
BRDA:1101,0,0,-
BRDA:1101,0,1,-
BRDA:1108,0,0,-
BRDA:1108,0,1,-
BRDA:1120,0,0,2
BRDA:1120,0,1,0
BRDA:1120,1,2,1
BRDA:1120,1,3,1
BRDA:1131,0,0,2
BRDA:1131,0,1,0
BRDA:1138,0,0,2
BRDA:1138,0,1,0
BRDA:1149,0,0,15
BRDA:1149,0,1,14
BRDA:1168,0,0,13
BRDA:1168,0,1,0
BRDA:1169,0,0,13
BRDA:1169,0,1,0
BRDA:1185,0,0,-
BRDA:1185,0,1,-
BRDA:1188,0,0,-
BRDA:1188,0,1,-
BRDA:1188,1,2,-
BRDA:1188,1,3,-
BRDA:1188,2,4,-
BRDA:1188,2,5,-
BRDA:1191,0,0,-
BRDA:1191,0,1,-
BRDA:1191,1,2,-
BRDA:1191,1,3,-
BRDA:1191,2,4,-
BRDA:1191,2,5,-
BRDA:1194,0,0,-
BRDA:1194,0,1,-
BRDA:1195,0,0,-
BRDA:1195,0,1,-
BRDA:1198,0,0,-
BRDA:1198,0,1,-
BRDA:1202,0,0,-
BRDA:1202,0,1,-
BRDA:1217,0,0,14
BRDA:1217,0,1,32
BRDA:1217,1,2,0
BRDA:1217,1,3,14
BRDA:1221,0,0,-
BRDA:1221,0,1,-
BRDA:1227,0,0,-
BRDA:1227,0,1,-
BRDA:1227,1,2,-
BRDA:1227,1,3,-
BRDA:1240,0,0,14
BRDA:1240,0,1,32
BRDA:1245,0,0,24
BRDA:1245,0,1,22
BRDA:1247,0,0,31
BRDA:1247,0,1,15
BRF:392
BRH:105
LF:1220
LH:723
end_of_record
SF:/Users/runner/work/Draxul/Draxul/app/app.h
FN:74,_ZNK6draxul3App10init_errorEv
FN:69,_ZNK6draxul3App22last_render_test_errorEv
FNDA:13,_ZNK6draxul3App10init_errorEv
FNDA:0,_ZNK6draxul3App22last_render_test_errorEv
FNF:2
FNH:1
DA:69,0
DA:70,0
DA:71,0
DA:74,13
DA:75,13
DA:76,13
BRF:0
BRH:0
LF:6
LH:3
end_of_record
SF:/Users/runner/work/Draxul/Draxul/app/command_palette.cpp
FN:14,_ZN6draxul14CommandPaletteC2Ev
FN:17,_ZN6draxul14CommandPaletteC2ENS0_4DepsE
FN:22,_ZN6draxul14CommandPalette4openEv
FN:43,_ZN6draxul14CommandPalette5closeEv
FN:54,_ZNK6draxul14CommandPalette7is_openEv
FN:59,_ZN6draxul14CommandPalette6on_keyERKNS_8KeyEventE
FN:124,_ZN6draxul14CommandPalette13on_text_inputERKNS_14TextInputEventE
FN:136,_ZNK6draxul14CommandPalette11split_queryEv
FN:145,_ZN6draxul14CommandPalette8refilterEv
FN:178,_ZN6draxul14CommandPalette16execute_selectedEv
FN:194,_ZN6draxul14CommandPalette14move_selectionEi
FN:203,_ZNK6draxul14CommandPalette19shortcut_for_actionENSt3__117basic_string_viewIcNS1_11char_traitsIcEEEE
FN:222,_ZN6draxul14CommandPalette10view_stateEiif
FN:165,command_palette.cpp:_ZZN6draxul14CommandPalette8refilterEvENK3$_0clERKNS0_13FilteredEntryES4_
FNDA:12,_ZN6draxul14CommandPaletteC2Ev
FNDA:8,_ZN6draxul14CommandPaletteC2ENS0_4DepsE
FNDA:4,_ZN6draxul14CommandPalette4openEv
FNDA:3,_ZN6draxul14CommandPalette5closeEv
FNDA:9,_ZNK6draxul14CommandPalette7is_openEv
FNDA:3,_ZN6draxul14CommandPalette6on_keyERKNS_8KeyEventE
FNDA:0,_ZN6draxul14CommandPalette13on_text_inputERKNS_14TextInputEventE
FNDA:4,_ZNK6draxul14CommandPalette11split_queryEv
FNDA:4,_ZN6draxul14CommandPalette8refilterEv
FNDA:0,_ZN6draxul14CommandPalette16execute_selectedEv
FNDA:0,_ZN6draxul14CommandPalette14move_selectionEi
FNDA:80,_ZNK6draxul14CommandPalette19shortcut_for_actionENSt3__117basic_string_viewIcNS1_11char_traitsIcEEEE
FNDA:1,_ZN6draxul14CommandPalette10view_stateEiif
FNDA:0,command_palette.cpp:_ZZN6draxul14CommandPalette8refilterEvENK3$_0clERKNS0_13FilteredEntryES4_
FNF:14
FNH:10
DA:14,12
DA:17,8
DA:18,8
DA:19,8
DA:22,4
DA:23,4
DA:24,0
DA:25,4
DA:26,4
DA:27,4
DA:30,4
DA:31,4
DA:32,84
DA:33,84
DA:34,80
DA:35,84
DA:36,4
DA:38,4
DA:39,1
DA:40,4
DA:43,3
DA:44,3
DA:45,0
DA:46,3
DA:47,3
DA:48,1
DA:49,3
DA:50,1
DA:51,3
DA:54,9
DA:55,9
DA:56,9
DA:59,3
DA:60,3
DA:61,1
DA:63,2
DA:64,0
DA:66,2
DA:67,2
DA:69,2
DA:70,1
DA:71,1
DA:72,1
DA:73,1
DA:74,1
DA:75,0
DA:76,0
DA:77,0
DA:78,0
DA:79,1
DA:80,0
DA:81,0
DA:82,0
DA:83,0
DA:84,1
DA:85,0
DA:86,0
DA:87,0
DA:88,0
DA:89,1
DA:90,0
DA:91,0
DA:92,0
DA:93,0
DA:94,0
DA:95,0
DA:96,0
DA:97,0
DA:98,0
DA:99,0
DA:101,1
DA:102,0
DA:103,0
DA:104,0
DA:105,0
DA:106,0
DA:107,0
DA:108,0
DA:109,0
DA:110,0
DA:111,0
DA:113,1
DA:114,0
DA:115,0
DA:116,0
DA:117,0
DA:120,1
DA:121,1
DA:124,0
DA:125,0
DA:126,0
DA:128,0
DA:129,0
DA:130,0
DA:131,0
DA:132,0
DA:133,0
DA:136,4
DA:137,4
DA:138,4
DA:139,4
DA:140,0
DA:141,0
DA:142,4
DA:145,4
DA:146,4
DA:147,4
DA:149,4
DA:150,80
DA:151,80
DA:152,80
DA:153,80
DA:154,80
DA:155,0
DA:156,0
DA:157,0
DA:158,0
DA:159,0
DA:160,0
DA:161,80
DA:163,4
DA:164,0
DA:165,0
DA:166,0
DA:167,0
DA:168,0
DA:169,0
DA:170,0
DA:171,0
DA:172,0
DA:174,4
DA:175,4
DA:178,0
DA:179,0
DA:180,0
DA:181,0
DA:182,0
DA:183,0
DA:184,0
DA:185,0
DA:186,0
DA:187,0
DA:188,0
DA:189,0
DA:190,0
DA:191,0
DA:194,0
DA:195,0
DA:196,0
DA:197,0
DA:198,0
DA:199,0
DA:200,0
DA:203,80
DA:204,80
DA:205,80
DA:206,0
DA:207,0
DA:208,0
DA:209,0
DA:210,0
DA:211,0
DA:212,0
DA:213,0
DA:214,0
DA:215,0
DA:216,0
DA:217,0
DA:218,0
DA:219,0
DA:222,1
DA:224,1
DA:225,1
DA:226,1
DA:227,20
DA:228,20
DA:229,20
DA:230,20
DA:231,20
DA:232,20
DA:233,20
DA:235,1
DA:236,1
DA:237,1
DA:238,1
DA:239,1
DA:240,1
DA:241,1
DA:242,1
DA:243,1
BRDA:23,0,0,0
BRDA:23,0,1,4
BRDA:31,0,0,84
BRDA:31,0,1,4
BRDA:33,0,0,80
BRDA:33,0,1,4
BRDA:38,0,0,1
BRDA:38,0,1,3
BRDA:44,0,0,0
BRDA:44,0,1,3
BRDA:47,0,0,1
BRDA:47,0,1,2
BRDA:49,0,0,1
BRDA:49,0,1,2
BRDA:60,0,0,1
BRDA:60,0,1,2
BRDA:63,0,0,0
BRDA:63,0,1,2
BRDA:69,0,0,1
BRDA:69,0,1,1
BRDA:74,0,0,0
BRDA:74,0,1,1
BRDA:74,1,2,0
BRDA:74,1,3,1
BRDA:79,0,0,0
BRDA:79,0,1,1
BRDA:79,1,2,-
BRDA:79,1,3,-
BRDA:79,2,4,0
BRDA:79,2,5,1
BRDA:84,0,0,0
BRDA:84,0,1,1
BRDA:84,1,2,-
BRDA:84,1,3,-
BRDA:84,2,4,0
BRDA:84,2,5,1
BRDA:89,0,0,0
BRDA:89,0,1,1
BRDA:91,0,0,-
BRDA:91,0,1,-
BRDA:95,0,0,-
BRDA:95,0,1,-
BRDA:101,0,0,0
BRDA:101,0,1,1
BRDA:103,0,0,-
BRDA:103,0,1,-
BRDA:103,1,2,-
BRDA:103,1,3,-
BRDA:107,0,0,-
BRDA:107,0,1,-
BRDA:113,0,0,0
BRDA:113,0,1,1
BRDA:113,1,2,-
BRDA:113,1,3,-
BRDA:113,2,4,-
BRDA:113,2,5,-
BRDA:125,0,0,-
BRDA:125,0,1,-
BRDA:130,0,0,-
BRDA:130,0,1,-
BRDA:138,0,0,4
BRDA:138,0,1,0
BRDA:149,0,0,80
BRDA:149,0,1,4
BRDA:151,0,0,80
BRDA:151,0,1,0
BRDA:158,0,0,-
BRDA:158,0,1,-
BRDA:163,0,0,0
BRDA:163,0,1,4
BRDA:166,0,0,-
BRDA:166,0,1,-
BRDA:168,0,0,-
BRDA:168,0,1,-
BRDA:179,0,0,-
BRDA:179,0,1,-
BRDA:179,1,2,-
BRDA:179,1,3,-
BRDA:184,0,0,-
BRDA:184,0,1,-
BRDA:195,0,0,-
BRDA:195,0,1,-
BRDA:198,0,0,-
BRDA:198,0,1,-
BRDA:204,0,0,80
BRDA:204,0,1,0
BRDA:206,0,0,-
BRDA:206,0,1,-
BRDA:208,0,0,-
BRDA:208,0,1,-
BRDA:210,0,0,-
BRDA:210,0,1,-
BRDA:226,0,0,20
BRDA:226,0,1,1
BRF:94
BRH:34
LF:197
LH:90
end_of_record
SF:/Users/runner/work/Draxul/Draxul/app/command_palette_host.cpp
FN:14,_ZN6draxul18CommandPaletteHostC2ENS0_4DepsE
FN:19,_ZN6draxul18CommandPaletteHost10initializeERKNS_11HostContextERNS_14IHostCallbacksE
FN:50,_ZN6draxul18CommandPaletteHost8shutdownEv
FN:57,_ZNK6draxul18CommandPaletteHost10is_runningEv
FN:62,_ZNK6draxul18CommandPaletteHost10init_errorEv
FN:67,_ZN6draxul18CommandPaletteHost12set_viewportERKNS_12HostViewportE
FN:77,_ZN6draxul18CommandPaletteHost4pumpEv
FN:85,_ZN6draxul18CommandPaletteHost20refresh_open_paletteEv
FN:104,_ZN6draxul18CommandPaletteHost4drawERNS_13IFrameContextE
FN:110,_ZNK6draxul18CommandPaletteHost23palette_pane_descriptorEv
FN:118,_ZNK6draxul18CommandPaletteHost13next_deadlineEv
FN:123,_ZN6draxul18CommandPaletteHost6on_keyERKNS_8KeyEventE
FN:128,_ZN6draxul18CommandPaletteHost13on_text_inputERKNS_14TextInputEventE
FN:133,_ZN6draxul18CommandPaletteHost15dispatch_actionENSt3__117basic_string_viewIcNS1_11char_traitsIcEEEE
FN:155,_ZN6draxul18CommandPaletteHost13request_closeEv
FN:162,_ZNK6draxul18CommandPaletteHost18default_backgroundEv
FN:167,_ZNK6draxul18CommandPaletteHost13runtime_stateEv
FN:172,_ZNK6draxul18CommandPaletteHost11debug_stateEv
FN:177,_ZNK6draxul18CommandPaletteHost9is_activeEv
FN:182,_ZN6draxul18CommandPaletteHost20flush_atlas_if_dirtyEv
FN:37,command_palette_host.cpp:_ZZN6draxul18CommandPaletteHost10initializeERKNS_11HostContextERNS_14IHostCallbacksEENK3$_0clEv
FN:41,command_palette_host.cpp:_ZZN6draxul18CommandPaletteHost10initializeERKNS_11HostContextERNS_14IHostCallbacksEENK3$_1clEv
FNDA:8,_ZN6draxul18CommandPaletteHostC2ENS0_4DepsE
FNDA:8,_ZN6draxul18CommandPaletteHost10initializeERKNS_11HostContextERNS_14IHostCallbacksE
FNDA:1,_ZN6draxul18CommandPaletteHost8shutdownEv
FNDA:0,_ZNK6draxul18CommandPaletteHost10is_runningEv
FNDA:0,_ZNK6draxul18CommandPaletteHost10init_errorEv
FNDA:8,_ZN6draxul18CommandPaletteHost12set_viewportERKNS_12HostViewportE
FNDA:2,_ZN6draxul18CommandPaletteHost4pumpEv
FNDA:1,_ZN6draxul18CommandPaletteHost20refresh_open_paletteEv
FNDA:2,_ZN6draxul18CommandPaletteHost4drawERNS_13IFrameContextE
FNDA:1,_ZNK6draxul18CommandPaletteHost23palette_pane_descriptorEv
FNDA:0,_ZNK6draxul18CommandPaletteHost13next_deadlineEv
FNDA:0,_ZN6draxul18CommandPaletteHost6on_keyERKNS_8KeyEventE
FNDA:0,_ZN6draxul18CommandPaletteHost13on_text_inputERKNS_14TextInputEventE
FNDA:1,_ZN6draxul18CommandPaletteHost15dispatch_actionENSt3__117basic_string_viewIcNS1_11char_traitsIcEEEE
FNDA:0,_ZN6draxul18CommandPaletteHost13request_closeEv
FNDA:0,_ZNK6draxul18CommandPaletteHost18default_backgroundEv
FNDA:0,_ZNK6draxul18CommandPaletteHost13runtime_stateEv
FNDA:0,_ZNK6draxul18CommandPaletteHost11debug_stateEv
FNDA:2,_ZNK6draxul18CommandPaletteHost9is_activeEv
FNDA:1,_ZN6draxul18CommandPaletteHost20flush_atlas_if_dirtyEv
FNDA:2,command_palette_host.cpp:_ZZN6draxul18CommandPaletteHost10initializeERKNS_11HostContextERNS_14IHostCallbacksEENK3$_0clEv
FNDA:1,command_palette_host.cpp:_ZZN6draxul18CommandPaletteHost10initializeERKNS_11HostContextERNS_14IHostCallbacksEENK3$_1clEv
FNF:22
FNH:13
DA:14,8
DA:15,8
DA:16,8
DA:19,8
DA:20,8
DA:21,8
DA:22,8
DA:24,8
DA:25,0
DA:28,8
DA:34,8
DA:35,8
DA:36,8
DA:37,8
DA:38,2
DA:39,2
DA:40,2
DA:41,8
DA:42,1
DA:43,1
DA:44,8
DA:46,8
DA:47,8
DA:50,1
DA:51,1
DA:52,1
DA:53,0
DA:54,1
DA:57,0
DA:58,0
DA:59,0
DA:62,0
DA:63,0
DA:64,0
DA:67,8
DA:68,8
DA:69,8
DA:70,8
DA:71,8
DA:72,8
DA:73,0
DA:74,8
DA:77,2
DA:78,2
DA:79,2
DA:81,0
DA:82,0
DA:85,1
DA:86,1
DA:87,0
DA:89,1
DA:90,1
DA:91,1
DA:92,1
DA:93,1
DA:95,1
DA:96,1
DA:97,1
DA:98,1
DA:100,1
DA:101,1
DA:104,2
DA:105,2
DA:106,0
DA:107,2
DA:110,1
DA:111,1
DA:112,1
DA:113,1
DA:114,1
DA:115,1
DA:118,0
DA:119,0
DA:120,0
DA:123,0
DA:124,0
DA:125,0
DA:128,0
DA:129,0
DA:130,0
DA:133,1
DA:134,1
DA:135,1
DA:136,1
DA:137,0
DA:138,0
DA:139,0
DA:140,1
DA:141,1
DA:142,1
DA:143,1
DA:144,1
DA:145,1
DA:146,1
DA:147,1
DA:148,1
DA:149,1
DA:150,1
DA:151,0
DA:152,1
DA:155,0
DA:156,0
DA:157,0
DA:158,0
DA:159,0
DA:162,0
DA:163,0
DA:164,0
DA:167,0
DA:168,0
DA:169,0
DA:172,0
DA:173,0
DA:174,0
DA:177,2
DA:178,2
DA:179,2
DA:182,1
DA:183,1
DA:184,0
DA:186,1
DA:187,1
DA:188,0
DA:190,1
DA:191,1
DA:192,1
DA:193,1
DA:194,1
DA:195,21
DA:196,20
DA:197,20
DA:198,20
DA:199,20
DA:200,20
DA:201,1
DA:202,1
DA:203,1
DA:207,1
DA:208,1
DA:209,1
BRDA:24,0,0,0
BRDA:24,0,1,8
BRDA:38,0,0,2
BRDA:38,0,1,0
BRDA:52,0,0,0
BRDA:52,0,1,1
BRDA:72,0,0,0
BRDA:72,0,1,8
BRDA:78,0,0,2
BRDA:78,0,1,0
BRDA:78,1,2,-
BRDA:78,1,3,-
BRDA:78,2,4,-
BRDA:78,2,5,-
BRDA:78,3,6,-
BRDA:78,3,7,-
BRDA:86,0,0,0
BRDA:86,0,1,1
BRDA:86,1,2,0
BRDA:86,1,3,1
BRDA:86,2,4,0
BRDA:86,2,5,1
BRDA:86,3,6,0
BRDA:86,3,7,1
BRDA:90,0,0,1
BRDA:90,0,1,0
BRDA:91,0,0,1
BRDA:91,0,1,0
BRDA:95,0,0,0
BRDA:95,0,1,1
BRDA:105,0,0,0
BRDA:105,0,1,2
BRDA:105,1,2,-
BRDA:105,1,3,-
BRDA:134,0,0,1
BRDA:134,0,1,0
BRDA:136,0,0,0
BRDA:136,0,1,1
BRDA:147,0,0,1
BRDA:147,0,1,0
BRDA:157,0,0,-
BRDA:157,0,1,-
BRDA:183,0,0,0
BRDA:183,0,1,1
BRDA:187,0,0,0
BRDA:187,0,1,1
BRDA:187,1,2,0
BRDA:187,1,3,1
BRDA:195,0,0,20
BRDA:195,0,1,1
BRDA:207,0,0,1
BRDA:207,0,1,0
BRDA:207,1,2,1
BRDA:207,1,3,0
BRF:54
BRH:23
LF:147
LH:105
end_of_record
SF:/Users/runner/work/Draxul/Draxul/app/diagnostics_panel_host.cpp
FN:9,_ZN6draxul20DiagnosticsPanelHost10initializeERKNS_11HostContextERNS_14IHostCallbacksE
FN:15,_ZN6draxul20DiagnosticsPanelHost8shutdownEv
FN:23,_ZNK6draxul20DiagnosticsPanelHost10is_runningEv
FN:28,_ZNK6draxul20DiagnosticsPanelHost10init_errorEv
FN:33,_ZN6draxul20DiagnosticsPanelHost12set_viewportERKNS_12HostViewportE
FN:38,_ZN6draxul20DiagnosticsPanelHost4pumpEv
FN:42,_ZN6draxul20DiagnosticsPanelHost4drawERNS_13IFrameContextE
FN:60,_ZNK6draxul20DiagnosticsPanelHost13next_deadlineEv
FN:65,_ZN6draxul20DiagnosticsPanelHost6on_keyERKNS_8KeyEventE
FN:70,_ZN6draxul20DiagnosticsPanelHost13on_text_inputERKNS_14TextInputEventE
FN:75,_ZN6draxul20DiagnosticsPanelHost15on_mouse_buttonERKNS_16MouseButtonEventE
FN:80,_ZN6draxul20DiagnosticsPanelHost13on_mouse_moveERKNS_14MouseMoveEventE
FN:85,_ZN6draxul20DiagnosticsPanelHost14on_mouse_wheelERKNS_15MouseWheelEventE
FN:90,_ZN6draxul20DiagnosticsPanelHost15dispatch_actionENSt3__117basic_string_viewIcNS1_11char_traitsIcEEEE
FN:101,_ZN6draxul20DiagnosticsPanelHost13request_closeEv
FN:106,_ZNK6draxul20DiagnosticsPanelHost18default_backgroundEv
FN:111,_ZNK6draxul20DiagnosticsPanelHost13runtime_stateEv
FN:116,_ZNK6draxul20DiagnosticsPanelHost11debug_stateEv
FN:121,_ZN6draxul20DiagnosticsPanelHost17attach_imgui_hostERNS_10IImGuiHostE
FN:126,_ZN6draxul20DiagnosticsPanelHost14set_imgui_fontERKNSt3__112basic_stringIcNS1_11char_traitsIcEENS1_9allocatorIcEEEEf
FN:131,_ZN6draxul20DiagnosticsPanelHost11set_visibleEb
FN:143,_ZNK6draxul20DiagnosticsPanelHost7visibleEv
FN:148,_ZN6draxul20DiagnosticsPanelHost18set_window_metricsEiiiiif
FN:153,_ZNK6draxul20DiagnosticsPanelHost6layoutEv
FN:158,_ZN6draxul20DiagnosticsPanelHost23update_diagnostic_stateERKNS_20DiagnosticPanelStateE
FNDA:14,_ZN6draxul20DiagnosticsPanelHost10initializeERKNS_11HostContextERNS_14IHostCallbacksE
FNDA:14,_ZN6draxul20DiagnosticsPanelHost8shutdownEv
FNDA:0,_ZNK6draxul20DiagnosticsPanelHost10is_runningEv
FNDA:0,_ZNK6draxul20DiagnosticsPanelHost10init_errorEv
FNDA:0,_ZN6draxul20DiagnosticsPanelHost12set_viewportERKNS_12HostViewportE
FNDA:0,_ZN6draxul20DiagnosticsPanelHost4pumpEv
FNDA:2,_ZN6draxul20DiagnosticsPanelHost4drawERNS_13IFrameContextE
FNDA:0,_ZNK6draxul20DiagnosticsPanelHost13next_deadlineEv
FNDA:0,_ZN6draxul20DiagnosticsPanelHost6on_keyERKNS_8KeyEventE
FNDA:0,_ZN6draxul20DiagnosticsPanelHost13on_text_inputERKNS_14TextInputEventE
FNDA:0,_ZN6draxul20DiagnosticsPanelHost15on_mouse_buttonERKNS_16MouseButtonEventE
FNDA:0,_ZN6draxul20DiagnosticsPanelHost13on_mouse_moveERKNS_14MouseMoveEventE
FNDA:0,_ZN6draxul20DiagnosticsPanelHost14on_mouse_wheelERKNS_15MouseWheelEventE
FNDA:0,_ZN6draxul20DiagnosticsPanelHost15dispatch_actionENSt3__117basic_string_viewIcNS1_11char_traitsIcEEEE
FNDA:0,_ZN6draxul20DiagnosticsPanelHost13request_closeEv
FNDA:0,_ZNK6draxul20DiagnosticsPanelHost18default_backgroundEv
FNDA:0,_ZNK6draxul20DiagnosticsPanelHost13runtime_stateEv
FNDA:0,_ZNK6draxul20DiagnosticsPanelHost11debug_stateEv
FNDA:14,_ZN6draxul20DiagnosticsPanelHost17attach_imgui_hostERNS_10IImGuiHostE
FNDA:15,_ZN6draxul20DiagnosticsPanelHost14set_imgui_fontERKNSt3__112basic_stringIcNS1_11char_traitsIcEENS1_9allocatorIcEEEEf
FNDA:14,_ZN6draxul20DiagnosticsPanelHost11set_visibleEb
FNDA:2,_ZNK6draxul20DiagnosticsPanelHost7visibleEv
FNDA:15,_ZN6draxul20DiagnosticsPanelHost18set_window_metricsEiiiiif
FNDA:28,_ZNK6draxul20DiagnosticsPanelHost6layoutEv
FNDA:2,_ZN6draxul20DiagnosticsPanelHost23update_diagnostic_stateERKNS_20DiagnosticPanelStateE
FNF:25
FNH:10
DA:9,14
DA:10,14
DA:11,14
DA:12,14
DA:15,14
DA:16,14
DA:17,14
DA:18,14
DA:19,14
DA:20,14
DA:23,0
DA:24,0
DA:25,0
DA:28,0
DA:29,0
DA:30,0
DA:33,0
DA:34,0
DA:35,0
DA:38,0
DA:39,0
DA:42,2
DA:43,2
DA:44,1
DA:46,1
DA:47,1
DA:48,1
DA:49,1
DA:50,0
DA:52,1
DA:53,1
DA:54,1
DA:55,1
DA:56,1
DA:57,1
DA:60,0
DA:61,0
DA:62,0
DA:65,0
DA:66,0
DA:67,0
DA:70,0
DA:71,0
DA:72,0
DA:75,0
DA:76,0
DA:77,0
DA:80,0
DA:81,0
DA:82,0
DA:85,0
DA:86,0
DA:87,0
DA:90,0
DA:91,0
DA:92,0
DA:94,0
DA:95,0
DA:96,0
DA:97,0
DA:98,0
DA:101,0
DA:102,0
DA:103,0
DA:106,0
DA:107,0
DA:108,0
DA:111,0
DA:112,0
DA:113,0
DA:116,0
DA:117,0
DA:118,0
DA:121,14
DA:122,14
DA:123,14
DA:126,15
DA:127,15
DA:128,15
DA:131,14
DA:132,14
DA:133,14
DA:134,13
DA:135,13
DA:136,13
DA:137,13
DA:138,14
DA:139,14
DA:140,14
DA:143,2
DA:144,2
DA:145,2
DA:148,15
DA:149,15
DA:150,15
DA:153,28
DA:154,28
DA:155,28
DA:158,2
DA:159,2
DA:160,2
BRDA:43,0,0,1
BRDA:43,0,1,1
BRDA:43,1,2,0
BRDA:43,1,3,1
BRDA:49,0,0,0
BRDA:49,0,1,1
BRDA:55,0,0,1
BRDA:55,0,1,0
BRDA:55,1,2,1
BRDA:55,1,3,0
BRDA:91,0,0,-
BRDA:91,0,1,-
BRDA:95,0,0,-
BRDA:95,0,1,-
BRDA:133,0,0,13
BRDA:133,0,1,1
BRDA:138,0,0,14
BRDA:138,0,1,0
BRF:18
BRH:9
LF:101
LH:51
end_of_record
SF:/Users/runner/work/Draxul/Draxul/app/diagnostics_panel_host.h
FN:39,_ZN6draxul20DiagnosticsPanelHost5panelEv
FN:43,_ZNK6draxul20DiagnosticsPanelHost5panelEv
FN:53,_ZNK6draxul20DiagnosticsPanelHost16last_render_timeEv
FNDA:14,_ZN6draxul20DiagnosticsPanelHost5panelEv
FNDA:0,_ZNK6draxul20DiagnosticsPanelHost5panelEv
FNDA:0,_ZNK6draxul20DiagnosticsPanelHost16last_render_timeEv
FNF:3
FNH:1
DA:39,14
DA:40,14
DA:41,14
DA:43,0
DA:44,0
DA:45,0
DA:53,0
DA:54,0
DA:55,0
BRF:0
BRH:0
LF:9
LH:3
end_of_record
SF:/Users/runner/work/Draxul/Draxul/app/frame_timer.h
FN:11,_ZN6draxul10FrameTimer6recordEd
FN:20,_ZNK6draxul10FrameTimer7last_msEv
FN:25,_ZNK6draxul10FrameTimer10average_msEv
FNDA:118,_ZN6draxul10FrameTimer6recordEd
FNDA:6,_ZNK6draxul10FrameTimer7last_msEv
FNDA:8,_ZNK6draxul10FrameTimer10average_msEv
FNF:3
FNH:3
DA:11,118
DA:12,118
DA:13,118
DA:14,118
DA:15,118
DA:16,70
DA:17,118
DA:20,6
DA:21,6
DA:22,6
DA:25,8
DA:26,8
DA:27,3
DA:28,5
DA:29,105
DA:30,100
DA:31,5
DA:32,8
BRDA:15,0,0,70
BRDA:15,0,1,48
BRDA:26,0,0,3
BRDA:26,0,1,5
BRDA:29,0,0,100
BRDA:29,0,1,5
BRF:6
BRH:6
LF:18
LH:18
end_of_record
SF:/Users/runner/work/Draxul/Draxul/app/fuzzy_match.cpp
FN:69,_ZN6draxul11fuzzy_matchENSt3__117basic_string_viewIcNS0_11char_traitsIcEEEES4_
FN:44,fuzzy_match.cpp:_ZN6draxul12_GLOBAL__N_114position_bonusEmNSt3__117basic_string_viewIcNS1_11char_traitsIcEEEE
FN:31,fuzzy_match.cpp:_ZN6draxul12_GLOBAL__N_18classifyEc
FNDA:13,_ZN6draxul11fuzzy_matchENSt3__117basic_string_viewIcNS0_11char_traitsIcEEEES4_
FNDA:24,fuzzy_match.cpp:_ZN6draxul12_GLOBAL__N_114position_bonusEmNSt3__117basic_string_viewIcNS1_11char_traitsIcEEEE
FNDA:38,fuzzy_match.cpp:_ZN6draxul12_GLOBAL__N_18classifyEc
FNF:3
FNH:3
DA:31,38
DA:32,38
DA:33,36
DA:34,2
DA:35,0
DA:36,2
DA:37,0
DA:38,2
DA:39,2
DA:40,0
DA:41,2
DA:44,24
DA:45,24
DA:46,5
DA:48,19
DA:49,19
DA:52,19
DA:53,2
DA:56,17
DA:57,0
DA:58,17
DA:59,0
DA:60,17
DA:61,0
DA:63,17
DA:64,17
DA:69,13
DA:70,13
DA:72,13
DA:73,1
DA:74,1
DA:75,1
DA:76,1
DA:77,1
DA:79,12
DA:80,1
DA:83,11
DA:84,11
DA:85,11
DA:86,35
DA:87,25
DA:88,25
DA:89,25
DA:90,47
DA:91,46
DA:92,46
DA:93,24
DA:94,24
DA:95,24
DA:96,24
DA:97,24
DA:98,24
DA:99,22
DA:100,22
DA:101,25
DA:102,1
DA:103,25
DA:106,10
DA:107,34
DA:108,24
DA:109,24
DA:112,24
DA:115,24
DA:116,11
DA:119,24
DA:120,10
DA:122,24
DA:125,24
DA:126,14
DA:127,14
DA:128,14
DA:129,3
DA:130,14
DA:131,10
DA:132,5
DA:134,5
DA:135,5
DA:136,24
DA:138,10
DA:139,10
DA:140,10
DA:141,10
DA:142,11
BRDA:32,0,0,36
BRDA:32,0,1,2
BRDA:32,1,2,36
BRDA:32,1,3,0
BRDA:34,0,0,2
BRDA:34,0,1,0
BRDA:34,1,2,0
BRDA:34,1,3,2
BRDA:36,0,0,2
BRDA:36,0,1,0
BRDA:36,1,2,0
BRDA:36,1,3,2
BRDA:38,0,0,2
BRDA:38,0,1,0
BRDA:38,1,2,-
BRDA:38,1,3,-
BRDA:38,2,4,-
BRDA:38,2,5,-
BRDA:38,3,6,-
BRDA:38,3,7,-
BRDA:38,4,8,-
BRDA:38,4,9,-
BRDA:38,5,10,-
BRDA:38,5,11,-
BRDA:38,6,12,-
BRDA:38,6,13,-
BRDA:45,0,0,5
BRDA:45,0,1,19
BRDA:52,0,0,2
BRDA:52,0,1,17
BRDA:56,0,0,17
BRDA:56,0,1,0
BRDA:56,1,2,0
BRDA:56,1,3,17
BRDA:58,0,0,17
BRDA:58,0,1,0
BRDA:58,1,2,-
BRDA:58,1,3,-
BRDA:58,2,4,0
BRDA:58,2,5,17
BRDA:60,0,0,0
BRDA:60,0,1,17
BRDA:60,1,2,-
BRDA:60,1,3,-
BRDA:60,2,4,-
BRDA:60,2,5,-
BRDA:72,0,0,1
BRDA:72,0,1,12
BRDA:79,0,0,1
BRDA:79,0,1,11
BRDA:86,0,0,25
BRDA:86,0,1,10
BRDA:90,0,0,46
BRDA:90,0,1,1
BRDA:92,0,0,24
BRDA:92,0,1,22
BRDA:101,0,0,1
BRDA:101,0,1,24
BRDA:107,0,0,24
BRDA:107,0,1,10
BRDA:115,0,0,14
BRDA:115,0,1,10
BRDA:115,1,2,11
BRDA:115,1,3,3
BRDA:119,0,0,10
BRDA:119,0,1,14
BRDA:125,0,0,14
BRDA:125,0,1,10
BRDA:128,0,0,3
BRDA:128,0,1,11
BRDA:131,0,0,5
BRDA:131,0,1,5
BRF:72
BRH:43
LF:83
LH:77
end_of_record
SF:/Users/runner/work/Draxul/Draxul/app/gui_action_handler.cpp
FN:17,_ZN6draxul16GuiActionHandlerC2ENS0_4DepsE
FN:22,_ZN6draxul16GuiActionHandler10action_mapEv
FN:52,_ZN6draxul16GuiActionHandler7executeENSt3__117basic_string_viewIcNS1_11char_traitsIcEEEES5_
FN:66,_ZN6draxul16GuiActionHandler12action_namesEv
FN:77,_ZN6draxul16GuiActionHandler13font_increaseEv
FN:83,_ZN6draxul16GuiActionHandler13font_decreaseEv
FN:89,_ZN6draxul16GuiActionHandler10font_resetEv
FN:95,_ZNK6draxul16GuiActionHandler4copyEv
FN:103,_ZNK6draxul16GuiActionHandler5pasteEv
FN:111,_ZNK6draxul16GuiActionHandler18toggle_diagnosticsEv
FN:119,_ZNK6draxul16GuiActionHandler16open_file_dialogEv
FN:126,_ZNK6draxul16GuiActionHandler14split_verticalENSt3__117basic_string_viewIcNS1_11char_traitsIcEEEE
FN:133,_ZNK6draxul16GuiActionHandler16split_horizontalENSt3__117basic_string_viewIcNS1_11char_traitsIcEEEE
FN:140,_ZNK6draxul16GuiActionHandler18toggle_megacity_uiEv
FN:148,_ZNK6draxul16GuiActionHandler11toggle_zoomEv
FN:155,_ZNK6draxul16GuiActionHandler10close_paneEv
FN:162,_ZNK6draxul16GuiActionHandler12restart_hostEv
FN:169,_ZNK6draxul16GuiActionHandler9swap_paneEv
FN:176,_ZNK6draxul16GuiActionHandler10focus_leftEv
FN:183,_ZNK6draxul16GuiActionHandler11focus_rightEv
FN:190,_ZNK6draxul16GuiActionHandler8focus_upEv
FN:197,_ZNK6draxul16GuiActionHandler10focus_downEv
FN:204,_ZN6draxul16GuiActionHandler16change_font_sizeEf
FN:25,gui_action_handler.cpp:_ZZN6draxul16GuiActionHandler10action_mapEvENK3$_0clIS0_NSt3__117basic_string_viewIcNS3_11char_traitsIcEEEEEEDaRT_T0_
FN:26,gui_action_handler.cpp:_ZZN6draxul16GuiActionHandler10action_mapEvENK3$_1clIS0_NSt3__117basic_string_viewIcNS3_11char_traitsIcEEEEEEDaRT_T0_
FN:27,gui_action_handler.cpp:_ZZN6draxul16GuiActionHandler10action_mapEvENK3$_2clIS0_NSt3__117basic_string_viewIcNS3_11char_traitsIcEEEEEEDaRT_T0_
FN:28,gui_action_handler.cpp:_ZZN6draxul16GuiActionHandler10action_mapEvENK3$_3clIS0_NSt3__117basic_string_viewIcNS3_11char_traitsIcEEEEEEDaRT_T0_
FN:29,gui_action_handler.cpp:_ZZN6draxul16GuiActionHandler10action_mapEvENK3$_4clIS0_NSt3__117basic_string_viewIcNS3_11char_traitsIcEEEEEEDaRT_T0_
FN:30,gui_action_handler.cpp:_ZZN6draxul16GuiActionHandler10action_mapEvENK3$_5clIS0_NSt3__117basic_string_viewIcNS3_11char_traitsIcEEEEEEDaRT_T0_
FN:31,gui_action_handler.cpp:_ZZN6draxul16GuiActionHandler10action_mapEvENK3$_6clIS0_NSt3__117basic_string_viewIcNS3_11char_traitsIcEEEEEEDaRT_T0_
FN:32,gui_action_handler.cpp:_ZZN6draxul16GuiActionHandler10action_mapEvENK3$_7clIS0_NSt3__117basic_string_viewIcNS3_11char_traitsIcEEEEEEDaRT_T0_
FN:33,gui_action_handler.cpp:_ZZN6draxul16GuiActionHandler10action_mapEvENK3$_8clIS0_NSt3__117basic_string_viewIcNS3_11char_traitsIcEEEEEEDaRT_T0_
FN:34,gui_action_handler.cpp:_ZZN6draxul16GuiActionHandler10action_mapEvENK3$_9clIS0_NSt3__117basic_string_viewIcNS3_11char_traitsIcEEEEEEDaRT_T0_
FN:35,gui_action_handler.cpp:_ZZN6draxul16GuiActionHandler10action_mapEvENK4$_10clIS0_NSt3__117basic_string_viewIcNS3_11char_traitsIcEEEEEEDaRT_T0_
FN:36,gui_action_handler.cpp:_ZZN6draxul16GuiActionHandler10action_mapEvENK4$_11clIS0_NSt3__117basic_string_viewIcNS3_11char_traitsIcEEEEEEDaRT_T0_
FN:37,gui_action_handler.cpp:_ZZN6draxul16GuiActionHandler10action_mapEvENK4$_12clIS0_NSt3__117basic_string_viewIcNS3_11char_traitsIcEEEEEEDaRT_T0_
FN:38,gui_action_handler.cpp:_ZZN6draxul16GuiActionHandler10action_mapEvENK4$_13clIS0_NSt3__117basic_string_viewIcNS3_11char_traitsIcEEEEEEDaRT_T0_
FN:39,gui_action_handler.cpp:_ZZN6draxul16GuiActionHandler10action_mapEvENK4$_14clIS0_NSt3__117basic_string_viewIcNS3_11char_traitsIcEEEEEEDaRT_T0_
FN:40,gui_action_handler.cpp:_ZZN6draxul16GuiActionHandler10action_mapEvENK4$_15clIS0_NSt3__117basic_string_viewIcNS3_11char_traitsIcEEEEEEDaRT_T0_
FN:41,gui_action_handler.cpp:_ZZN6draxul16GuiActionHandler10action_mapEvENK4$_16clIS0_NSt3__117basic_string_viewIcNS3_11char_traitsIcEEEEEEDaRT_T0_
FN:42,gui_action_handler.cpp:_ZZN6draxul16GuiActionHandler10action_mapEvENK4$_17clIS0_NSt3__117basic_string_viewIcNS3_11char_traitsIcEEEEEEDaRT_T0_
FN:43,gui_action_handler.cpp:_ZZN6draxul16GuiActionHandler10action_mapEvENK4$_18clIS0_NSt3__117basic_string_viewIcNS3_11char_traitsIcEEEEEEDaRT_T0_
FN:44,gui_action_handler.cpp:_ZZN6draxul16GuiActionHandler10action_mapEvENK4$_19clIS0_NSt3__117basic_string_viewIcNS3_11char_traitsIcEEEEEEDaRT_T0_
FN:45,gui_action_handler.cpp:_ZZN6draxul16GuiActionHandler10action_mapEvENK4$_20clIS0_NSt3__117basic_string_viewIcNS3_11char_traitsIcEEEEEEDaRT_T0_
FNDA:59,_ZN6draxul16GuiActionHandlerC2ENS0_4DepsE
FNDA:17,_ZN6draxul16GuiActionHandler10action_mapEv
FNDA:12,_ZN6draxul16GuiActionHandler7executeENSt3__117basic_string_viewIcNS1_11char_traitsIcEEEES5_
FNDA:5,_ZN6draxul16GuiActionHandler12action_namesEv
FNDA:5,_ZN6draxul16GuiActionHandler13font_increaseEv
FNDA:1,_ZN6draxul16GuiActionHandler13font_decreaseEv
FNDA:1,_ZN6draxul16GuiActionHandler10font_resetEv
FNDA:0,_ZNK6draxul16GuiActionHandler4copyEv
FNDA:0,_ZNK6draxul16GuiActionHandler5pasteEv
FNDA:1,_ZNK6draxul16GuiActionHandler18toggle_diagnosticsEv
FNDA:2,_ZNK6draxul16GuiActionHandler16open_file_dialogEv
FNDA:0,_ZNK6draxul16GuiActionHandler14split_verticalENSt3__117basic_string_viewIcNS1_11char_traitsIcEEEE
FNDA:0,_ZNK6draxul16GuiActionHandler16split_horizontalENSt3__117basic_string_viewIcNS1_11char_traitsIcEEEE
FNDA:0,_ZNK6draxul16GuiActionHandler18toggle_megacity_uiEv
FNDA:0,_ZNK6draxul16GuiActionHandler11toggle_zoomEv
FNDA:0,_ZNK6draxul16GuiActionHandler10close_paneEv
FNDA:0,_ZNK6draxul16GuiActionHandler12restart_hostEv
FNDA:0,_ZNK6draxul16GuiActionHandler9swap_paneEv
FNDA:0,_ZNK6draxul16GuiActionHandler10focus_leftEv
FNDA:0,_ZNK6draxul16GuiActionHandler11focus_rightEv
FNDA:0,_ZNK6draxul16GuiActionHandler8focus_upEv
FNDA:0,_ZNK6draxul16GuiActionHandler10focus_downEv
FNDA:7,_ZN6draxul16GuiActionHandler16change_font_sizeEf
FNDA:1,gui_action_handler.cpp:_ZZN6draxul16GuiActionHandler10action_mapEvENK3$_0clIS0_NSt3__117basic_string_viewIcNS3_11char_traitsIcEEEEEEDaRT_T0_
FNDA:0,gui_action_handler.cpp:_ZZN6draxul16GuiActionHandler10action_mapEvENK3$_1clIS0_NSt3__117basic_string_viewIcNS3_11char_traitsIcEEEEEEDaRT_T0_
FNDA:0,gui_action_handler.cpp:_ZZN6draxul16GuiActionHandler10action_mapEvENK3$_2clIS0_NSt3__117basic_string_viewIcNS3_11char_traitsIcEEEEEEDaRT_T0_
FNDA:5,gui_action_handler.cpp:_ZZN6draxul16GuiActionHandler10action_mapEvENK3$_3clIS0_NSt3__117basic_string_viewIcNS3_11char_traitsIcEEEEEEDaRT_T0_
FNDA:1,gui_action_handler.cpp:_ZZN6draxul16GuiActionHandler10action_mapEvENK3$_4clIS0_NSt3__117basic_string_viewIcNS3_11char_traitsIcEEEEEEDaRT_T0_
FNDA:1,gui_action_handler.cpp:_ZZN6draxul16GuiActionHandler10action_mapEvENK3$_5clIS0_NSt3__117basic_string_viewIcNS3_11char_traitsIcEEEEEEDaRT_T0_
FNDA:2,gui_action_handler.cpp:_ZZN6draxul16GuiActionHandler10action_mapEvENK3$_6clIS0_NSt3__117basic_string_viewIcNS3_11char_traitsIcEEEEEEDaRT_T0_
FNDA:0,gui_action_handler.cpp:_ZZN6draxul16GuiActionHandler10action_mapEvENK3$_7clIS0_NSt3__117basic_string_viewIcNS3_11char_traitsIcEEEEEEDaRT_T0_
FNDA:0,gui_action_handler.cpp:_ZZN6draxul16GuiActionHandler10action_mapEvENK3$_8clIS0_NSt3__117basic_string_viewIcNS3_11char_traitsIcEEEEEEDaRT_T0_
FNDA:0,gui_action_handler.cpp:_ZZN6draxul16GuiActionHandler10action_mapEvENK3$_9clIS0_NSt3__117basic_string_viewIcNS3_11char_traitsIcEEEEEEDaRT_T0_
FNDA:0,gui_action_handler.cpp:_ZZN6draxul16GuiActionHandler10action_mapEvENK4$_10clIS0_NSt3__117basic_string_viewIcNS3_11char_traitsIcEEEEEEDaRT_T0_
FNDA:0,gui_action_handler.cpp:_ZZN6draxul16GuiActionHandler10action_mapEvENK4$_11clIS0_NSt3__117basic_string_viewIcNS3_11char_traitsIcEEEEEEDaRT_T0_
FNDA:2,gui_action_handler.cpp:_ZZN6draxul16GuiActionHandler10action_mapEvENK4$_12clIS0_NSt3__117basic_string_viewIcNS3_11char_traitsIcEEEEEEDaRT_T0_
FNDA:0,gui_action_handler.cpp:_ZZN6draxul16GuiActionHandler10action_mapEvENK4$_13clIS0_NSt3__117basic_string_viewIcNS3_11char_traitsIcEEEEEEDaRT_T0_
FNDA:0,gui_action_handler.cpp:_ZZN6draxul16GuiActionHandler10action_mapEvENK4$_14clIS0_NSt3__117basic_string_viewIcNS3_11char_traitsIcEEEEEEDaRT_T0_
FNDA:0,gui_action_handler.cpp:_ZZN6draxul16GuiActionHandler10action_mapEvENK4$_15clIS0_NSt3__117basic_string_viewIcNS3_11char_traitsIcEEEEEEDaRT_T0_
FNDA:0,gui_action_handler.cpp:_ZZN6draxul16GuiActionHandler10action_mapEvENK4$_16clIS0_NSt3__117basic_string_viewIcNS3_11char_traitsIcEEEEEEDaRT_T0_
FNDA:0,gui_action_handler.cpp:_ZZN6draxul16GuiActionHandler10action_mapEvENK4$_17clIS0_NSt3__117basic_string_viewIcNS3_11char_traitsIcEEEEEEDaRT_T0_
FNDA:0,gui_action_handler.cpp:_ZZN6draxul16GuiActionHandler10action_mapEvENK4$_18clIS0_NSt3__117basic_string_viewIcNS3_11char_traitsIcEEEEEEDaRT_T0_
FNDA:0,gui_action_handler.cpp:_ZZN6draxul16GuiActionHandler10action_mapEvENK4$_19clIS0_NSt3__117basic_string_viewIcNS3_11char_traitsIcEEEEEEDaRT_T0_
FNDA:0,gui_action_handler.cpp:_ZZN6draxul16GuiActionHandler10action_mapEvENK4$_20clIS0_NSt3__117basic_string_viewIcNS3_11char_traitsIcEEEEEEDaRT_T0_
FNF:44
FNH:16
DA:17,59
DA:18,59
DA:19,59
DA:22,17
DA:24,17
DA:25,17
DA:26,17
DA:27,17
DA:28,17
DA:29,17
DA:30,17
DA:31,17
DA:32,17
DA:33,17
DA:34,17
DA:35,17
DA:36,17
DA:37,17
DA:38,17
DA:39,17
DA:40,17
DA:41,17
DA:42,17
DA:43,17
DA:44,17
DA:45,17
DA:46,17
DA:48,17
DA:49,17
DA:52,12
DA:53,12
DA:54,12
DA:55,12
DA:56,12
DA:57,12
DA:58,12
DA:59,12
DA:60,0
DA:61,0
DA:62,0
DA:63,12
DA:66,5
DA:67,5
DA:68,5
DA:69,5
DA:70,5
DA:71,105
DA:72,5
DA:73,5
DA:74,5
DA:77,5
DA:78,5
DA:79,5
DA:80,5
DA:83,1
DA:84,1
DA:85,1
DA:86,1
DA:89,1
DA:90,1
DA:91,1
DA:92,1
DA:95,0
DA:96,0
DA:97,0
DA:98,0
DA:99,0
DA:100,0
DA:103,0
DA:104,0
DA:105,0
DA:106,0
DA:107,0
DA:108,0
DA:111,1
DA:112,1
DA:113,1
DA:114,1
DA:115,0
DA:116,1
DA:119,2
DA:120,2
DA:121,2
DA:122,1
DA:123,2
DA:126,0
DA:127,0
DA:128,0
DA:129,0
DA:130,0
DA:133,0
DA:134,0
DA:135,0
DA:136,0
DA:137,0
DA:140,0
DA:141,0
DA:142,0
DA:143,0
DA:144,0
DA:145,0
DA:148,0
DA:149,0
DA:150,0
DA:151,0
DA:152,0
DA:155,0
DA:156,0
DA:157,0
DA:158,0
DA:159,0
DA:162,0
DA:163,0
DA:164,0
DA:165,0
DA:166,0
DA:169,0
DA:170,0
DA:171,0
DA:172,0
DA:173,0
DA:176,0
DA:177,0
DA:178,0
DA:179,0
DA:180,0
DA:183,0
DA:184,0
DA:185,0
DA:186,0
DA:187,0
DA:190,0
DA:191,0
DA:192,0
DA:193,0
DA:194,0
DA:197,0
DA:198,0
DA:199,0
DA:200,0
DA:201,0
DA:204,7
DA:205,7
DA:206,7
DA:207,7
DA:208,1
DA:209,6
DA:210,0
DA:212,6
DA:213,0
DA:215,6
DA:216,0
DA:218,6
DA:219,6
DA:220,6
DA:221,6
DA:222,5
DA:223,6
DA:224,6
BRDA:35,0,0,-
BRDA:35,0,1,-
BRDA:36,0,0,-
BRDA:36,0,1,-
BRDA:37,0,0,2
BRDA:37,0,1,0
BRDA:55,0,0,12
BRDA:55,0,1,0
BRDA:70,0,0,105
BRDA:70,0,1,5
BRDA:97,0,0,-
BRDA:97,0,1,-
BRDA:98,0,0,-
BRDA:98,0,1,-
BRDA:105,0,0,-
BRDA:105,0,1,-
BRDA:106,0,0,-
BRDA:106,0,1,-
BRDA:114,0,0,0
BRDA:114,0,1,1
BRDA:121,0,0,1
BRDA:121,0,1,1
BRDA:128,0,0,-
BRDA:128,0,1,-
BRDA:135,0,0,-
BRDA:135,0,1,-
BRDA:142,0,0,-
BRDA:142,0,1,-
BRDA:143,0,0,-
BRDA:143,0,1,-
BRDA:150,0,0,-
BRDA:150,0,1,-
BRDA:157,0,0,-
BRDA:157,0,1,-
BRDA:164,0,0,-
BRDA:164,0,1,-
BRDA:171,0,0,-
BRDA:171,0,1,-
BRDA:178,0,0,-
BRDA:178,0,1,-
BRDA:185,0,0,-
BRDA:185,0,1,-
BRDA:192,0,0,-
BRDA:192,0,1,-
BRDA:199,0,0,-
BRDA:199,0,1,-
BRDA:207,0,0,1
BRDA:207,0,1,6
BRDA:209,0,0,0
BRDA:209,0,1,6
BRDA:212,0,0,0
BRDA:212,0,1,6
BRDA:215,0,0,0
BRDA:215,0,1,6
BRDA:218,0,0,6
BRDA:218,0,1,0
BRDA:221,0,0,5
BRDA:221,0,1,1
BRF:58
BRH:15
LF:180
LH:90
end_of_record
SF:/Users/runner/work/Draxul/Draxul/app/host_manager.cpp
FN:54,_ZN6draxul11HostManagerC2ENS0_4DepsE
FN:59,_ZN6draxul11HostManager32platform_default_split_host_kindEv
FN:64,_ZN6draxul11HostManager19split_host_kind_forENS_8HostKindE
FN:71,_ZN6draxul11HostManager6createERNS_14IHostCallbacksEii
FN:95,_ZN6draxul11HostManager13split_focusedENS_14SplitDirectionERNS_14IHostCallbacksE
FN:143,_ZN6draxul11HostManager13split_focusedENS_14SplitDirectionENS_8HostKindERNS_14IHostCallbacksE
FN:150,_ZN6draxul11HostManager13split_focusedENS_14SplitDirectionENS_17HostLaunchOptionsERNS_14IHostCallbacksE
FN:180,_ZN6draxul11HostManager10close_leafEi
FN:211,_ZN6draxul11HostManager13close_focusedEv
FN:216,_ZN6draxul11HostManager15restart_focusedERNS_14IHostCallbacksE
FN:249,_ZN6draxul11HostManager22swap_focused_with_nextEv
FN:273,_ZN6draxul11HostManager19recompute_viewportsEii
FN:285,_ZN6draxul11HostManager11toggle_zoomEii
FN:313,_ZN6draxul11HostManager8shutdownEv
FN:328,_ZNK6draxul11HostManager12focused_hostEv
FN:333,_ZN6draxul11HostManager11set_focusedEi
FN:338,_ZN6draxul11HostManager15focus_directionENS_14FocusDirectionE
FN:353,_ZNK6draxul11HostManager8host_forEi
FN:359,_ZN6draxul11HostManager13host_at_pointEii
FN:373,_ZN6draxul11HostManager20create_host_for_leafEiRNS_14IHostCallbacksENS_17HostLaunchOptionsEb
FN:455,_ZN6draxul11HostManager20update_all_viewportsEv
FN:43,host_manager.cpp:_ZN6draxul12_GLOBAL__N_137platform_default_split_host_kind_implEv
FN:26,host_manager.cpp:_ZN6draxul12_GLOBAL__N_122is_terminal_shell_hostENS_8HostKindE
FN:474,host_manager.cpp:_ZZN6draxul11HostManager20update_all_viewportsEvENK3$_0clEiRKNS_14PaneDescriptorE
FNDA:50,_ZN6draxul11HostManagerC2ENS0_4DepsE
FNDA:1,_ZN6draxul11HostManager32platform_default_split_host_kindEv
FNDA:7,_ZN6draxul11HostManager19split_host_kind_forENS_8HostKindE
FNDA:16,_ZN6draxul11HostManager6createERNS_14IHostCallbacksEii
FNDA:1,_ZN6draxul11HostManager13split_focusedENS_14SplitDirectionERNS_14IHostCallbacksE
FNDA:0,_ZN6draxul11HostManager13split_focusedENS_14SplitDirectionENS_8HostKindERNS_14IHostCallbacksE
FNDA:0,_ZN6draxul11HostManager13split_focusedENS_14SplitDirectionENS_17HostLaunchOptionsERNS_14IHostCallbacksE
FNDA:1,_ZN6draxul11HostManager10close_leafEi
FNDA:0,_ZN6draxul11HostManager13close_focusedEv
FNDA:0,_ZN6draxul11HostManager15restart_focusedERNS_14IHostCallbacksE
FNDA:0,_ZN6draxul11HostManager22swap_focused_with_nextEv
FNDA:1,_ZN6draxul11HostManager19recompute_viewportsEii
FNDA:0,_ZN6draxul11HostManager11toggle_zoomEii
FNDA:47,_ZN6draxul11HostManager8shutdownEv
FNDA:49,_ZNK6draxul11HostManager12focused_hostEv
FNDA:0,_ZN6draxul11HostManager11set_focusedEi
FNDA:0,_ZN6draxul11HostManager15focus_directionENS_14FocusDirectionE
FNDA:49,_ZNK6draxul11HostManager8host_forEi
FNDA:0,_ZN6draxul11HostManager13host_at_pointEii
FNDA:17,_ZN6draxul11HostManager20create_host_for_leafEiRNS_14IHostCallbacksENS_17HostLaunchOptionsEb
FNDA:3,_ZN6draxul11HostManager20update_all_viewportsEv
FNDA:4,host_manager.cpp:_ZN6draxul12_GLOBAL__N_137platform_default_split_host_kind_implEv
FNDA:8,host_manager.cpp:_ZN6draxul12_GLOBAL__N_122is_terminal_shell_hostENS_8HostKindE
FNDA:4,host_manager.cpp:_ZZN6draxul11HostManager20update_all_viewportsEvENK3$_0clEiRKNS_14PaneDescriptorE
FNF:24
FNH:15
DA:26,8
DA:27,8
DA:28,8
DA:29,8
DA:30,1
DA:31,2
DA:32,3
DA:33,4
DA:34,4
DA:35,3
DA:36,4
DA:37,4
DA:38,8
DA:39,0
DA:40,8
DA:43,4
DA:47,4
DA:48,4
DA:49,4
DA:54,50
DA:55,50
DA:56,50
DA:59,1
DA:60,1
DA:61,1
DA:64,7
DA:65,7
DA:66,4
DA:67,3
DA:68,7
DA:71,16
DA:72,16
DA:73,16
DA:74,16
DA:75,16
DA:77,16
DA:79,16
DA:80,16
DA:81,16
DA:82,16
DA:83,16
DA:84,16
DA:85,16
DA:86,16
DA:87,0
DA:88,16
DA:89,0
DA:91,16
DA:92,16
DA:95,1
DA:96,1
DA:97,1
DA:98,1
DA:99,0
DA:101,1
DA:102,1
DA:103,0
DA:105,1
DA:108,1
DA:109,1
DA:110,1
DA:111,1
DA:112,0
DA:113,1
DA:114,0
DA:115,1
DA:116,1
DA:117,1
DA:118,1
DA:119,0
DA:120,0
DA:121,0
DA:122,0
DA:123,0
DA:124,1
DA:126,1
DA:127,0
DA:129,0
DA:130,0
DA:131,0
DA:134,1
DA:137,1
DA:139,1
DA:140,1
DA:143,0
DA:144,0
DA:145,0
DA:146,0
DA:147,0
DA:150,0
DA:151,0
DA:152,0
DA:153,0
DA:154,0
DA:156,0
DA:157,0
DA:158,0
DA:160,0
DA:161,0
DA:162,0
DA:163,0
DA:164,0
DA:165,0
DA:166,0
DA:168,0
DA:169,0
DA:170,0
DA:171,0
DA:172,0
DA:174,0
DA:175,0
DA:176,0
DA:177,0
DA:180,1
DA:181,1
DA:182,1
DA:183,0
DA:185,1
DA:186,1
DA:187,0
DA:190,1
DA:191,0
DA:192,0
DA:193,0
DA:194,0
DA:197,1
DA:198,1
DA:199,1
DA:200,1
DA:203,1
DA:204,0
DA:206,1
DA:207,1
DA:208,1
DA:211,0
DA:212,0
DA:213,0
DA:216,0
DA:217,0
DA:218,0
DA:219,0
DA:220,0
DA:222,0
DA:223,0
DA:224,0
DA:227,0
DA:228,0
DA:229,0
DA:230,0
DA:231,0
DA:232,0
DA:233,0
DA:236,0
DA:237,0
DA:238,0
DA:241,0
DA:242,0
DA:244,0
DA:245,0
DA:246,0
DA:249,0
DA:250,0
DA:251,0
DA:252,0
DA:253,0
DA:255,0
DA:256,0
DA:257,0
DA:265,0
DA:266,0
DA:268,0
DA:269,0
DA:270,0
DA:273,1
DA:274,1
DA:275,1
DA:276,1
DA:277,0
DA:278,0
DA:279,0
DA:280,0
DA:281,1
DA:282,1
DA:285,0
DA:286,0
DA:287,0
DA:288,0
DA:290,0
DA:291,0
DA:293,0
DA:294,0
DA:295,0
DA:296,0
DA:297,0
DA:298,0
DA:300,0
DA:301,0
DA:302,0
DA:304,0
DA:305,0
DA:306,0
DA:307,0
DA:308,0
DA:309,0
DA:310,0
DA:313,47
DA:314,47
DA:315,47
DA:316,8
DA:317,8
DA:318,8
DA:319,8
DA:320,8
DA:321,8
DA:322,8
DA:323,47
DA:324,47
DA:325,47
DA:328,49
DA:329,49
DA:330,49
DA:333,0
DA:334,0
DA:335,0
DA:338,0
DA:339,0
DA:340,0
DA:341,0
DA:342,0
DA:344,0
DA:345,0
DA:346,0
DA:348,0
DA:349,0
DA:350,0
DA:353,49
DA:354,49
DA:355,49
DA:356,49
DA:359,0
DA:360,0
DA:361,0
DA:362,0
DA:363,0
DA:364,0
DA:365,0
DA:366,0
DA:368,0
DA:369,0
DA:373,17
DA:374,17
DA:375,17
DA:377,17
DA:378,12
DA:379,12
DA:380,12
DA:381,5
DA:382,1
DA:383,1
DA:384,1
DA:389,1
DA:390,4
DA:391,4
DA:393,17
DA:394,2
DA:395,2
DA:396,2
DA:397,2
DA:399,15
DA:400,15
DA:401,1
DA:402,1
DA:403,1
DA:404,1
DA:405,15
DA:407,15
DA:408,15
DA:410,15
DA:411,15
DA:414,15
DA:416,15
DA:417,15
DA:418,15
DA:419,15
DA:420,15
DA:421,15
DA:422,15
DA:423,15
DA:424,15
DA:425,15
DA:426,15
DA:427,15
DA:428,5
DA:429,5
DA:430,5
DA:431,0
DA:432,5
DA:433,5
DA:435,10
DA:436,10
DA:437,0
DA:438,0
DA:439,0
DA:440,0
DA:441,10
DA:443,10
DA:444,7
DA:446,10
DA:447,9
DA:449,10
DA:450,10
DA:451,10
DA:452,15
DA:455,3
DA:456,3
DA:457,3
DA:458,0
DA:460,3
DA:461,0
DA:466,0
DA:468,0
DA:469,0
DA:470,0
DA:471,0
DA:472,3
DA:473,3
DA:474,4
DA:475,4
DA:476,4
DA:477,4
DA:478,4
DA:479,3
DA:480,3
BRDA:28,0,0,0
BRDA:28,0,1,8
BRDA:30,0,0,1
BRDA:30,0,1,7
BRDA:31,0,0,1
BRDA:31,0,1,7
BRDA:32,0,0,1
BRDA:32,0,1,7
BRDA:33,0,0,1
BRDA:33,0,1,7
BRDA:35,0,0,3
BRDA:35,0,1,5
BRDA:36,0,0,1
BRDA:36,0,1,7
BRDA:65,0,0,4
BRDA:65,0,1,3
BRDA:86,0,0,0
BRDA:86,0,1,16
BRDA:88,0,0,0
BRDA:88,0,1,16
BRDA:98,0,0,0
BRDA:98,0,1,1
BRDA:102,0,0,0
BRDA:102,0,1,1
BRDA:108,0,0,1
BRDA:108,0,1,0
BRDA:111,0,0,0
BRDA:111,0,1,1
BRDA:113,0,0,0
BRDA:113,0,1,1
BRDA:115,0,0,1
BRDA:115,0,1,0
BRDA:118,0,0,0
BRDA:118,0,1,1
BRDA:118,1,2,-
BRDA:118,1,3,-
BRDA:126,0,0,0
BRDA:126,0,1,1
BRDA:153,0,0,-
BRDA:153,0,1,-
BRDA:157,0,0,-
BRDA:157,0,1,-
BRDA:161,0,0,-
BRDA:161,0,1,-
BRDA:163,0,0,-
BRDA:163,0,1,-
BRDA:165,0,0,-
BRDA:165,0,1,-
BRDA:165,1,2,-
BRDA:165,1,3,-
BRDA:168,0,0,-
BRDA:168,0,1,-
BRDA:182,0,0,0
BRDA:182,0,1,1
BRDA:186,0,0,0
BRDA:186,0,1,1
BRDA:190,0,0,0
BRDA:190,0,1,1
BRDA:190,1,2,-
BRDA:190,1,3,-
BRDA:190,2,4,-
BRDA:190,2,5,-
BRDA:197,0,0,1
BRDA:197,0,1,0
BRDA:203,0,0,0
BRDA:203,0,1,1
BRDA:219,0,0,-
BRDA:219,0,1,-
BRDA:223,0,0,-
BRDA:223,0,1,-
BRDA:228,0,0,-
BRDA:228,0,1,-
BRDA:236,0,0,-
BRDA:236,0,1,-
BRDA:241,0,0,-
BRDA:241,0,1,-
BRDA:252,0,0,-
BRDA:252,0,1,-
BRDA:256,0,0,-
BRDA:256,0,1,-
BRDA:265,0,0,-
BRDA:265,0,1,-
BRDA:276,0,0,0
BRDA:276,0,1,1
BRDA:287,0,0,-
BRDA:287,0,1,-
BRDA:290,0,0,-
BRDA:290,0,1,-
BRDA:301,0,0,-
BRDA:301,0,1,-
BRDA:315,0,0,8
BRDA:315,0,1,47
BRDA:317,0,0,8
BRDA:317,0,1,0
BRDA:341,0,0,-
BRDA:341,0,1,-
BRDA:345,0,0,-
BRDA:345,0,1,-
BRDA:355,0,0,49
BRDA:355,0,1,0
BRDA:362,0,0,-
BRDA:362,0,1,-
BRDA:377,0,0,17
BRDA:377,0,1,0
BRDA:377,1,2,12
BRDA:377,1,3,5
BRDA:381,0,0,1
BRDA:381,0,1,4
BRDA:393,0,0,2
BRDA:393,0,1,15
BRDA:400,0,0,1
BRDA:400,0,1,14
BRDA:402,0,0,1
BRDA:402,0,1,0
BRDA:403,0,0,1
BRDA:403,0,1,0
BRDA:403,1,2,1
BRDA:403,1,3,0
BRDA:408,0,0,15
BRDA:408,0,1,0
BRDA:411,0,0,15
BRDA:411,0,1,0
BRDA:427,0,0,5
BRDA:427,0,1,10
BRDA:430,0,0,0
BRDA:430,0,1,5
BRDA:436,0,0,10
BRDA:436,0,1,0
BRDA:436,1,2,0
BRDA:436,1,3,10
BRDA:438,0,0,-
BRDA:438,0,1,-
BRDA:443,0,0,7
BRDA:443,0,1,3
BRDA:446,0,0,9
BRDA:446,0,1,1
BRDA:457,0,0,0
BRDA:457,0,1,3
BRDA:460,0,0,0
BRDA:460,0,1,3
BRDA:469,0,0,-
BRDA:469,0,1,-
BRDA:469,1,2,-
BRDA:469,1,3,-
BRDA:469,2,4,-
BRDA:469,2,5,-
BRDA:476,0,0,4
BRDA:476,0,1,0
BRDA:476,1,2,4
BRDA:476,1,3,0
BRDA:476,2,4,4
BRDA:476,2,5,0
BRF:152
BRH:63
LF:338
LH:185
end_of_record
SF:/Users/runner/work/Draxul/Draxul/app/host_manager.h
FN:89,_ZNK6draxul11HostManager9is_zoomedEv
FN:95,_ZNK6draxul11HostManager11zoomed_leafEv
FN:104,_ZNK6draxul11HostManager4hostEv
FN:109,_ZNK6draxul11HostManager12focused_leafEv
FN:137,_ZNK6draxul11HostManager10host_countEv
FN:141,_ZNK6draxul11HostManager4treeEv
FN:146,_ZNK6draxul11HostManager5errorEv
FN:128,app.cpp:_ZNK6draxul11HostManager13for_each_hostIZNS_3App18apply_font_metricsEvE3$_0EEvOT_
FN:129,app.cpp:_ZZNK6draxul11HostManager13for_each_hostIZNS_3App18apply_font_metricsEvE3$_0EEvOT_ENKUliRKNS_14PaneDescriptorEE_clEiS8_
FN:128,app.cpp:_ZNK6draxul11HostManager13for_each_hostIZNS_3App13reload_configEvE3$_0EEvOT_
FN:129,app.cpp:_ZZNK6draxul11HostManager13for_each_hostIZNS_3App13reload_configEvE3$_0EEvOT_ENKUliRKNS_14PaneDescriptorEE_clEiS8_
FN:128,app.cpp:_ZNK6draxul11HostManager13for_each_hostIZNS_3App16close_dead_panesEvE3$_0EEvOT_
FN:129,app.cpp:_ZZNK6draxul11HostManager13for_each_hostIZNS_3App16close_dead_panesEvE3$_0EEvOT_ENKUliRKNS_14PaneDescriptorEE_clEiS8_
FN:128,app.cpp:_ZNK6draxul11HostManager13for_each_hostIZNS_3App12render_frameEvE3$_0EEvOT_
FN:129,app.cpp:_ZZNK6draxul11HostManager13for_each_hostIZNS_3App12render_frameEvE3$_0EEvOT_ENKUliRKNS_14PaneDescriptorEE_clEiS8_
FN:128,app.cpp:_ZNK6draxul11HostManager13for_each_hostIZNS_3App9pump_onceENSt3__18optionalINS3_6chrono10time_pointINS5_12steady_clockENS5_8durationIxNS3_5ratioILl1ELl1000000000EEEEEEEEEE3$_0EEvOT_
FN:129,app.cpp:_ZZNK6draxul11HostManager13for_each_hostIZNS_3App9pump_onceENSt3__18optionalINS3_6chrono10time_pointINS5_12steady_clockENS5_8durationIxNS3_5ratioILl1ELl1000000000EEEEEEEEEE3$_0EEvOT_ENKUliRKNS_14PaneDescriptorEE_clEiSJ_
FN:128,app.cpp:_ZNK6draxul11HostManager13for_each_hostIZNS_3App12request_quitEvE3$_0EEvOT_
FN:129,app.cpp:_ZZNK6draxul11HostManager13for_each_hostIZNS_3App12request_quitEvE3$_0EEvOT_ENKUliRKNS_14PaneDescriptorEE_clEiS8_
FN:128,app.cpp:_ZNK6draxul11HostManager13for_each_hostIZNS_3App21dispatch_to_nvim_hostENSt3__117basic_string_viewIcNS3_11char_traitsIcEEEEE3$_0EEvOT_
FN:129,app.cpp:_ZZNK6draxul11HostManager13for_each_hostIZNS_3App21dispatch_to_nvim_hostENSt3__117basic_string_viewIcNS3_11char_traitsIcEEEEE3$_0EEvOT_ENKUliRKNS_14PaneDescriptorEE_clEiSD_
FN:128,app.cpp:_ZNK6draxul11HostManager13for_each_hostIZNKS_3App15wait_timeout_msENSt3__18optionalINS3_6chrono10time_pointINS5_12steady_clockENS5_8durationIxNS3_5ratioILl1ELl1000000000EEEEEEEEEE3$_0EEvOT_
FN:129,app.cpp:_ZZNK6draxul11HostManager13for_each_hostIZNKS_3App15wait_timeout_msENSt3__18optionalINS3_6chrono10time_pointINS5_12steady_clockENS5_8durationIxNS3_5ratioILl1ELl1000000000EEEEEEEEEE3$_0EEvOT_ENKUliRKNS_14PaneDescriptorEE_clEiSJ_
FNDA:2,_ZNK6draxul11HostManager9is_zoomedEv
FNDA:0,_ZNK6draxul11HostManager11zoomed_leafEv
FNDA:42,_ZNK6draxul11HostManager4hostEv
FNDA:0,_ZNK6draxul11HostManager12focused_leafEv
FNDA:1,_ZNK6draxul11HostManager10host_countEv
FNDA:0,_ZNK6draxul11HostManager4treeEv
FNDA:7,_ZNK6draxul11HostManager5errorEv
FNDA:1,app.cpp:_ZNK6draxul11HostManager13for_each_hostIZNS_3App18apply_font_metricsEvE3$_0EEvOT_
FNDA:1,app.cpp:_ZZNK6draxul11HostManager13for_each_hostIZNS_3App18apply_font_metricsEvE3$_0EEvOT_ENKUliRKNS_14PaneDescriptorEE_clEiS8_
FNDA:1,app.cpp:_ZNK6draxul11HostManager13for_each_hostIZNS_3App13reload_configEvE3$_0EEvOT_
FNDA:1,app.cpp:_ZZNK6draxul11HostManager13for_each_hostIZNS_3App13reload_configEvE3$_0EEvOT_ENKUliRKNS_14PaneDescriptorEE_clEiS8_
FNDA:5,app.cpp:_ZNK6draxul11HostManager13for_each_hostIZNS_3App16close_dead_panesEvE3$_0EEvOT_
FNDA:5,app.cpp:_ZZNK6draxul11HostManager13for_each_hostIZNS_3App16close_dead_panesEvE3$_0EEvOT_ENKUliRKNS_14PaneDescriptorEE_clEiS8_
FNDA:2,app.cpp:_ZNK6draxul11HostManager13for_each_hostIZNS_3App12render_frameEvE3$_0EEvOT_
FNDA:2,app.cpp:_ZZNK6draxul11HostManager13for_each_hostIZNS_3App12render_frameEvE3$_0EEvOT_ENKUliRKNS_14PaneDescriptorEE_clEiS8_
FNDA:2,app.cpp:_ZNK6draxul11HostManager13for_each_hostIZNS_3App9pump_onceENSt3__18optionalINS3_6chrono10time_pointINS5_12steady_clockENS5_8durationIxNS3_5ratioILl1ELl1000000000EEEEEEEEEE3$_0EEvOT_
FNDA:2,app.cpp:_ZZNK6draxul11HostManager13for_each_hostIZNS_3App9pump_onceENSt3__18optionalINS3_6chrono10time_pointINS5_12steady_clockENS5_8durationIxNS3_5ratioILl1ELl1000000000EEEEEEEEEE3$_0EEvOT_ENKUliRKNS_14PaneDescriptorEE_clEiSJ_
FNDA:0,app.cpp:_ZNK6draxul11HostManager13for_each_hostIZNS_3App12request_quitEvE3$_0EEvOT_
FNDA:0,app.cpp:_ZZNK6draxul11HostManager13for_each_hostIZNS_3App12request_quitEvE3$_0EEvOT_ENKUliRKNS_14PaneDescriptorEE_clEiS8_
FNDA:0,app.cpp:_ZNK6draxul11HostManager13for_each_hostIZNS_3App21dispatch_to_nvim_hostENSt3__117basic_string_viewIcNS3_11char_traitsIcEEEEE3$_0EEvOT_
FNDA:0,app.cpp:_ZZNK6draxul11HostManager13for_each_hostIZNS_3App21dispatch_to_nvim_hostENSt3__117basic_string_viewIcNS3_11char_traitsIcEEEEE3$_0EEvOT_ENKUliRKNS_14PaneDescriptorEE_clEiSD_
FNDA:0,app.cpp:_ZNK6draxul11HostManager13for_each_hostIZNKS_3App15wait_timeout_msENSt3__18optionalINS3_6chrono10time_pointINS5_12steady_clockENS5_8durationIxNS3_5ratioILl1ELl1000000000EEEEEEEEEE3$_0EEvOT_
FNDA:0,app.cpp:_ZZNK6draxul11HostManager13for_each_hostIZNKS_3App15wait_timeout_msENSt3__18optionalINS3_6chrono10time_pointINS5_12steady_clockENS5_8durationIxNS3_5ratioILl1ELl1000000000EEEEEEEEEE3$_0EEvOT_ENKUliRKNS_14PaneDescriptorEE_clEiSJ_
FNF:9
FNH:6
DA:89,2
DA:90,2
DA:91,2
DA:95,0
DA:96,0
DA:97,0
DA:104,42
DA:105,42
DA:106,42
DA:109,0
DA:110,0
DA:111,0
DA:128,11
DA:129,11
DA:130,11
DA:131,11
DA:132,11
DA:133,11
DA:134,11
DA:137,1
DA:138,1
DA:139,1
DA:141,0
DA:142,0
DA:143,0
DA:146,7
DA:147,7
DA:148,7
BRDA:131,0,0,1
BRDA:131,0,1,0
BRDA:131,1,2,1
BRDA:131,1,3,0
BRDA:131,2,4,1
BRDA:131,2,5,0
BRDA:131,3,6,1
BRDA:131,3,7,0
BRDA:131,4,8,5
BRDA:131,4,9,0
BRDA:131,5,10,5
BRDA:131,5,11,0
BRDA:131,6,12,2
BRDA:131,6,13,0
BRDA:131,7,14,2
BRDA:131,7,15,0
BRDA:131,8,16,2
BRDA:131,8,17,0
BRDA:131,9,18,2
BRDA:131,9,19,0
BRDA:131,10,20,-
BRDA:131,10,21,-
BRDA:131,11,22,-
BRDA:131,11,23,-
BRDA:131,12,24,-
BRDA:131,12,25,-
BRDA:131,13,26,-
BRDA:131,13,27,-
BRDA:131,14,28,-
BRDA:131,14,29,-
BRDA:131,15,30,-
BRDA:131,15,31,-
BRDA:131,16,32,1
BRDA:131,16,33,0
BRDA:131,17,34,1
BRDA:131,17,35,0
BRDA:131,18,36,5
BRDA:131,18,37,0
BRDA:131,19,38,2
BRDA:131,19,39,0
BRDA:131,20,40,2
BRDA:131,20,41,0
BRDA:131,21,42,-
BRDA:131,21,43,-
BRDA:131,22,44,-
BRDA:131,22,45,-
BRDA:131,23,46,-
BRDA:131,23,47,-
BRF:6
BRH:3
LF:33
LH:24
end_of_record
SF:/Users/runner/work/Draxul/Draxul/app/input_dispatcher.cpp
FN:18,_ZN6draxul15InputDispatcherC2ENS0_4DepsE
FN:26,_ZN6draxul15InputDispatcher18host_for_mouse_posEii
FN:68,_ZN6draxul15InputDispatcher12on_key_eventERKNS_8KeyEventE
FN:145,_ZN6draxul15InputDispatcher21on_mouse_button_eventERKNS_16MouseButtonEventE
FN:169,_ZN6draxul15InputDispatcher19on_mouse_move_eventERKNS_14MouseMoveEventE
FN:192,_ZN6draxul15InputDispatcher20on_mouse_wheel_eventERKNS_15MouseWheelEventE
FN:234,_ZN6draxul15InputDispatcher8set_hostEPNS_5IHostE
FN:241,_ZN6draxul15InputDispatcher7connectERNS_7IWindowE
FN:294,_ZNK6draxul15InputDispatcher24gui_action_for_key_eventERKNS_8KeyEventE
FN:43,input_dispatcher.cpp:_ZN6draxulL20is_modifier_only_keyERKNS_8KeyEventE
FN:62,_ZN6draxul29request_imgui_frame_if_neededINS_15InputDispatcher4DepsEEEvRKT_
FN:243,input_dispatcher.cpp:_ZZN6draxul15InputDispatcher7connectERNS_7IWindowEENK3$_0clERKNS_8KeyEventE
FN:245,input_dispatcher.cpp:_ZZN6draxul15InputDispatcher7connectERNS_7IWindowEENK3$_1clERKNS_14TextInputEventE
FN:267,input_dispatcher.cpp:_ZZN6draxul15InputDispatcher7connectERNS_7IWindowEENK3$_2clERKNS_16TextEditingEventE
FN:273,input_dispatcher.cpp:_ZZN6draxul15InputDispatcher7connectERNS_7IWindowEENK3$_3clERKNS_16MouseButtonEventE
FN:274,input_dispatcher.cpp:_ZZN6draxul15InputDispatcher7connectERNS_7IWindowEENK3$_4clERKNS_14MouseMoveEventE
FN:275,input_dispatcher.cpp:_ZZN6draxul15InputDispatcher7connectERNS_7IWindowEENK3$_5clERKNS_15MouseWheelEventE
FN:277,input_dispatcher.cpp:_ZZN6draxul15InputDispatcher7connectERNS_7IWindowEENK3$_6clERKNS_17WindowResizeEventE
FN:282,input_dispatcher.cpp:_ZZN6draxul15InputDispatcher7connectERNS_7IWindowEENK3$_7clERKNS_17DisplayScaleEventE
FN:287,input_dispatcher.cpp:_ZZN6draxul15InputDispatcher7connectERNS_7IWindowEENK3$_8clENSt3__117basic_string_viewIcNS4_11char_traitsIcEEEE
FNDA:78,_ZN6draxul15InputDispatcherC2ENS0_4DepsE
FNDA:3,_ZN6draxul15InputDispatcher18host_for_mouse_posEii
FNDA:4,_ZN6draxul15InputDispatcher12on_key_eventERKNS_8KeyEventE
FNDA:2,_ZN6draxul15InputDispatcher21on_mouse_button_eventERKNS_16MouseButtonEventE
FNDA:0,_ZN6draxul15InputDispatcher19on_mouse_move_eventERKNS_14MouseMoveEventE
FNDA:1,_ZN6draxul15InputDispatcher20on_mouse_wheel_eventERKNS_15MouseWheelEventE
FNDA:5,_ZN6draxul15InputDispatcher8set_hostEPNS_5IHostE
FNDA:18,_ZN6draxul15InputDispatcher7connectERNS_7IWindowE
FNDA:13,_ZNK6draxul15InputDispatcher24gui_action_for_key_eventERKNS_8KeyEventE
FNDA:0,input_dispatcher.cpp:_ZN6draxulL20is_modifier_only_keyERKNS_8KeyEventE
FNDA:4,_ZN6draxul29request_imgui_frame_if_neededINS_15InputDispatcher4DepsEEEvRKT_
FNDA:4,input_dispatcher.cpp:_ZZN6draxul15InputDispatcher7connectERNS_7IWindowEENK3$_0clERKNS_8KeyEventE
FNDA:1,input_dispatcher.cpp:_ZZN6draxul15InputDispatcher7connectERNS_7IWindowEENK3$_1clERKNS_14TextInputEventE
FNDA:1,input_dispatcher.cpp:_ZZN6draxul15InputDispatcher7connectERNS_7IWindowEENK3$_2clERKNS_16TextEditingEventE
FNDA:2,input_dispatcher.cpp:_ZZN6draxul15InputDispatcher7connectERNS_7IWindowEENK3$_3clERKNS_16MouseButtonEventE
FNDA:0,input_dispatcher.cpp:_ZZN6draxul15InputDispatcher7connectERNS_7IWindowEENK3$_4clERKNS_14MouseMoveEventE
FNDA:1,input_dispatcher.cpp:_ZZN6draxul15InputDispatcher7connectERNS_7IWindowEENK3$_5clERKNS_15MouseWheelEventE
FNDA:0,input_dispatcher.cpp:_ZZN6draxul15InputDispatcher7connectERNS_7IWindowEENK3$_6clERKNS_17WindowResizeEventE
FNDA:1,input_dispatcher.cpp:_ZZN6draxul15InputDispatcher7connectERNS_7IWindowEENK3$_7clERKNS_17DisplayScaleEventE
FNDA:2,input_dispatcher.cpp:_ZZN6draxul15InputDispatcher7connectERNS_7IWindowEENK3$_8clENSt3__117basic_string_viewIcNS4_11char_traitsIcEEEE
FNF:20
FNH:16
DA:18,78
DA:19,78
DA:20,78
DA:26,3
DA:27,3
DA:28,3
DA:29,0
DA:30,0
DA:31,0
DA:32,0
DA:33,0
DA:34,0
DA:35,0
DA:36,0
DA:37,0
DA:38,0
DA:39,3
DA:40,3
DA:43,0
DA:44,0
DA:45,0
DA:46,0
DA:47,0
DA:48,0
DA:49,0
DA:50,0
DA:51,0
DA:52,0
DA:53,0
DA:54,0
DA:55,0
DA:56,0
DA:57,0
DA:58,0
DA:62,4
DA:63,4
DA:64,0
DA:65,4
DA:68,4
DA:69,4
DA:72,4
DA:73,1
DA:74,1
DA:75,0
DA:76,0
DA:77,0
DA:78,0
DA:79,0
DA:80,0
DA:81,1
DA:83,4
DA:84,3
DA:85,3
DA:86,0
DA:89,0
DA:90,0
DA:91,0
DA:92,0
DA:93,0
DA:94,0
DA:96,0
DA:97,0
DA:98,0
DA:99,0
DA:100,0
DA:101,0
DA:102,0
DA:103,0
DA:104,0
DA:105,0
DA:106,0
DA:107,0
DA:108,0
DA:110,0
DA:111,3
DA:112,3
DA:114,3
DA:115,3
DA:116,3
DA:117,27
DA:118,27
DA:119,0
DA:120,0
DA:121,0
DA:122,0
DA:123,27
DA:124,3
DA:126,3
DA:127,3
DA:128,2
DA:129,3
DA:130,3
DA:131,1
DA:132,1
DA:137,1
DA:138,2
DA:139,2
DA:140,2
DA:141,2
DA:142,2
DA:145,2
DA:146,2
DA:147,2
DA:148,2
DA:149,2
DA:150,0
DA:151,2
DA:152,0
DA:153,2
DA:154,0
DA:155,0
DA:156,0
DA:157,2
DA:158,2
DA:161,2
DA:162,2
DA:163,2
DA:164,2
DA:165,2
DA:166,2
DA:169,0
DA:170,0
DA:171,0
DA:172,0
DA:173,0
DA:174,0
DA:175,0
DA:176,0
DA:177,0
DA:178,0
DA:179,0
DA:180,0
DA:181,0
DA:182,0
DA:183,0
DA:184,0
DA:185,0
DA:186,0
DA:187,0
DA:188,0
DA:189,0
DA:192,1
DA:193,1
DA:194,1
DA:195,1
DA:196,1
DA:197,0
DA:198,1
DA:199,0
DA:200,1
DA:201,0
DA:202,1
DA:203,0
DA:206,1
DA:207,1
DA:208,1
DA:210,1
DA:211,0
DA:212,0
DA:213,0
DA:214,0
DA:215,0
DA:216,0
DA:217,0
DA:218,0
DA:219,0
DA:220,0
DA:221,0
DA:222,0
DA:223,0
DA:224,0
DA:225,0
DA:226,1
DA:227,1
DA:228,1
DA:229,1
DA:230,1
DA:231,1
DA:234,5
DA:235,5
DA:236,1
DA:237,5
DA:238,5
DA:241,18
DA:242,18
DA:243,18
DA:245,18
DA:246,1
DA:247,0
DA:248,0
DA:249,0
DA:250,0
DA:252,1
DA:253,0
DA:254,0
DA:255,0
DA:256,0
DA:257,0
DA:258,0
DA:259,0
DA:260,0
DA:261,1
DA:262,1
DA:263,1
DA:264,1
DA:265,1
DA:267,18
DA:268,1
DA:269,1
DA:270,1
DA:271,1
DA:273,18
DA:274,18
DA:275,18
DA:277,18
DA:278,0
DA:279,0
DA:280,0
DA:282,18
DA:283,1
DA:284,1
DA:285,1
DA:287,18
DA:288,2
DA:289,2
DA:290,2
DA:291,18
DA:294,13
DA:295,13
DA:296,13
DA:297,1
DA:298,12
DA:299,46
DA:301,46
DA:302,9
DA:303,37
DA:304,6
DA:305,37
DA:306,6
DA:307,12
BRDA:28,0,0,0
BRDA:28,0,1,3
BRDA:33,0,0,-
BRDA:33,0,1,-
BRDA:46,0,0,-
BRDA:46,0,1,-
BRDA:47,0,0,-
BRDA:47,0,1,-
BRDA:48,0,0,-
BRDA:48,0,1,-
BRDA:49,0,0,-
BRDA:49,0,1,-
BRDA:50,0,0,-
BRDA:50,0,1,-
BRDA:51,0,0,-
BRDA:51,0,1,-
BRDA:52,0,0,-
BRDA:52,0,1,-
BRDA:53,0,0,-
BRDA:53,0,1,-
BRDA:55,0,0,-
BRDA:55,0,1,-
BRDA:63,0,0,0
BRDA:63,0,1,4
BRDA:63,1,2,-
BRDA:63,1,3,-
BRDA:72,0,0,1
BRDA:72,0,1,3
BRDA:74,0,0,0
BRDA:74,0,1,1
BRDA:83,0,0,3
BRDA:83,0,1,1
BRDA:85,0,0,0
BRDA:85,0,1,3
BRDA:89,0,0,-
BRDA:89,0,1,-
BRDA:97,0,0,-
BRDA:97,0,1,-
BRDA:97,1,2,-
BRDA:97,1,3,-
BRDA:99,0,0,-
BRDA:99,0,1,-
BRDA:101,0,0,-
BRDA:101,0,1,-
BRDA:101,1,2,-
BRDA:101,1,3,-
BRDA:114,0,0,3
BRDA:114,0,1,0
BRDA:116,0,0,27
BRDA:116,0,1,3
BRDA:118,0,0,0
BRDA:118,0,1,27
BRDA:127,0,0,2
BRDA:127,0,1,1
BRDA:127,1,2,2
BRDA:127,1,3,0
BRDA:127,2,4,2
BRDA:127,2,5,0
BRDA:140,0,0,2
BRDA:140,0,1,0
BRDA:140,1,2,2
BRDA:140,1,3,0
BRDA:149,0,0,0
BRDA:149,0,1,2
BRDA:149,1,2,-
BRDA:149,1,3,-
BRDA:151,0,0,0
BRDA:151,0,1,2
BRDA:153,0,0,0
BRDA:153,0,1,2
BRDA:157,0,0,2
BRDA:157,0,1,0
BRDA:173,0,0,-
BRDA:173,0,1,-
BRDA:173,1,2,-
BRDA:173,1,3,-
BRDA:175,0,0,-
BRDA:175,0,1,-
BRDA:177,0,0,-
BRDA:177,0,1,-
BRDA:181,0,0,-
BRDA:181,0,1,-
BRDA:196,0,0,0
BRDA:196,0,1,1
BRDA:196,1,2,-
BRDA:196,1,3,-
BRDA:198,0,0,0
BRDA:198,0,1,1
BRDA:200,0,0,0
BRDA:200,0,1,1
BRDA:202,0,0,0
BRDA:202,0,1,1
BRDA:210,0,0,0
BRDA:210,0,1,1
BRDA:210,1,2,-
BRDA:210,1,3,-
BRDA:214,0,0,-
BRDA:214,0,1,-
BRDA:216,0,0,-
BRDA:216,0,1,-
BRDA:223,0,0,-
BRDA:223,0,1,-
BRDA:235,0,0,5
BRDA:235,0,1,0
BRDA:235,1,2,1
BRDA:235,1,3,4
BRDA:246,0,0,0
BRDA:246,0,1,1
BRDA:252,0,0,0
BRDA:252,0,1,1
BRDA:254,0,0,-
BRDA:254,0,1,-
BRDA:263,0,0,1
BRDA:263,0,1,0
BRDA:263,1,2,1
BRDA:263,1,3,0
BRDA:269,0,0,1
BRDA:269,0,1,0
BRDA:278,0,0,-
BRDA:278,0,1,-
BRDA:283,0,0,1
BRDA:283,0,1,0
BRDA:288,0,0,2
BRDA:288,0,1,0
BRDA:296,0,0,1
BRDA:296,0,1,12
BRDA:298,0,0,46
BRDA:298,0,1,6
BRDA:301,0,0,9
BRDA:301,0,1,37
BRDA:303,0,0,6
BRDA:303,0,1,31
BRF:132
BRH:45
LF:281
LH:161
end_of_record
SF:/Users/runner/work/Draxul/Draxul/app/input_dispatcher.h
FN:68,_ZN6draxul15InputDispatcher15set_pixel_scaleENS_10PixelScaleE
FN:73,_ZN6draxul15InputDispatcher17set_scroll_configEbf
FN:85,_ZNK6draxul15InputDispatcher15scroll_fractionEv
FN:91,_ZNK6draxul15InputDispatcher16had_scroll_eventEv
FN:99,_ZN6draxul15InputDispatcher18clear_scroll_eventEv
FNDA:26,_ZN6draxul15InputDispatcher15set_pixel_scaleENS_10PixelScaleE
FNDA:1,_ZN6draxul15InputDispatcher17set_scroll_configEbf
FNDA:2,_ZNK6draxul15InputDispatcher15scroll_fractionEv
FNDA:0,_ZNK6draxul15InputDispatcher16had_scroll_eventEv
[...]
FNDA:46,_ZN6draxul7UiPanel8shutdownEv
FNDA:15,_ZN6draxul7UiPanel8set_fontERKNSt3__112basic_stringIcNS1_11char_traitsIcEENS1_9allocatorIcEEEEf
FNDA:14,_ZN6draxul7UiPanel11set_visibleEb
FNDA:1,_ZN6draxul7UiPanel14toggle_visibleEv
FNDA:4,_ZNK6draxul7UiPanel7visibleEv
FNDA:15,_ZN6draxul7UiPanel18set_window_metricsEiiiiif
FNDA:32,_ZNK6draxul7UiPanel6layoutEv
FNDA:2,_ZN6draxul7UiPanel23update_diagnostic_stateERKNS_20DiagnosticPanelStateE
FNDA:1,_ZN6draxul7UiPanel11begin_frameEf
FNDA:1,_ZN6draxul7UiPanel6renderERNS_13IFrameContextEf
FNDA:1,_ZNK6draxul7UiPanel9end_frameEv
FNDA:1,_ZNK6draxul7UiPanel27render_into_current_contextEv
FNDA:0,_ZN6draxul7UiPanel13on_mouse_moveERKNS_14MouseMoveEventE
FNDA:2,_ZN6draxul7UiPanel15on_mouse_buttonERKNS_16MouseButtonEventE
FNDA:1,_ZN6draxul7UiPanel14on_mouse_wheelERKNS_15MouseWheelEventE
FNDA:1,_ZN6draxul7UiPanel13on_text_inputERKNS_14TextInputEventE
FNDA:2,_ZN6draxul7UiPanel6on_keyERKNS_8KeyEventE
FNDA:7,_ZNK6draxul7UiPanel14wants_keyboardEv
FNDA:6,_ZNK6draxul7UiPanel11wants_mouseEv
FNDA:1,ui_panel.cpp:_ZN6draxul12_GLOBAL__N_120render_panel_windowsERKNS_11PanelLayoutERKNS_20DiagnosticPanelStateE
FNDA:1,ui_panel.cpp:_ZN6draxul12_GLOBAL__N_117create_dock_spaceEv
FNDA:1,ui_panel.cpp:_ZN6draxul12_GLOBAL__N_117render_window_tabERKNS_11PanelLayoutERKNS_20DiagnosticPanelStateE
FNDA:1,ui_panel.cpp:_ZN6draxul12_GLOBAL__N_122render_renderer_windowERKNS_20DiagnosticPanelStateE
FNDA:1,ui_panel.cpp:_ZN6draxul12_GLOBAL__N_121render_startup_windowERKNS_20DiagnosticPanelStateE
FNF:30
FNH:29
DA:29,1
DA:30,1
DA:31,1
DA:32,1
DA:34,1
DA:35,1
DA:36,1
DA:37,1
DA:39,1
DA:40,1
DA:41,1
DA:42,1
DA:43,1
DA:44,1
DA:45,1
DA:46,1
DA:47,1
DA:48,1
DA:49,1
DA:50,1
DA:51,1
DA:53,1
DA:54,1
DA:55,1
DA:58,1
DA:59,1
DA:60,1
DA:61,0
DA:62,1
DA:63,1
DA:66,1
DA:67,1
DA:68,1
DA:69,0
DA:70,1
DA:71,1
DA:74,1
DA:75,1
DA:76,1
DA:77,0
DA:78,1
DA:79,1
DA:82,1
DA:83,1
DA:84,1
DA:85,0
DA:87,1
DA:88,1
DA:89,1
DA:90,1
DA:91,1
DA:92,1
DA:93,1
DA:95,1
DA:96,1
DA:98,1
DA:99,1
DA:100,1
DA:101,1
DA:102,1
DA:103,1
DA:104,1
DA:105,1
DA:107,1
DA:108,1
DA:109,1
DA:111,1
DA:112,1
DA:113,1
DA:114,0
DA:115,0
DA:116,0
DA:117,0
DA:118,1
DA:133,51
DA:134,51
DA:135,51
DA:136,51
DA:137,51
DA:138,51
DA:140,51
DA:141,51
DA:142,51
DA:144,51
DA:145,51
DA:146,2
DA:147,2
DA:148,2
DA:149,2
DA:150,2
DA:152,51
DA:153,51
DA:154,51
DA:156,51
DA:157,51
DA:158,51
DA:159,51
DA:165,51
DA:166,2
DA:167,2
DA:168,2
DA:169,2
DA:170,2
DA:171,2
DA:173,51
DA:174,51
DA:177,32
DA:178,32
DA:179,32
DA:182,32
DA:183,32
DA:184,32
DA:185,32
DA:188,24
DA:189,24
DA:190,24
DA:191,0
DA:193,24
DA:194,24
DA:195,24
DA:196,0
DA:198,24
DA:199,24
DA:200,24
DA:201,24
DA:202,24
DA:203,24
DA:204,24
DA:205,24
DA:206,24
DA:207,24
DA:208,24
DA:211,14
DA:212,14
DA:213,14
DA:216,1
DA:217,1
DA:218,1
DA:219,1
DA:220,1
DA:223,46
DA:224,46
DA:225,46
DA:226,22
DA:228,24
DA:229,24
DA:230,14
DA:231,14
DA:232,14
DA:233,14
DA:234,24
DA:235,24
DA:236,24
DA:239,15
DA:240,15
DA:241,15
DA:242,15
DA:244,15
DA:245,0
DA:247,15
DA:248,15
DA:249,15
DA:251,15
DA:252,15
DA:254,15
DA:255,0
DA:257,15
DA:258,1
DA:259,15
DA:262,14
DA:263,14
DA:264,14
DA:267,1
DA:268,1
DA:269,1
DA:272,4
DA:273,4
DA:274,4
DA:277,15
DA:278,15
DA:279,15
DA:282,32
DA:283,32
DA:284,32
DA:287,2
DA:288,2
DA:289,2
DA:290,2
DA:291,2
DA:294,1
DA:295,1
DA:296,1
DA:297,0
DA:299,1
DA:300,1
DA:301,1
DA:302,1
DA:303,1
DA:304,1
DA:307,1
DA:308,1
DA:309,1
DA:310,0
DA:312,1
DA:313,1
DA:314,1
DA:315,1
DA:316,1
DA:317,1
DA:318,1
DA:319,1
DA:320,1
DA:323,1
DA:324,1
DA:325,1
DA:326,0
DA:328,1
DA:329,1
DA:330,1
DA:331,1
DA:334,1
DA:335,1
DA:336,1
DA:339,0
DA:340,0
DA:341,0
DA:342,0
DA:344,0
DA:345,0
DA:346,0
DA:347,0
DA:350,2
DA:351,2
DA:352,2
DA:353,0
DA:355,2
DA:357,2
DA:358,2
DA:359,2
DA:360,2
DA:361,2
DA:362,2
DA:363,0
DA:364,0
DA:365,0
DA:366,0
DA:367,0
DA:368,0
DA:369,0
DA:370,0
DA:371,2
DA:373,2
DA:374,2
DA:375,2
DA:378,1
DA:379,1
DA:380,1
DA:381,0
DA:383,1
DA:384,1
DA:385,1
DA:388,1
DA:389,1
DA:390,1
DA:391,0
DA:393,1
DA:394,1
DA:395,1
DA:398,2
DA:399,2
DA:400,2
DA:401,0
DA:403,2
DA:404,2
DA:406,2
DA:407,2
DA:408,2
DA:409,2
DA:410,2
DA:412,2
DA:413,2
DA:414,0
DA:415,2
DA:418,7
DA:419,7
DA:420,0
DA:422,7
DA:423,7
DA:424,7
DA:427,6
DA:428,6
DA:429,0
DA:431,6
DA:432,6
DA:433,6
BRDA:34,0,0,1
BRDA:34,0,1,0
BRDA:60,0,0,0
BRDA:60,0,1,1
BRDA:68,0,0,0
BRDA:68,0,1,1
BRDA:76,0,0,0
BRDA:76,0,1,1
BRDA:84,0,0,0
BRDA:84,0,1,1
BRDA:84,1,2,0
BRDA:84,1,3,1
BRDA:102,0,0,1
BRDA:102,0,1,0
BRDA:111,0,0,1
BRDA:111,0,1,0
BRDA:137,0,0,51
BRDA:137,0,1,0
BRDA:145,0,0,2
BRDA:145,0,1,49
BRDA:145,1,2,2
BRDA:145,1,3,0
BRDA:165,0,0,2
BRDA:165,0,1,49
BRDA:190,0,0,0
BRDA:190,0,1,24
BRDA:195,0,0,0
BRDA:195,0,1,24
BRDA:218,0,0,1
BRDA:218,0,1,0
BRDA:225,0,0,22
BRDA:225,0,1,24
BRDA:229,0,0,14
BRDA:229,0,1,10
BRDA:244,0,0,0
BRDA:244,0,1,15
BRDA:251,0,0,15
BRDA:251,0,1,0
BRDA:251,1,2,15
BRDA:251,1,3,0
BRDA:254,0,0,0
BRDA:254,0,1,15
BRDA:257,0,0,1
BRDA:257,0,1,14
BRDA:296,0,0,0
BRDA:296,0,1,1
BRDA:302,0,0,1
BRDA:302,0,1,0
BRDA:309,0,0,0
BRDA:309,0,1,1
BRDA:309,1,2,0
BRDA:309,1,3,1
BRDA:309,2,4,0
BRDA:309,2,5,1
BRDA:313,0,0,1
BRDA:313,0,1,0
BRDA:318,0,0,1
BRDA:318,0,1,0
BRDA:325,0,0,0
BRDA:325,0,1,1
BRDA:341,0,0,-
BRDA:341,0,1,-
BRDA:352,0,0,0
BRDA:352,0,1,2
BRDA:360,0,0,2
BRDA:360,0,1,0
BRDA:363,0,0,0
BRDA:363,0,1,2
BRDA:366,0,0,0
BRDA:366,0,1,2
BRDA:369,0,0,0
BRDA:369,0,1,2
BRDA:373,0,0,2
BRDA:373,0,1,0
BRDA:380,0,0,0
BRDA:380,0,1,1
BRDA:390,0,0,0
BRDA:390,0,1,1
BRDA:390,1,2,0
BRDA:390,1,3,1
BRDA:400,0,0,0
BRDA:400,0,1,2
BRDA:413,0,0,0
BRDA:413,0,1,2
BRDA:419,0,0,0
BRDA:419,0,1,7
BRDA:428,0,0,0
BRDA:428,0,1,6
BRF:88
BRH:48
LF:295
LH:257
end_of_record
SF:/Users/runner/work/Draxul/Draxul/libs/draxul-ui/src/ui_panel_style.cpp
FN:10,_ZN6draxul17apply_panel_styleEv
FNDA:24,_ZN6draxul17apply_panel_styleEv
FNF:1
FNH:1
DA:10,24
DA:11,24
DA:12,24
DA:13,24
DA:14,24
DA:15,24
DA:16,24
DA:17,24
DA:18,24
DA:19,24
DA:20,24
DA:21,24
DA:22,24
DA:23,24
DA:24,24
DA:25,24
BRF:0
BRH:0
LF:16
LH:16
end_of_record
SF:/Users/runner/work/Draxul/Draxul/libs/draxul-window/include/draxul/sdl_window.h
FN:14,_ZN6draxul9SdlWindow20set_clamp_to_displayEb
FN:18,_ZN6draxul9SdlWindow10set_hiddenEb
FN:30,_ZN6draxul9SdlWindow13native_handleEv
FNDA:0,_ZN6draxul9SdlWindow20set_clamp_to_displayEb
FNDA:0,_ZN6draxul9SdlWindow10set_hiddenEb
FNDA:0,_ZN6draxul9SdlWindow13native_handleEv
FNF:3
FNH:0
DA:14,0
DA:15,0
DA:16,0
DA:18,0
DA:19,0
DA:20,0
DA:30,0
DA:31,0
DA:32,0
BRF:0
BRH:0
LF:9
LH:0
end_of_record
SF:/Users/runner/work/Draxul/Draxul/libs/draxul-window/include/draxul/window.h
FN:23,_ZNK6draxul7IWindow12width_pixelsEv
FN:28,_ZNK6draxul7IWindow13height_pixelsEv
FN:33,_ZNK6draxul7IWindow13width_logicalEv
FN:38,_ZNK6draxul7IWindow14height_logicalEv
FN:48,_ZN6draxul7IWindow35normalize_render_target_window_sizeEii
FN:54,_ZN6draxul7IWindow4wakeEv
FN:59,_ZN6draxul7IWindow8activateEv
FN:64,_ZN6draxul7IWindow11wait_eventsEi
FN:69,_ZN6draxul7IWindow20set_clamp_to_displayEb
FN:74,_ZN6draxul7IWindow10set_hiddenEb
FN:82,_ZN6draxul7IWindow21show_open_file_dialogEv
FN:89,_ZN6draxul7IWindow19set_title_bar_colorEN3glm3vecILi4EfLNS1_9qualifierE0EEE
FN:15,_ZN6draxul7IWindowD2Ev
FNDA:48,_ZNK6draxul7IWindow12width_pixelsEv
FNDA:0,_ZNK6draxul7IWindow13height_pixelsEv
FNDA:62,_ZNK6draxul7IWindow13width_logicalEv
FNDA:0,_ZNK6draxul7IWindow14height_logicalEv
FNDA:0,_ZN6draxul7IWindow35normalize_render_target_window_sizeEii
FNDA:37,_ZN6draxul7IWindow4wakeEv
FNDA:0,_ZN6draxul7IWindow8activateEv
FNDA:0,_ZN6draxul7IWindow11wait_eventsEi
FNDA:0,_ZN6draxul7IWindow20set_clamp_to_displayEb
FNDA:0,_ZN6draxul7IWindow10set_hiddenEb
FNDA:0,_ZN6draxul7IWindow21show_open_file_dialogEv
FNDA:146,_ZN6draxul7IWindow19set_title_bar_colorEN3glm3vecILi4EfLNS1_9qualifierE0EEE
FNDA:201,_ZN6draxul7IWindowD2Ev
FNF:13
FNH:5
DA:15,201
DA:23,48
DA:24,48
DA:25,48
DA:26,48
DA:28,0
DA:29,0
DA:30,0
DA:31,0
DA:33,62
DA:34,62
DA:35,62
DA:36,62
DA:38,0
DA:39,0
DA:40,0
DA:41,0
DA:48,0
DA:50,0
DA:54,37
DA:56,37
DA:59,0
DA:61,0
DA:64,0
DA:65,0
DA:66,0
DA:69,0
DA:71,0
DA:74,0
DA:76,0
DA:82,0
DA:84,0
DA:89,146
DA:91,146
BRF:0
BRH:0
LF:34
LH:13
end_of_record
SF:/Users/runner/work/Draxul/Draxul/libs/draxul-window/src/sdl_clipboard.cpp
FN:9,_ZN6draxul3sdl18get_clipboard_textEv
FN:20,_ZN6draxul3sdl18set_clipboard_textERKNSt3__112basic_stringIcNS1_11char_traitsIcEENS1_9allocatorIcEEEE
FNDA:0,_ZN6draxul3sdl18get_clipboard_textEv
FNDA:0,_ZN6draxul3sdl18set_clipboard_textERKNSt3__112basic_stringIcNS1_11char_traitsIcEENS1_9allocatorIcEEEE
FNF:2
FNH:0
DA:9,0
DA:10,0
DA:11,0
DA:12,0
DA:13,0
DA:14,0
DA:15,0
DA:16,0
DA:17,0
DA:20,0
DA:21,0
DA:22,0
BRDA:12,0,0,-
BRDA:12,0,1,-
BRF:2
BRH:0
LF:12
LH:0
end_of_record
SF:/Users/runner/work/Draxul/Draxul/libs/draxul-window/src/sdl_event_translator.cpp
FN:9,_ZN6draxul3sdl13translate_keyERK9SDL_Event
FN:22,_ZN6draxul3sdl20translate_text_inputERK9SDL_Event
FN:30,_ZN6draxul3sdl22translate_text_editingERK9SDL_Event
FN:38,_ZN6draxul3sdl22translate_mouse_buttonERK9SDL_Event
FN:55,_ZN6draxul3sdl20translate_mouse_moveERK9SDL_Event
FN:71,_ZN6draxul3sdl21translate_mouse_wheelERK9SDL_Event
FN:87,_ZN6draxul3sdl16translate_resizeEP10SDL_WindowRK9SDL_Event
FN:97,_ZN6draxul3sdl23translate_display_scaleEP10SDL_WindowRK9SDL_Event
FN:108,_ZN6draxul3sdl19translate_file_dropERK9SDL_Event
FNDA:0,_ZN6draxul3sdl13translate_keyERK9SDL_Event
FNDA:0,_ZN6draxul3sdl20translate_text_inputERK9SDL_Event
FNDA:0,_ZN6draxul3sdl22translate_text_editingERK9SDL_Event
FNDA:0,_ZN6draxul3sdl22translate_mouse_buttonERK9SDL_Event
FNDA:0,_ZN6draxul3sdl20translate_mouse_moveERK9SDL_Event
FNDA:0,_ZN6draxul3sdl21translate_mouse_wheelERK9SDL_Event
FNDA:0,_ZN6draxul3sdl16translate_resizeEP10SDL_WindowRK9SDL_Event
FNDA:0,_ZN6draxul3sdl23translate_display_scaleEP10SDL_WindowRK9SDL_Event
FNDA:0,_ZN6draxul3sdl19translate_file_dropERK9SDL_Event
FNF:9
FNH:0
DA:9,0
DA:10,0
DA:11,0
DA:12,0
DA:13,0
DA:14,0
DA:15,0
DA:16,0
DA:17,0
DA:18,0
DA:19,0
DA:22,0
DA:23,0
DA:24,0
DA:25,0
DA:26,0
DA:27,0
DA:30,0
DA:31,0
DA:32,0
DA:33,0
DA:34,0
DA:35,0
DA:38,0
DA:39,0
DA:40,0
DA:41,0
DA:46,0
DA:47,0
DA:48,0
DA:49,0
DA:50,0
DA:51,0
DA:52,0
DA:55,0
DA:56,0
DA:57,0
DA:58,0
DA:63,0
DA:64,0
DA:65,0
DA:66,0
DA:67,0
DA:68,0
DA:71,0
DA:72,0
DA:73,0
DA:74,0
DA:79,0
DA:80,0
DA:81,0
DA:82,0
DA:83,0
DA:84,0
DA:87,0
DA:88,0
DA:89,0
DA:90,0
DA:91,0
DA:92,0
DA:93,0
DA:94,0
DA:97,0
DA:98,0
DA:99,0
DA:100,0
DA:101,0
DA:102,0
DA:103,0
DA:104,0
DA:105,0
DA:108,0
DA:109,0
DA:110,0
DA:111,0
DA:112,0
DA:113,0
BRDA:11,0,0,-
BRDA:11,0,1,-
BRDA:11,1,2,-
BRDA:11,1,3,-
BRDA:24,0,0,-
BRDA:24,0,1,-
BRDA:32,0,0,-
BRDA:32,0,1,-
BRDA:40,0,0,-
BRDA:40,0,1,-
BRDA:40,1,2,-
BRDA:40,1,3,-
BRDA:57,0,0,-
BRDA:57,0,1,-
BRDA:73,0,0,-
BRDA:73,0,1,-
BRDA:89,0,0,-
BRDA:89,0,1,-
BRDA:99,0,0,-
BRDA:99,0,1,-
BRDA:102,0,0,-
BRDA:102,0,1,-
BRDA:110,0,0,-
BRDA:110,0,1,-
BRDA:110,1,2,-
BRDA:110,1,3,-
BRF:26
BRH:0
LF:77
LH:0
end_of_record
SF:/Users/runner/work/Draxul/Draxul/libs/draxul-window/src/sdl_file_dialog.cpp
FN:10,_ZN6draxul3sdl21show_open_file_dialogEP10SDL_Windowj
FN:53,_ZN6draxul3sdl24handle_file_dialog_eventERK9SDL_EventjRKNSt3__18functionIFvRKNS4_12basic_stringIcNS4_11char_traitsIcEENS4_9allocatorIcEEEEEEE
FN:20,sdl_file_dialog.cpp:_ZZN6draxul3sdl21show_open_file_dialogEP10SDL_WindowjENK3$_0clEPvPKPKci
FNDA:0,_ZN6draxul3sdl21show_open_file_dialogEP10SDL_Windowj
FNDA:0,_ZN6draxul3sdl24handle_file_dialog_eventERK9SDL_EventjRKNSt3__18functionIFvRKNS4_12basic_stringIcNS4_11char_traitsIcEENS4_9allocatorIcEEEEEEE
FNDA:0,sdl_file_dialog.cpp:_ZZN6draxul3sdl21show_open_file_dialogEP10SDL_WindowjENK3$_0clEPvPKPKci
FNF:3
FNH:0
DA:10,0
DA:11,0
DA:12,0
DA:13,0
DA:14,0
DA:15,0
DA:16,0
DA:17,0
DA:19,0
DA:20,0
DA:21,0
DA:22,0
DA:23,0
DA:24,0
DA:26,0
DA:27,0
DA:28,0
DA:29,0
DA:30,0
DA:31,0
DA:32,0
DA:33,0
DA:34,0
DA:35,0
DA:36,0
DA:37,0
DA:39,0
DA:40,0
DA:41,0
DA:42,0
DA:43,0
DA:44,0
DA:45,0
DA:46,0
DA:47,0
DA:48,0
DA:53,0
DA:54,0
DA:55,0
DA:56,0
DA:57,0
DA:58,0
DA:59,0
DA:60,0
DA:61,0
BRDA:17,0,0,-
BRDA:17,0,1,-
BRDA:23,0,0,-
BRDA:23,0,1,-
BRDA:23,1,2,-
BRDA:23,1,3,-
BRDA:36,0,0,-
BRDA:36,0,1,-
BRDA:55,0,0,-
BRDA:55,0,1,-
BRDA:58,0,0,-
BRDA:58,0,1,-
BRDA:58,1,2,-
BRDA:58,1,3,-
BRF:14
BRH:0
LF:64
LH:0
end_of_record
SF:/Users/runner/work/Draxul/Draxul/libs/draxul-window/src/sdl_window.cpp
FN:140,_ZN6draxul9SdlWindow10initializeERKNSt3__112basic_stringIcNS1_11char_traitsIcEENS1_9allocatorIcEEEEii
FN:222,_ZN6draxul9SdlWindow16set_size_logicalEii
FN:232,_ZN6draxul9SdlWindow8activateEv
FN:268,_ZN6draxul9SdlWindow8shutdownEv
FN:279,_ZN6draxul9SdlWindow12handle_eventERK9SDL_Event
FN:356,_ZN6draxul9SdlWindow11poll_eventsEv
FN:368,_ZN6draxul9SdlWindow11wait_eventsEi
FN:390,_ZN6draxul9SdlWindow4wakeEv
FN:401,_ZNK6draxul9SdlWindow11size_pixelsEv
FN:412,_ZNK6draxul9SdlWindow12size_logicalEv
FN:423,_ZNK6draxul9SdlWindow11display_ppiEv
FN:434,_ZN6draxul9SdlWindow9set_titleERKNSt3__112basic_stringIcNS1_11char_traitsIcEENS1_9allocatorIcEEEE
FN:445,_ZNK6draxul9SdlWindow14clipboard_textEv
FN:450,_ZN6draxul9SdlWindow18set_clipboard_textERKNSt3__112basic_stringIcNS1_11char_traitsIcEENS1_9allocatorIcEEEE
FN:455,_ZN6draxul9SdlWindow19set_text_input_areaEiiii
FN:465,_ZN6draxul9SdlWindow19set_title_bar_colorEN3glm3vecILi4EfLNS1_9qualifierE0EEE
FN:489,_ZN6draxul9SdlWindow21show_open_file_dialogEv
FN:497,_ZN6draxul9SdlWindow35normalize_render_target_window_sizeEii
FN:34,sdl_window.cpp:_ZN6draxulL16log_display_infoEP10SDL_Window
FNDA:0,_ZN6draxul9SdlWindow10initializeERKNSt3__112basic_stringIcNS1_11char_traitsIcEENS1_9allocatorIcEEEEii
FNDA:0,_ZN6draxul9SdlWindow16set_size_logicalEii
FNDA:0,_ZN6draxul9SdlWindow8activateEv
FNDA:0,_ZN6draxul9SdlWindow8shutdownEv
FNDA:0,_ZN6draxul9SdlWindow12handle_eventERK9SDL_Event
FNDA:0,_ZN6draxul9SdlWindow11poll_eventsEv
FNDA:0,_ZN6draxul9SdlWindow11wait_eventsEi
FNDA:0,_ZN6draxul9SdlWindow4wakeEv
FNDA:0,_ZNK6draxul9SdlWindow11size_pixelsEv
FNDA:0,_ZNK6draxul9SdlWindow12size_logicalEv
FNDA:0,_ZNK6draxul9SdlWindow11display_ppiEv
FNDA:0,_ZN6draxul9SdlWindow9set_titleERKNSt3__112basic_stringIcNS1_11char_traitsIcEENS1_9allocatorIcEEEE
FNDA:0,_ZNK6draxul9SdlWindow14clipboard_textEv
FNDA:0,_ZN6draxul9SdlWindow18set_clipboard_textERKNSt3__112basic_stringIcNS1_11char_traitsIcEENS1_9allocatorIcEEEE
FNDA:0,_ZN6draxul9SdlWindow19set_text_input_areaEiiii
FNDA:0,_ZN6draxul9SdlWindow19set_title_bar_colorEN3glm3vecILi4EfLNS1_9qualifierE0EEE
FNDA:0,_ZN6draxul9SdlWindow21show_open_file_dialogEv
FNDA:0,_ZN6draxul9SdlWindow35normalize_render_target_window_sizeEii
FNDA:0,sdl_window.cpp:_ZN6draxulL16log_display_infoEP10SDL_Window
FNF:19
FNH:0
DA:34,0
DA:35,0
DA:36,0
DA:39,0
DA:40,0
DA:41,0
DA:42,0
DA:43,0
DA:44,0
DA:45,0
DA:46,0
DA:48,0
DA:50,0
DA:51,0
DA:52,0
DA:53,0
DA:54,0
DA:55,0
DA:56,0
DA:57,0
DA:58,0
DA:59,0
DA:60,0
DA:61,0
DA:62,0
DA:63,0
DA:64,0
DA:65,0
DA:66,0
DA:67,0
DA:68,0
DA:69,0
DA:70,0
DA:71,0
DA:72,0
DA:73,0
DA:74,0
DA:75,0
DA:135,0
DA:136,0
DA:140,0
DA:141,0
DA:142,0
DA:143,0
DA:145,0
DA:146,0
DA:147,0
DA:148,0
DA:149,0
DA:151,0
DA:155,0
DA:156,0
DA:158,0
DA:159,0
DA:160,0
DA:161,0
DA:162,0
DA:163,0
DA:164,0
DA:166,0
DA:167,0
DA:172,0
DA:173,0
DA:175,0
DA:176,0
DA:177,0
DA:178,0
DA:179,0
DA:180,0
DA:181,0
DA:182,0
DA:183,0
DA:184,0
DA:185,0
DA:186,0
DA:187,0
DA:188,0
DA:189,0
DA:190,0
DA:191,0
DA:192,0
DA:197,0
DA:198,0
DA:199,0
DA:200,0
DA:201,0
DA:202,0
DA:204,0
DA:205,0
DA:206,0
DA:207,0
DA:208,0
DA:211,0
DA:213,0
DA:214,0
DA:215,0
DA:216,0
DA:218,0
DA:219,0
DA:222,0
DA:223,0
DA:224,0
DA:225,0
DA:227,0
DA:228,0
DA:229,0
DA:232,0
DA:233,0
DA:234,0
DA:235,0
DA:237,0
DA:238,0
DA:239,0
DA:265,0
DA:268,0
DA:269,0
DA:270,0
DA:271,0
DA:272,0
DA:273,0
DA:274,0
DA:275,0
DA:276,0
DA:279,0
DA:280,0
DA:281,0
DA:282,0
DA:284,0
DA:285,0
DA:287,0
DA:288,0
DA:289,0
DA:290,0
DA:292,0
DA:293,0
DA:294,0
DA:295,0
DA:296,0
DA:298,0
DA:299,0
DA:300,0
DA:301,0
DA:302,0
DA:304,0
DA:305,0
DA:306,0
DA:307,0
DA:308,0
DA:309,0
DA:311,0
DA:312,0
DA:313,0
DA:314,0
DA:315,0
DA:317,0
DA:318,0
DA:319,0
DA:320,0
DA:321,0
DA:323,0
DA:324,0
DA:325,0
DA:326,0
DA:327,0
DA:328,0
DA:330,0
DA:331,0
DA:332,0
DA:333,0
DA:334,0
DA:336,0
DA:337,0
DA:338,0
DA:339,0
DA:340,0
DA:342,0
DA:343,0
DA:344,0
DA:345,0
DA:346,0
DA:348,0
DA:349,0
DA:350,0
DA:352,0
DA:353,0
DA:356,0
DA:357,0
DA:358,0
DA:359,0
DA:360,0
DA:361,0
DA:362,0
DA:363,0
DA:364,0
DA:365,0
DA:368,0
DA:369,0
DA:370,0
DA:371,0
DA:372,0
DA:373,0
DA:374,0
DA:375,0
DA:376,0
DA:377,0
DA:378,0
DA:379,0
DA:380,0
DA:381,0
DA:383,0
DA:384,0
DA:386,0
DA:387,0
DA:390,0
DA:391,0
DA:392,0
DA:393,0
DA:395,0
DA:396,0
DA:397,0
DA:398,0
DA:401,0
DA:402,0
DA:403,0
DA:404,0
DA:405,0
DA:406,0
DA:407,0
DA:408,0
DA:409,0
DA:412,0
DA:413,0
DA:414,0
DA:415,0
DA:416,0
DA:417,0
DA:418,0
DA:419,0
DA:420,0
DA:423,0
DA:424,0
DA:425,0
DA:426,0
DA:427,0
DA:428,0
DA:429,0
DA:430,0
DA:431,0
DA:434,0
DA:435,0
DA:436,0
DA:440,0
DA:441,0
DA:442,0
DA:445,0
DA:446,0
DA:447,0
DA:450,0
DA:451,0
DA:452,0
DA:455,0
DA:456,0
DA:457,0
DA:458,0
DA:460,0
DA:461,0
DA:462,0
DA:465,0
DA:466,0
DA:467,0
DA:468,0
DA:470,0
DA:472,0
DA:486,0
DA:489,0
DA:490,0
DA:491,0
DA:492,0
DA:493,0
DA:494,0
DA:497,0
DA:498,0
DA:499,0
DA:500,0
DA:502,0
DA:503,0
DA:504,0
DA:505,0
DA:506,0
DA:507,0
DA:509,0
DA:510,0
DA:511,0
DA:512,0
DA:513,0
DA:514,0
BRDA:56,0,0,-
BRDA:56,0,1,-
BRDA:65,0,0,-
BRDA:65,0,1,-
BRDA:73,0,0,-
BRDA:73,0,1,-
BRDA:145,0,0,-
BRDA:145,0,1,-
BRDA:159,0,0,-
BRDA:159,0,1,-
BRDA:172,0,0,-
BRDA:172,0,1,-
BRDA:175,0,0,-
BRDA:175,0,1,-
BRDA:179,0,0,-
BRDA:179,0,1,-
BRDA:179,1,2,-
BRDA:179,1,3,-
BRDA:183,0,0,-
BRDA:183,0,1,-
BRDA:185,0,0,-
BRDA:185,0,1,-
BRDA:187,0,0,-
BRDA:187,0,1,-
BRDA:189,0,0,-
BRDA:189,0,1,-
BRDA:204,0,0,-
BRDA:204,0,1,-
BRDA:214,0,0,-
BRDA:214,0,1,-
BRDA:224,0,0,-
BRDA:224,0,1,-
BRDA:234,0,0,-
BRDA:234,0,1,-
BRDA:270,0,0,-
BRDA:270,0,1,-
BRDA:281,0,0,-
BRDA:281,0,1,-
BRDA:284,0,0,-
BRDA:284,0,1,-
BRDA:289,0,0,-
BRDA:289,0,1,-
BRDA:292,0,0,-
BRDA:292,0,1,-
BRDA:293,0,0,-
BRDA:293,0,1,-
BRDA:294,0,0,-
BRDA:294,0,1,-
BRDA:298,0,0,-
BRDA:298,0,1,-
BRDA:299,0,0,-
BRDA:299,0,1,-
BRDA:300,0,0,-
BRDA:300,0,1,-
BRDA:304,0,0,-
BRDA:304,0,1,-
BRDA:305,0,0,-
BRDA:305,0,1,-
BRDA:306,0,0,-
BRDA:306,0,1,-
BRDA:307,0,0,-
BRDA:307,0,1,-
BRDA:311,0,0,-
BRDA:311,0,1,-
BRDA:312,0,0,-
BRDA:312,0,1,-
BRDA:313,0,0,-
BRDA:313,0,1,-
BRDA:317,0,0,-
BRDA:317,0,1,-
BRDA:318,0,0,-
BRDA:318,0,1,-
BRDA:319,0,0,-
BRDA:319,0,1,-
BRDA:323,0,0,-
BRDA:323,0,1,-
BRDA:324,0,0,-
BRDA:324,0,1,-
BRDA:325,0,0,-
BRDA:325,0,1,-
BRDA:326,0,0,-
BRDA:326,0,1,-
BRDA:330,0,0,-
BRDA:330,0,1,-
BRDA:331,0,0,-
BRDA:331,0,1,-
BRDA:332,0,0,-
BRDA:332,0,1,-
BRDA:336,0,0,-
BRDA:336,0,1,-
BRDA:337,0,0,-
BRDA:337,0,1,-
BRDA:338,0,0,-
BRDA:338,0,1,-
BRDA:342,0,0,-
BRDA:342,0,1,-
BRDA:343,0,0,-
BRDA:343,0,1,-
BRDA:344,0,0,-
BRDA:344,0,1,-
BRDA:348,0,0,-
BRDA:348,0,1,-
BRDA:359,0,0,-
BRDA:359,0,1,-
BRDA:361,0,0,-
BRDA:361,0,1,-
BRDA:372,0,0,-
BRDA:372,0,1,-
BRDA:373,0,0,-
BRDA:373,0,1,-
BRDA:376,0,0,-
BRDA:376,0,1,-
BRDA:376,1,2,-
BRDA:376,1,3,-
BRDA:383,0,0,-
BRDA:383,0,1,-
BRDA:392,0,0,-
BRDA:392,0,1,-
BRDA:392,1,2,-
BRDA:392,1,3,-
BRDA:392,2,4,-
BRDA:392,2,5,-
BRDA:404,0,0,-
BRDA:404,0,1,-
BRDA:415,0,0,-
BRDA:415,0,1,-
BRDA:426,0,0,-
BRDA:426,0,1,-
BRDA:428,0,0,-
BRDA:428,0,1,-
BRDA:436,0,0,-
BRDA:436,0,1,-
BRDA:457,0,0,-
BRDA:457,0,1,-
BRDA:467,0,0,-
BRDA:467,0,1,-
BRDA:491,0,0,-
BRDA:491,0,1,-
BRDA:491,1,2,-
BRDA:491,1,3,-
BRDA:499,0,0,-
BRDA:499,0,1,-
BRDA:499,1,2,-
BRDA:499,1,3,-
BRDA:504,0,0,-
BRDA:504,0,1,-
BRDA:504,1,2,-
BRDA:504,1,3,-
BRDA:504,2,4,-
BRDA:504,2,5,-
BRDA:504,3,6,-
BRDA:504,3,7,-
BRDA:506,0,0,-
BRDA:506,0,1,-
BRDA:506,1,2,-
BRDA:506,1,3,-
BRF:156
BRH:0
LF:296
LH:0
end_of_record
SF:/Users/runner/work/Draxul/Draxul/libs/draxul-window/src/sdl_window_macos.mm
FN:10,_ZN6draxul28disable_press_and_hold_macosEv
FN:20,_ZN6draxul27apply_title_bar_color_macosEP10SDL_WindowN3glm3vecILi4EfLNS2_9qualifierE0EEE
FNDA:0,_ZN6draxul28disable_press_and_hold_macosEv
FNDA:0,_ZN6draxul27apply_title_bar_color_macosEP10SDL_WindowN3glm3vecILi4EfLNS2_9qualifierE0EEE
FNF:2
FNH:0
DA:10,0
DA:16,0
DA:17,0
DA:20,0
DA:21,0
DA:22,0
DA:23,0
DA:24,0
DA:25,0
DA:27,0
DA:28,0
DA:29,0
BRDA:24,0,0,-
BRDA:24,0,1,-
BRF:2
BRH:0
LF:11
LH:0
end_of_record
