SF:/Users/runner/work/Draxul/Draxul/app/app.cpp
FN:56,_ZN6draxul3AppC2ENS_10AppOptionsE
FN:61,_ZN6draxul3AppD2Ev
FN:64,_ZN6draxul3App10initializeEv
FN:230,_ZNK6draxul3App24make_text_service_configEv
FN:242,_ZN6draxul3App23initialize_text_serviceEv
FN:263,_ZN6draxul3App18apply_font_metricsEv
FN:282,_ZN6draxul3App15initialize_hostEv
FN:319,_ZN6draxul3App16wire_gui_actionsEv
FN:357,_ZN6draxul3App21wire_window_callbacksEv
FN:382,_ZN6draxul3App3runEv
FN:388,_ZN6draxul3App14run_smoke_testENSt3__16chrono8durationIxNS1_5ratioILl1ELl1000EEEEE
FN:402,_ZN6draxul3App14run_screenshotENSt3__16chrono8durationIxNS1_5ratioILl1ELl1000EEEEE
FN:435,_ZN6draxul3App15run_render_testENSt3__16chrono8durationIxNS1_5ratioILl1ELl1000EEEEES6_
FN:548,_ZN6draxul3App16close_dead_panesEv
FN:574,_ZN6draxul3App20render_imgui_overlayEf
FN:603,_ZN6draxul3App12render_frameEv
FN:639,_ZN6draxul3App9pump_onceENSt3__18optionalINS1_6chrono10time_pointINS3_12steady_clockENS3_8durationIxNS1_5ratioILl1ELl1000000000EEEEEEEEE
FN:709,_ZN6draxul3App9on_resizeEii
FN:722,_ZN6draxul3App24on_display_scale_changedEf
FN:748,_ZN6draxul3App13request_frameEv
FN:754,_ZN6draxul3App12request_quitEv
FN:762,_ZN6draxul3App11wake_windowEv
FN:768,_ZN6draxul3App16set_window_titleERKNSt3__112basic_stringIcNS1_11char_traitsIcEENS1_9allocatorIcEEEE
FN:774,_ZN6draxul3App19set_text_input_areaEiiii
FN:780,_ZN6draxul3App21dispatch_to_nvim_hostENSt3__117basic_string_viewIcNS1_11char_traitsIcEEEE
FN:816,_ZN6draxul3App24update_diagnostics_panelEv
FN:843,_ZN6draxul3App21refresh_window_layoutEv
FN:854,_ZNK6draxul3App24viewport_from_descriptorERKNS_14PaneDescriptorE
FN:874,_ZNK6draxul3App15wait_timeout_msENSt3__18optionalINS1_6chrono10time_pointINS3_12steady_clockENS3_8durationIxNS1_5ratioILl1ELl1000000000EEEEEEEEE
FN:908,_ZN6draxul3App8shutdownEv
FN:72,app.cpp:_ZZN6draxul3App10initializeEvENK3$_0clIZNS0_10initializeEvE3$_1EEDaPKcT_
FN:80,app.cpp:_ZZN6draxul3App10initializeEvENK3$_1clEv
FN:100,app.cpp:_ZZN6draxul3App10initializeEvEN12InitRollbackC2EPS0_
FN:72,app.cpp:_ZZN6draxul3App10initializeEvENK3$_0clIZNS0_10initializeEvE3$_2EEDaPKcT_
FN:127,app.cpp:_ZZN6draxul3App10initializeEvENK3$_2clEv
FN:26,app.cpp:_ZN6draxul12_GLOBAL__N_135normalize_render_target_window_sizeERNS_7IWindowERKNS_10AppOptionsE
FN:72,app.cpp:_ZZN6draxul3App10initializeEvENK3$_0clIZNS0_10initializeEvE3$_3EEDaPKcT_
FN:156,app.cpp:_ZZN6draxul3App10initializeEvENK3$_3clEv
FN:72,app.cpp:_ZZN6draxul3App10initializeEvENK3$_0clIZNS0_10initializeEvE3$_4EEDaPKcT_
FN:174,app.cpp:_ZZN6draxul3App10initializeEvENK3$_4clEv
FN:72,app.cpp:_ZZN6draxul3App10initializeEvENK3$_0clIZNS0_10initializeEvE3$_5EEDaPKcT_
FN:177,app.cpp:_ZZN6draxul3App10initializeEvENK3$_5clEv
FN:72,app.cpp:_ZZN6draxul3App10initializeEvENK3$_0clIZNS0_10initializeEvE3$_6EEDaPKcT_
FN:198,app.cpp:_ZZN6draxul3App10initializeEvENK3$_6clEv
FN:108,app.cpp:_ZZN6draxul3App10initializeEvEN12InitRollbackD2Ev
FN:34,app.cpp:_ZN6draxul12_GLOBAL__N_126render_app_imgui_dockspaceERKNS_11PanelLayoutE
FN:295,app.cpp:_ZZN6draxul3App15initialize_hostEvENK3$_0clERKNS_14PaneDescriptorE
FN:324,app.cpp:_ZZN6draxul3App16wire_gui_actionsEvENK3$_0clEv
FN:327,app.cpp:_ZZN6draxul3App16wire_gui_actionsEvENK3$_1clEv
FN:328,app.cpp:_ZZN6draxul3App16wire_gui_actionsEvENK3$_2clEv
FN:329,app.cpp:_ZZN6draxul3App16wire_gui_actionsEvENK3$_3clEv
FN:337,app.cpp:_ZZN6draxul3App16wire_gui_actionsEvENK3$_4clEv
FN:345,app.cpp:_ZZN6draxul3App16wire_gui_actionsEvENK3$_5clEv
FN:374,app.cpp:_ZZN6draxul3App21wire_window_callbacksEvENK3$_0clEv
FN:375,app.cpp:_ZZN6draxul3App21wire_window_callbacksEvENK3$_1clEii
FN:376,app.cpp:_ZZN6draxul3App21wire_window_callbacksEvENK3$_2clEf
FN:551,app.cpp:_ZZN6draxul3App16close_dead_panesEvENK3$_0clEiRKNS_5IHostE
FN:577,app.cpp:_ZZN6draxul3App20render_imgui_overlayEfENK3$_0clEiRKNS_5IHostE
FN:590,app.cpp:_ZZN6draxul3App20render_imgui_overlayEfENK3$_1clEiRNS_5IHostE
FN:673,app.cpp:_ZZN6draxul3App9pump_onceENSt3__18optionalINS1_6chrono10time_pointINS3_12steady_clockENS3_8durationIxNS1_5ratioILl1ELl1000000000EEEEEEEEEENK3$_0clEiRNS_5IHostE
FN:755,app.cpp:_ZZN6draxul3App12request_quitEvENK3$_0clEiRNS_5IHostE
FN:784,app.cpp:_ZZN6draxul3App21dispatch_to_nvim_hostENSt3__117basic_string_viewIcNS1_11char_traitsIcEEEEENK3$_0clEiRNS_5IHostE
FN:884,app.cpp:_ZZNK6draxul3App15wait_timeout_msENSt3__18optionalINS1_6chrono10time_pointINS3_12steady_clockENS3_8durationIxNS1_5ratioILl1ELl1000000000EEEEEEEEEENK3$_0clEiRKNS_5IHostE
FNDA:31,_ZN6draxul3AppC2ENS_10AppOptionsE
FNDA:31,_ZN6draxul3AppD2Ev
FNDA:31,_ZN6draxul3App10initializeEv
FNDA:16,_ZNK6draxul3App24make_text_service_configEv
FNDA:16,_ZN6draxul3App23initialize_text_serviceEv
FNDA:0,_ZN6draxul3App18apply_font_metricsEv
FNDA:12,_ZN6draxul3App15initialize_hostEv
FNDA:6,_ZN6draxul3App16wire_gui_actionsEv
FNDA:6,_ZN6draxul3App21wire_window_callbacksEv
FNDA:0,_ZN6draxul3App3runEv
FNDA:3,_ZN6draxul3App14run_smoke_testENSt3__16chrono8durationIxNS1_5ratioILl1ELl1000EEEEE
FNDA:0,_ZN6draxul3App14run_screenshotENSt3__16chrono8durationIxNS1_5ratioILl1ELl1000EEEEE
FNDA:0,_ZN6draxul3App15run_render_testENSt3__16chrono8durationIxNS1_5ratioILl1ELl1000EEEEES6_
FNDA:5,_ZN6draxul3App16close_dead_panesEv
FNDA:2,_ZN6draxul3App20render_imgui_overlayEf
FNDA:2,_ZN6draxul3App12render_frameEv
FNDA:3,_ZN6draxul3App9pump_onceENSt3__18optionalINS1_6chrono10time_pointINS3_12steady_clockENS3_8durationIxNS1_5ratioILl1ELl1000000000EEEEEEEEE
FNDA:0,_ZN6draxul3App9on_resizeEii
FNDA:0,_ZN6draxul3App24on_display_scale_changedEf
FNDA:17,_ZN6draxul3App13request_frameEv
FNDA:0,_ZN6draxul3App12request_quitEv
FNDA:17,_ZN6draxul3App11wake_windowEv
FNDA:0,_ZN6draxul3App16set_window_titleERKNSt3__112basic_stringIcNS1_11char_traitsIcEENS1_9allocatorIcEEEE
FNDA:3,_ZN6draxul3App19set_text_input_areaEiiii
FNDA:0,_ZN6draxul3App21dispatch_to_nvim_hostENSt3__117basic_string_viewIcNS1_11char_traitsIcEEEE
FNDA:2,_ZN6draxul3App24update_diagnostics_panelEv
FNDA:24,_ZN6draxul3App21refresh_window_layoutEv
FNDA:10,_ZNK6draxul3App24viewport_from_descriptorERKNS_14PaneDescriptorE
FNDA:0,_ZNK6draxul3App15wait_timeout_msENSt3__18optionalINS1_6chrono10time_pointINS3_12steady_clockENS3_8durationIxNS1_5ratioILl1ELl1000000000EEEEEEEEE
FNDA:42,_ZN6draxul3App8shutdownEv
FNDA:31,app.cpp:_ZZN6draxul3App10initializeEvENK3$_0clIZNS0_10initializeEvE3$_1EEDaPKcT_
FNDA:31,app.cpp:_ZZN6draxul3App10initializeEvENK3$_1clEv
FNDA:31,app.cpp:_ZZN6draxul3App10initializeEvEN12InitRollbackC2EPS0_
FNDA:31,app.cpp:_ZZN6draxul3App10initializeEvENK3$_0clIZNS0_10initializeEvE3$_2EEDaPKcT_
FNDA:31,app.cpp:_ZZN6draxul3App10initializeEvENK3$_2clEv
FNDA:22,app.cpp:_ZN6draxul12_GLOBAL__N_135normalize_render_target_window_sizeERNS_7IWindowERKNS_10AppOptionsE
FNDA:22,app.cpp:_ZZN6draxul3App10initializeEvENK3$_0clIZNS0_10initializeEvE3$_3EEDaPKcT_
FNDA:22,app.cpp:_ZZN6draxul3App10initializeEvENK3$_3clEv
FNDA:16,app.cpp:_ZZN6draxul3App10initializeEvENK3$_0clIZNS0_10initializeEvE3$_4EEDaPKcT_
FNDA:16,app.cpp:_ZZN6draxul3App10initializeEvENK3$_4clEv
FNDA:12,app.cpp:_ZZN6draxul3App10initializeEvENK3$_0clIZNS0_10initializeEvE3$_5EEDaPKcT_
FNDA:12,app.cpp:_ZZN6draxul3App10initializeEvENK3$_5clEv
FNDA:12,app.cpp:_ZZN6draxul3App10initializeEvENK3$_0clIZNS0_10initializeEvE3$_6EEDaPKcT_
FNDA:12,app.cpp:_ZZN6draxul3App10initializeEvENK3$_6clEv
FNDA:31,app.cpp:_ZZN6draxul3App10initializeEvEN12InitRollbackD2Ev
FNDA:0,app.cpp:_ZN6draxul12_GLOBAL__N_126render_app_imgui_dockspaceERKNS_11PanelLayoutE
FNDA:10,app.cpp:_ZZN6draxul3App15initialize_hostEvENK3$_0clERKNS_14PaneDescriptorE
FNDA:0,app.cpp:_ZZN6draxul3App16wire_gui_actionsEvENK3$_0clEv
FNDA:0,app.cpp:_ZZN6draxul3App16wire_gui_actionsEvENK3$_1clEv
FNDA:0,app.cpp:_ZZN6draxul3App16wire_gui_actionsEvENK3$_2clEv
FNDA:0,app.cpp:_ZZN6draxul3App16wire_gui_actionsEvENK3$_3clEv
FNDA:0,app.cpp:_ZZN6draxul3App16wire_gui_actionsEvENK3$_4clEv
FNDA:0,app.cpp:_ZZN6draxul3App16wire_gui_actionsEvENK3$_5clEv
FNDA:0,app.cpp:_ZZN6draxul3App21wire_window_callbacksEvENK3$_0clEv
FNDA:0,app.cpp:_ZZN6draxul3App21wire_window_callbacksEvENK3$_1clEii
FNDA:0,app.cpp:_ZZN6draxul3App21wire_window_callbacksEvENK3$_2clEf
FNDA:5,app.cpp:_ZZN6draxul3App16close_dead_panesEvENK3$_0clEiRKNS_5IHostE
FNDA:2,app.cpp:_ZZN6draxul3App20render_imgui_overlayEfENK3$_0clEiRKNS_5IHostE
FNDA:0,app.cpp:_ZZN6draxul3App20render_imgui_overlayEfENK3$_1clEiRNS_5IHostE
FNDA:2,app.cpp:_ZZN6draxul3App9pump_onceENSt3__18optionalINS1_6chrono10time_pointINS3_12steady_clockENS3_8durationIxNS1_5ratioILl1ELl1000000000EEEEEEEEEENK3$_0clEiRNS_5IHostE
FNDA:0,app.cpp:_ZZN6draxul3App12request_quitEvENK3$_0clEiRNS_5IHostE
FNDA:0,app.cpp:_ZZN6draxul3App21dispatch_to_nvim_hostENSt3__117basic_string_viewIcNS1_11char_traitsIcEEEEENK3$_0clEiRNS_5IHostE
FNDA:0,app.cpp:_ZZNK6draxul3App15wait_timeout_msENSt3__18optionalINS1_6chrono10time_pointINS3_12steady_clockENS3_8durationIxNS1_5ratioILl1ELl1000000000EEEEEEEEEENK3$_0clEiRKNS_5IHostE
FNF:58
FNH:34
DA:26,22
DA:27,22
DA:28,22
DA:29,0
DA:30,0
DA:31,0
DA:34,0
DA:35,0
DA:36,0
DA:37,0
DA:38,0
DA:39,0
DA:40,0
DA:41,0
DA:42,0
DA:43,0
DA:44,0
DA:45,0
DA:46,0
DA:47,0
DA:48,0
DA:49,0
DA:50,0
DA:51,0
DA:56,31
DA:57,31
DA:58,31
DA:59,31
DA:61,31
DA:64,31
DA:65,31
DA:66,31
DA:67,31
DA:69,31
DA:70,31
DA:72,124
DA:73,124
DA:74,124
DA:75,124
DA:76,124
DA:77,124
DA:78,124
DA:80,31
DA:81,31
DA:82,0
DA:83,0
DA:84,0
DA:85,0
DA:86,31
DA:87,31
DA:88,31
DA:89,31
DA:90,31
DA:91,31
DA:92,31
DA:93,31
DA:95,31
DA:96,31
DA:97,31
DA:98,31
DA:99,31
DA:100,31
DA:101,31
DA:102,31
DA:103,31
DA:104,31
DA:105,31
DA:106,31
DA:107,31
DA:108,31
DA:109,31
DA:110,25
DA:111,25
DA:112,25
DA:113,25
DA:114,25
DA:115,25
DA:116,25
DA:118,0
DA:119,25
DA:120,31
DA:121,31
DA:122,31
DA:124,31
DA:125,0
DA:127,31
DA:128,31
DA:129,31
DA:130,31
DA:131,31
DA:132,0
DA:133,0
DA:134,0
DA:135,0
DA:136,0
DA:137,0
DA:138,0
DA:139,0
DA:140,0
DA:141,0
DA:142,0
DA:143,0
DA:144,0
DA:145,0
DA:146,31
DA:147,9
DA:148,9
DA:149,9
DA:150,9
DA:151,22
DA:152,22
DA:153,31
DA:154,9
DA:156,22
DA:157,22
DA:158,22
DA:159,22
DA:160,22
DA:161,22
DA:162,22
DA:163,22
DA:164,6
DA:165,6
DA:166,6
DA:167,6
DA:168,16
DA:169,0
DA:170,16
DA:171,22
DA:172,6
DA:174,16
DA:175,4
DA:177,12
DA:178,12
DA:179,0
DA:180,0
DA:181,0
DA:182,0
DA:183,12
DA:184,12
DA:185,12
DA:186,12
DA:187,12
DA:188,12
DA:189,12
DA:190,0
DA:191,0
DA:192,0
DA:193,0
DA:194,12
DA:195,12
DA:196,0
DA:198,12
DA:199,6
DA:201,6
DA:202,6
DA:204,6
DA:206,6
DA:208,6
DA:209,6
DA:210,6
DA:212,6
DA:216,6
DA:218,6
DA:219,6
DA:220,6
DA:223,6
DA:224,6
DA:225,6
DA:226,6
DA:227,12
DA:230,16
DA:231,16
DA:232,16
DA:233,16
DA:234,16
DA:235,16
DA:236,16
DA:237,16
DA:238,16
DA:239,16
DA:242,16
DA:243,16
DA:244,16
DA:246,16
DA:247,16
DA:248,4
DA:249,4
DA:250,4
DA:251,4
DA:252,4
DA:253,4
DA:255,12
DA:256,12
DA:257,12
DA:258,12
DA:259,12
DA:260,16
DA:263,0
DA:264,0
DA:265,0
DA:266,0
DA:267,0
DA:268,0
DA:269,0
DA:270,0
DA:271,0
DA:272,0
DA:273,0
DA:274,0
DA:275,0
DA:276,0
DA:277,0
DA:278,0
DA:279,0
DA:282,12
DA:283,12
DA:284,12
DA:285,12
DA:286,12
DA:287,12
DA:288,12
DA:289,12
DA:290,12
DA:291,12
DA:292,12
DA:293,12
DA:294,12
DA:295,12
DA:296,10
DA:297,10
DA:298,12
DA:300,12
DA:301,12
DA:302,12
DA:303,6
DA:304,6
DA:305,6
DA:306,6
DA:308,6
DA:309,6
DA:310,6
DA:311,6
DA:312,6
DA:314,6
DA:315,6
DA:316,12
DA:319,6
DA:320,6
DA:321,6
DA:322,6
DA:323,6
DA:324,6
DA:325,6
DA:326,6
DA:327,6
DA:328,6
DA:329,6
DA:330,0
DA:331,0
DA:332,0
DA:333,0
DA:334,0
DA:335,0
DA:336,0
DA:337,6
DA:338,0
DA:339,0
DA:340,0
DA:341,0
DA:342,0
DA:343,0
DA:344,0
DA:345,6
DA:346,0
DA:347,0
DA:348,0
DA:349,0
DA:350,0
DA:351,0
DA:352,0
DA:353,6
DA:354,6
DA:357,6
DA:358,6
DA:359,6
DA:360,6
DA:361,6
DA:362,6
DA:363,6
DA:364,6
DA:365,6
DA:366,6
DA:367,6
DA:368,6
DA:369,6
DA:370,6
DA:371,6
DA:372,6
DA:373,6
DA:374,6
DA:375,6
DA:376,6
DA:377,6
DA:378,6
DA:379,6
DA:382,0
DA:383,0
DA:384,0
DA:385,0
DA:388,3
DA:389,3
DA:390,3
DA:391,3
DA:392,4
DA:393,3
DA:394,3
DA:395,3
DA:396,2
DA:397,3
DA:398,1
DA:399,3
DA:402,0
DA:403,0
DA:404,0
DA:405,0
DA:407,0
DA:408,0
DA:409,0
DA:410,0
DA:412,0
DA:413,0
DA:415,0
DA:417,0
DA:418,0
DA:419,0
DA:421,0
DA:422,0
DA:424,0
DA:425,0
DA:426,0
DA:427,0
DA:428,0
DA:429,0
DA:430,0
DA:431,0
DA:432,0
DA:435,0
DA:436,0
DA:437,0
DA:438,0
DA:439,0
DA:440,0
DA:441,0
DA:442,0
DA:443,0
DA:444,0
DA:445,0
DA:446,0
DA:447,0
DA:448,0
DA:450,0
DA:451,0
DA:452,0
DA:453,0
DA:454,0
DA:455,0
DA:456,0
DA:457,0
DA:458,0
DA:459,0
DA:460,0
DA:461,0
DA:463,0
DA:465,0
DA:466,0
DA:468,0
DA:469,0
DA:471,0
DA:472,0
DA:473,0
DA:474,0
DA:475,0
DA:476,0
DA:477,0
DA:478,0
DA:479,0
DA:480,0
DA:481,0
DA:483,0
DA:484,0
DA:485,0
DA:486,0
DA:487,0
DA:488,0
DA:489,0
DA:490,0
DA:491,0
DA:493,0
DA:494,0
DA:495,0
DA:496,0
DA:497,0
DA:498,0
DA:499,0
DA:500,0
DA:501,0
DA:502,0
DA:503,0
DA:504,0
DA:505,0
DA:506,0
DA:508,0
DA:509,0
DA:510,0
DA:512,0
DA:513,0
DA:514,0
DA:515,0
DA:516,0
DA:517,0
DA:518,0
DA:519,0
DA:520,0
DA:522,0
DA:523,0
DA:524,0
DA:525,0
DA:526,0
DA:527,0
DA:528,0
DA:529,0
DA:530,0
DA:531,0
DA:532,0
DA:533,0
DA:534,0
DA:535,0
DA:536,0
DA:537,0
DA:538,0
DA:539,0
DA:540,0
DA:541,0
DA:542,0
DA:543,0
DA:544,0
DA:545,0
DA:548,5
DA:549,5
DA:550,5
DA:551,5
DA:552,5
DA:553,1
DA:554,5
DA:555,5
DA:556,1
DA:559,1
DA:560,1
DA:561,5
DA:562,1
DA:563,1
DA:564,1
DA:565,1
DA:566,1
DA:567,1
DA:568,0
DA:569,0
DA:570,4
DA:571,5
DA:574,2
DA:575,2
DA:576,2
DA:577,2
DA:578,2
DA:579,0
DA:580,2
DA:582,2
DA:583,0
DA:584,0
DA:585,0
DA:586,0
DA:587,0
DA:588,0
DA:589,0
DA:590,0
DA:591,0
DA:592,0
DA:593,0
DA:594,0
DA:595,0
DA:596,2
DA:597,2
DA:598,2
DA:599,2
DA:600,2
DA:603,2
DA:604,2
DA:608,2
DA:610,2
DA:612,2
DA:613,2
DA:614,2
DA:615,2
DA:617,2
DA:618,2
DA:619,0
DA:620,0
DA:621,0
DA:622,0
DA:624,2
DA:625,2
DA:626,2
DA:628,2
DA:630,2
DA:631,2
DA:632,2
DA:633,2
DA:634,2
DA:635,2
DA:636,2
DA:639,3
DA:640,3
DA:641,3
DA:642,3
DA:643,3
DA:644,0
DA:645,0
DA:646,0
DA:647,0
DA:649,3
DA:650,0
DA:651,0
DA:652,0
DA:653,0
DA:657,3
DA:658,3
DA:659,3
DA:660,0
DA:661,3
DA:663,3
DA:665,3
DA:666,1
DA:667,1
DA:668,1
DA:669,1
DA:670,2
DA:673,2
DA:674,2
DA:675,2
DA:676,2
DA:679,2
DA:680,0
DA:681,0
DA:682,0
DA:683,0
DA:684,2
DA:686,2
DA:687,2
DA:688,2
DA:689,2
DA:690,2
DA:692,0
DA:694,0
DA:695,0
DA:697,0
DA:698,0
DA:699,0
DA:700,0
DA:701,0
DA:702,0
DA:703,0
DA:705,0
DA:706,3
DA:709,0
DA:710,0
DA:711,0
DA:712,0
DA:713,0
DA:714,0
DA:715,0
DA:716,0
DA:717,0
DA:718,0
DA:719,0
DA:722,0
DA:723,0
DA:724,0
DA:725,0
DA:727,0
DA:729,0
DA:730,0
DA:731,0
DA:734,0
DA:735,0
DA:736,0
DA:739,0
DA:740,0
DA:741,0
DA:742,0
DA:743,0
DA:744,0
DA:745,0
DA:748,17
DA:749,17
DA:750,17
DA:751,17
DA:754,0
DA:755,0
DA:756,0
DA:757,0
DA:758,0
DA:759,0
DA:762,17
DA:763,17
DA:764,17
DA:765,17
DA:768,0
DA:769,0
DA:770,0
DA:771,0
DA:774,3
DA:775,3
DA:776,3
DA:777,3
DA:780,0
DA:782,0
DA:783,0
DA:784,0
DA:785,0
DA:786,0
DA:787,0
DA:788,0
DA:789,0
DA:790,0
DA:792,0
DA:793,0
DA:794,0
DA:795,0
DA:796,0
DA:797,0
DA:798,0
DA:801,0
DA:802,0
DA:803,0
DA:805,0
DA:806,0
DA:808,0
DA:809,0
DA:810,0
DA:812,0
DA:813,0
DA:816,2
DA:817,2
DA:818,2
DA:820,2
DA:821,2
DA:822,2
DA:823,2
DA:824,2
DA:825,2
DA:826,2
DA:827,2
DA:828,2
DA:829,2
DA:830,2
DA:832,2
DA:833,2
DA:834,2
DA:835,2
DA:836,2
DA:837,2
DA:839,2
DA:840,2
DA:843,24
DA:844,24
DA:845,24
DA:846,24
DA:847,24
DA:848,24
DA:849,24
DA:850,24
DA:851,24
DA:854,10
DA:855,10
DA:856,10
DA:857,10
DA:858,10
DA:860,10
DA:861,10
DA:862,10
DA:863,10
DA:864,10
DA:866,10
DA:867,10
DA:868,10
DA:869,10
DA:870,10
DA:871,10
DA:874,0
DA:875,0
DA:880,0
DA:882,0
DA:883,0
DA:884,0
DA:885,0
DA:886,0
DA:887,0
DA:888,0
DA:889,0
DA:890,0
DA:891,0
DA:892,0
DA:894,0
DA:895,0
DA:897,0
DA:898,0
DA:899,0
DA:901,0
DA:902,0
DA:903,0
DA:904,0
DA:905,0
DA:908,42
DA:909,42
DA:910,42
DA:911,42
DA:912,42
DA:914,42
DA:915,42
DA:917,42
DA:918,0
DA:919,0
DA:920,0
DA:921,0
DA:922,0
DA:923,0
DA:924,0
DA:925,0
DA:926,0
DA:927,0
DA:928,0
DA:929,0
DA:930,0
DA:932,42
DA:933,42
DA:934,21
DA:935,21
DA:936,21
DA:937,21
DA:938,42
DA:939,42
DA:940,21
DA:941,42
DA:942,27
DA:943,42
BRDA:27,0,0,22
BRDA:27,0,1,0
BRDA:27,1,2,-
BRDA:27,1,3,-
BRDA:81,0,0,0
BRDA:81,0,1,31
BRDA:109,0,0,25
BRDA:109,0,1,6
BRDA:124,0,0,0
BRDA:124,0,1,31
BRDA:127,0,0,9
BRDA:127,0,1,22
BRDA:128,0,0,31
BRDA:128,0,1,0
BRDA:137,0,0,-
BRDA:137,0,1,-
BRDA:137,1,2,-
BRDA:137,1,3,-
BRDA:139,0,0,-
BRDA:139,0,1,-
BRDA:146,0,0,9
BRDA:146,0,1,22
BRDA:156,0,0,6
BRDA:156,0,1,16
BRDA:158,0,0,22
BRDA:158,0,1,0
BRDA:159,0,0,1
BRDA:159,0,1,21
BRDA:159,1,2,1
BRDA:159,1,3,0
BRDA:160,0,0,22
BRDA:160,0,1,0
BRDA:163,0,0,6
BRDA:163,0,1,16
BRDA:163,1,2,0
BRDA:163,1,3,16
BRDA:168,0,0,0
BRDA:168,0,1,16
BRDA:168,1,2,-
BRDA:168,1,3,-
BRDA:174,0,0,4
BRDA:174,0,1,12
BRDA:177,0,0,0
BRDA:177,0,1,12
BRDA:178,0,0,0
BRDA:178,0,1,12
BRDA:189,0,0,0
BRDA:189,0,1,12
BRDA:189,1,2,0
BRDA:189,1,3,12
BRDA:198,0,0,6
BRDA:198,0,1,6
BRDA:201,0,0,6
BRDA:201,0,1,0
BRDA:247,0,0,4
BRDA:247,0,1,12
BRDA:249,0,0,0
BRDA:249,0,1,4
BRDA:272,0,0,-
BRDA:272,0,1,-
BRDA:302,0,0,6
BRDA:302,0,1,6
BRDA:331,0,0,-
BRDA:331,0,1,-
BRDA:339,0,0,-
BRDA:339,0,1,-
BRDA:372,0,0,6
BRDA:372,0,1,0
BRDA:383,0,0,-
BRDA:383,0,1,-
BRDA:392,0,0,3
BRDA:392,0,1,1
BRDA:392,1,2,3
BRDA:392,1,3,1
BRDA:392,2,4,3
BRDA:392,2,5,0
BRDA:395,0,0,3
BRDA:395,0,1,0
BRDA:395,1,2,2
BRDA:395,1,3,1
BRDA:395,2,4,3
BRDA:395,2,5,0
BRDA:395,3,6,2
BRDA:395,3,7,1
BRDA:404,0,0,-
BRDA:404,0,1,-
BRDA:412,0,0,-
BRDA:412,0,1,-
BRDA:412,1,2,-
BRDA:412,1,3,-
BRDA:412,2,4,-
BRDA:412,2,5,-
BRDA:421,0,0,-
BRDA:421,0,1,-
BRDA:424,0,0,-
BRDA:424,0,1,-
BRDA:424,1,2,-
BRDA:424,1,3,-
BRDA:424,2,4,-
BRDA:424,2,5,-
BRDA:444,0,0,-
BRDA:444,0,1,-
BRDA:450,0,0,-
BRDA:450,0,1,-
BRDA:450,1,2,-
BRDA:450,1,3,-
BRDA:450,2,4,-
BRDA:450,2,5,-
BRDA:453,0,0,-
BRDA:453,0,1,-
BRDA:453,1,2,-
BRDA:453,1,3,-
BRDA:455,0,0,-
BRDA:455,0,1,-
BRDA:455,1,2,-
BRDA:455,1,3,-
BRDA:457,0,0,-
BRDA:457,0,1,-
BRDA:457,1,2,-
BRDA:457,1,3,-
BRDA:459,0,0,-
BRDA:459,0,1,-
BRDA:459,1,2,-
BRDA:459,1,3,-
BRDA:465,0,0,-
BRDA:465,0,1,-
BRDA:468,0,0,-
BRDA:468,0,1,-
BRDA:473,0,0,-
BRDA:473,0,1,-
BRDA:473,1,2,-
BRDA:473,1,3,-
BRDA:475,0,0,-
BRDA:475,0,1,-
BRDA:483,0,0,-
BRDA:483,0,1,-
BRDA:483,1,2,-
BRDA:483,1,3,-
BRDA:483,2,4,-
BRDA:483,2,5,-
BRDA:485,0,0,-
BRDA:485,0,1,-
BRDA:493,0,0,-
BRDA:493,0,1,-
BRDA:493,1,2,-
BRDA:493,1,3,-
BRDA:493,2,4,-
BRDA:493,2,5,-
BRDA:493,3,6,-
BRDA:493,3,7,-
BRDA:508,0,0,-
BRDA:508,0,1,-
BRDA:509,0,0,-
BRDA:509,0,1,-
BRDA:510,0,0,-
BRDA:510,0,1,-
BRDA:512,0,0,-
BRDA:512,0,1,-
BRDA:512,1,2,-
BRDA:512,1,3,-
BRDA:512,2,4,-
BRDA:512,2,5,-
BRDA:513,0,0,-
BRDA:513,0,1,-
BRDA:513,1,2,-
BRDA:513,1,3,-
BRDA:514,0,0,-
BRDA:514,0,1,-
BRDA:514,1,2,-
BRDA:514,1,3,-
BRDA:514,2,4,-
BRDA:514,2,5,-
BRDA:522,0,0,-
BRDA:522,0,1,-
BRDA:526,0,0,-
BRDA:526,0,1,-
BRDA:526,1,2,-
BRDA:526,1,3,-
BRDA:527,0,0,-
BRDA:527,0,1,-
BRDA:531,0,0,-
BRDA:531,0,1,-
BRDA:532,0,0,-
BRDA:532,0,1,-
BRDA:533,0,0,-
BRDA:533,0,1,-
BRDA:534,0,0,-
BRDA:534,0,1,-
BRDA:535,0,0,-
BRDA:535,0,1,-
BRDA:536,0,0,-
BRDA:536,0,1,-
BRDA:552,0,0,1
BRDA:552,0,1,4
BRDA:555,0,0,1
BRDA:555,0,1,4
BRDA:561,0,0,1
BRDA:561,0,1,4
BRDA:563,0,0,1
BRDA:563,0,1,0
BRDA:578,0,0,0
BRDA:578,0,1,2
BRDA:582,0,0,0
BRDA:582,0,1,2
BRDA:582,1,2,0
BRDA:582,1,3,2
BRDA:582,2,4,-
BRDA:582,2,5,-
BRDA:588,0,0,-
BRDA:588,0,1,-
BRDA:591,0,0,-
BRDA:591,0,1,-
BRDA:596,0,0,2
BRDA:596,0,1,0
BRDA:613,0,0,2
BRDA:613,0,1,0
BRDA:618,0,0,0
BRDA:618,0,1,2
BRDA:641,0,0,3
BRDA:641,0,1,0
BRDA:643,0,0,0
BRDA:643,0,1,3
BRDA:649,0,0,0
BRDA:649,0,1,3
BRDA:659,0,0,0
BRDA:659,0,1,3
BRDA:659,1,2,0
BRDA:659,1,3,3
BRDA:665,0,0,1
BRDA:665,0,1,2
BRDA:674,0,0,2
BRDA:674,0,1,0
BRDA:679,0,0,0
BRDA:679,0,1,2
BRDA:686,0,0,2
BRDA:686,0,1,0
BRDA:694,0,0,-
BRDA:694,0,1,-
BRDA:694,1,2,-
BRDA:694,1,3,-
BRDA:694,2,4,-
BRDA:694,2,5,-
BRDA:697,0,0,-
BRDA:697,0,1,-
BRDA:711,0,0,-
BRDA:711,0,1,-
BRDA:711,1,2,-
BRDA:711,1,3,-
BRDA:724,0,0,-
BRDA:724,0,1,-
BRDA:730,0,0,-
BRDA:730,0,1,-
BRDA:734,0,0,-
BRDA:734,0,1,-
BRDA:743,0,0,-
BRDA:743,0,1,-
BRDA:763,0,0,17
BRDA:763,0,1,0
BRDA:769,0,0,-
BRDA:769,0,1,-
BRDA:775,0,0,3
BRDA:775,0,1,0
BRDA:785,0,0,-
BRDA:785,0,1,-
BRDA:785,1,2,-
BRDA:785,1,3,-
BRDA:785,2,4,-
BRDA:785,2,5,-
BRDA:792,0,0,-
BRDA:792,0,1,-
BRDA:802,0,0,-
BRDA:802,0,1,-
BRDA:809,0,0,-
BRDA:809,0,1,-
BRDA:832,0,0,2
BRDA:832,0,1,0
BRDA:848,0,0,24
BRDA:848,0,1,0
BRDA:868,0,0,10
BRDA:868,0,1,0
BRDA:869,0,0,10
BRDA:869,0,1,0
BRDA:885,0,0,-
BRDA:885,0,1,-
BRDA:888,0,0,-
BRDA:888,0,1,-
BRDA:888,1,2,-
BRDA:888,1,3,-
BRDA:888,2,4,-
BRDA:888,2,5,-
BRDA:891,0,0,-
BRDA:891,0,1,-
BRDA:891,1,2,-
BRDA:891,1,3,-
BRDA:891,2,4,-
BRDA:891,2,5,-
BRDA:894,0,0,-
BRDA:894,0,1,-
BRDA:895,0,0,-
BRDA:895,0,1,-
BRDA:898,0,0,-
BRDA:898,0,1,-
BRDA:902,0,0,-
BRDA:902,0,1,-
BRDA:917,0,0,14
BRDA:917,0,1,28
BRDA:917,1,2,0
BRDA:917,1,3,14
BRDA:921,0,0,-
BRDA:921,0,1,-
BRDA:921,1,2,-
BRDA:921,1,3,-
BRDA:933,0,0,21
BRDA:933,0,1,21
BRDA:939,0,0,21
BRDA:939,0,1,21
BRDA:941,0,0,27
BRDA:941,0,1,15
BRF:318
BRH:85
LF:922
LH:526
end_of_record
SF:/Users/runner/work/Draxul/Draxul/app/app.h
FN:41,_ZNK6draxul3App10init_errorEv
FN:36,_ZNK6draxul3App22last_render_test_errorEv
FNDA:12,_ZNK6draxul3App10init_errorEv
FNDA:0,_ZNK6draxul3App22last_render_test_errorEv
FNF:2
FNH:1
DA:36,0
DA:37,0
DA:38,0
DA:41,12
DA:42,12
DA:43,12
BRF:0
BRH:0
LF:6
LH:3
end_of_record
SF:/Users/runner/work/Draxul/Draxul/app/frame_timer.h
FN:11,_ZN6draxul10FrameTimer6recordEd
FN:20,_ZNK6draxul10FrameTimer7last_msEv
FN:25,_ZNK6draxul10FrameTimer10average_msEv
FNDA:118,_ZN6draxul10FrameTimer6recordEd
FNDA:6,_ZNK6draxul10FrameTimer7last_msEv
FNDA:8,_ZNK6draxul10FrameTimer10average_msEv
FNF:3
FNH:3
DA:11,118
DA:12,118
DA:13,118
DA:14,118
DA:15,118
DA:16,70
DA:17,118
DA:20,6
DA:21,6
DA:22,6
DA:25,8
DA:26,8
DA:27,3
DA:28,5
DA:29,105
DA:30,100
DA:31,5
DA:32,8
BRDA:15,0,0,70
BRDA:15,0,1,48
BRDA:26,0,0,3
BRDA:26,0,1,5
BRDA:29,0,0,100
BRDA:29,0,1,5
BRF:6
BRH:6
LF:18
LH:18
end_of_record
SF:/Users/runner/work/Draxul/Draxul/app/gui_action_handler.cpp
FN:16,_ZN6draxul16GuiActionHandlerC2ENS0_4DepsE
FN:21,_ZN6draxul16GuiActionHandler10action_mapEv
FN:40,_ZN6draxul16GuiActionHandler7executeENSt3__117basic_string_viewIcNS1_11char_traitsIcEEEE
FN:54,_ZN6draxul16GuiActionHandler13font_increaseEv
FN:60,_ZN6draxul16GuiActionHandler13font_decreaseEv
FN:66,_ZN6draxul16GuiActionHandler10font_resetEv
FN:72,_ZNK6draxul16GuiActionHandler4copyEv
FN:80,_ZNK6draxul16GuiActionHandler5pasteEv
FN:88,_ZNK6draxul16GuiActionHandler18toggle_diagnosticsEv
FN:96,_ZNK6draxul16GuiActionHandler16open_file_dialogEv
FN:103,_ZNK6draxul16GuiActionHandler14split_verticalEv
FN:110,_ZNK6draxul16GuiActionHandler16split_horizontalEv
FN:117,_ZNK6draxul16GuiActionHandler14toggle_host_uiEv
FN:125,_ZN6draxul16GuiActionHandler16change_font_sizeEf
FN:24,gui_action_handler.cpp:_ZZN6draxul16GuiActionHandler10action_mapEvENK3$_0clIS0_EEDaRT_
FN:25,gui_action_handler.cpp:_ZZN6draxul16GuiActionHandler10action_mapEvENK3$_1clIS0_EEDaRT_
FN:26,gui_action_handler.cpp:_ZZN6draxul16GuiActionHandler10action_mapEvENK3$_2clIS0_EEDaRT_
FN:27,gui_action_handler.cpp:_ZZN6draxul16GuiActionHandler10action_mapEvENK3$_3clIS0_EEDaRT_
FN:28,gui_action_handler.cpp:_ZZN6draxul16GuiActionHandler10action_mapEvENK3$_4clIS0_EEDaRT_
FN:29,gui_action_handler.cpp:_ZZN6draxul16GuiActionHandler10action_mapEvENK3$_5clIS0_EEDaRT_
FN:30,gui_action_handler.cpp:_ZZN6draxul16GuiActionHandler10action_mapEvENK3$_6clIS0_EEDaRT_
FN:31,gui_action_handler.cpp:_ZZN6draxul16GuiActionHandler10action_mapEvENK3$_7clIS0_EEDaRT_
FN:32,gui_action_handler.cpp:_ZZN6draxul16GuiActionHandler10action_mapEvENK3$_8clIS0_EEDaRT_
FN:33,gui_action_handler.cpp:_ZZN6draxul16GuiActionHandler10action_mapEvENK3$_9clIS0_EEDaRT_
FNDA:54,_ZN6draxul16GuiActionHandlerC2ENS0_4DepsE
FNDA:10,_ZN6draxul16GuiActionHandler10action_mapEv
FNDA:10,_ZN6draxul16GuiActionHandler7executeENSt3__117basic_string_viewIcNS1_11char_traitsIcEEEE
FNDA:5,_ZN6draxul16GuiActionHandler13font_increaseEv
FNDA:1,_ZN6draxul16GuiActionHandler13font_decreaseEv
FNDA:1,_ZN6draxul16GuiActionHandler10font_resetEv
FNDA:0,_ZNK6draxul16GuiActionHandler4copyEv
FNDA:0,_ZNK6draxul16GuiActionHandler5pasteEv
FNDA:1,_ZNK6draxul16GuiActionHandler18toggle_diagnosticsEv
FNDA:2,_ZNK6draxul16GuiActionHandler16open_file_dialogEv
FNDA:0,_ZNK6draxul16GuiActionHandler14split_verticalEv
FNDA:0,_ZNK6draxul16GuiActionHandler16split_horizontalEv
FNDA:0,_ZNK6draxul16GuiActionHandler14toggle_host_uiEv
FNDA:7,_ZN6draxul16GuiActionHandler16change_font_sizeEf
FNDA:1,gui_action_handler.cpp:_ZZN6draxul16GuiActionHandler10action_mapEvENK3$_0clIS0_EEDaRT_
FNDA:0,gui_action_handler.cpp:_ZZN6draxul16GuiActionHandler10action_mapEvENK3$_1clIS0_EEDaRT_
FNDA:0,gui_action_handler.cpp:_ZZN6draxul16GuiActionHandler10action_mapEvENK3$_2clIS0_EEDaRT_
FNDA:5,gui_action_handler.cpp:_ZZN6draxul16GuiActionHandler10action_mapEvENK3$_3clIS0_EEDaRT_
FNDA:1,gui_action_handler.cpp:_ZZN6draxul16GuiActionHandler10action_mapEvENK3$_4clIS0_EEDaRT_
FNDA:1,gui_action_handler.cpp:_ZZN6draxul16GuiActionHandler10action_mapEvENK3$_5clIS0_EEDaRT_
FNDA:2,gui_action_handler.cpp:_ZZN6draxul16GuiActionHandler10action_mapEvENK3$_6clIS0_EEDaRT_
FNDA:0,gui_action_handler.cpp:_ZZN6draxul16GuiActionHandler10action_mapEvENK3$_7clIS0_EEDaRT_
FNDA:0,gui_action_handler.cpp:_ZZN6draxul16GuiActionHandler10action_mapEvENK3$_8clIS0_EEDaRT_
FNDA:0,gui_action_handler.cpp:_ZZN6draxul16GuiActionHandler10action_mapEvENK3$_9clIS0_EEDaRT_
FNF:24
FNH:14
DA:16,54
DA:17,54
DA:18,54
DA:21,10
DA:23,10
DA:24,10
DA:25,10
DA:26,10
DA:27,10
DA:28,10
DA:29,10
DA:30,10
DA:31,10
DA:32,10
DA:33,10
DA:34,10
DA:36,10
DA:37,10
DA:40,10
DA:41,10
DA:42,10
DA:43,10
DA:44,10
DA:45,10
DA:46,10
DA:47,10
DA:48,0
DA:49,0
DA:50,0
DA:51,10
DA:54,5
DA:55,5
DA:56,5
DA:57,5
DA:60,1
DA:61,1
DA:62,1
DA:63,1
DA:66,1
DA:67,1
DA:68,1
DA:69,1
DA:72,0
DA:73,0
DA:74,0
DA:75,0
DA:76,0
DA:77,0
DA:80,0
DA:81,0
DA:82,0
DA:83,0
DA:84,0
DA:85,0
DA:88,1
DA:89,1
DA:90,1
DA:91,1
DA:92,0
DA:93,1
DA:96,2
DA:97,2
DA:98,2
DA:99,1
DA:100,2
DA:103,0
DA:104,0
DA:105,0
DA:106,0
DA:107,0
DA:110,0
DA:111,0
DA:112,0
DA:113,0
DA:114,0
DA:117,0
DA:118,0
DA:119,0
DA:120,0
DA:121,0
DA:122,0
DA:125,7
DA:126,7
DA:127,7
DA:128,7
DA:129,1
DA:130,6
DA:131,0
DA:133,6
DA:134,0
DA:136,6
DA:137,0
DA:139,6
DA:140,6
DA:141,6
DA:142,6
DA:143,5
DA:144,6
DA:145,6
BRDA:43,0,0,10
BRDA:43,0,1,0
BRDA:74,0,0,-
BRDA:74,0,1,-
BRDA:75,0,0,-
BRDA:75,0,1,-
BRDA:82,0,0,-
BRDA:82,0,1,-
BRDA:83,0,0,-
BRDA:83,0,1,-
BRDA:91,0,0,0
BRDA:91,0,1,1
BRDA:98,0,0,1
BRDA:98,0,1,1
BRDA:105,0,0,-
BRDA:105,0,1,-
BRDA:112,0,0,-
BRDA:112,0,1,-
BRDA:119,0,0,-
BRDA:119,0,1,-
BRDA:120,0,0,-
BRDA:120,0,1,-
BRDA:128,0,0,1
BRDA:128,0,1,6
BRDA:130,0,0,0
BRDA:130,0,1,6
BRDA:133,0,0,0
BRDA:133,0,1,6
BRDA:136,0,0,0
BRDA:136,0,1,6
BRDA:139,0,0,6
BRDA:139,0,1,0
BRDA:142,0,0,5
BRDA:142,0,1,1
BRF:34
BRH:12
LF:109
LH:69
end_of_record
SF:/Users/runner/work/Draxul/Draxul/app/host_manager.cpp
FN:54,_ZN6draxul11HostManagerC2ENS0_4DepsE
FN:59,_ZN6draxul11HostManager32platform_default_split_host_kindEv
FN:64,_ZN6draxul11HostManager19split_host_kind_forENS_8HostKindE
FN:71,_ZN6draxul11HostManager6createERNS_14IHostCallbacksEii
FN:94,_ZN6draxul11HostManager13split_focusedENS_14SplitDirectionERNS_14IHostCallbacksE
FN:142,_ZN6draxul11HostManager13split_focusedENS_14SplitDirectionENS_8HostKindERNS_14IHostCallbacksE
FN:174,_ZN6draxul11HostManager10close_leafEi
FN:197,_ZN6draxul11HostManager13close_focusedEv
FN:202,_ZN6draxul11HostManager19recompute_viewportsEii
FN:209,_ZN6draxul11HostManager8shutdownEv
FN:223,_ZNK6draxul11HostManager12focused_hostEv
FN:228,_ZN6draxul11HostManager11set_focusedEi
FN:233,_ZNK6draxul11HostManager8host_forEi
FN:239,_ZN6draxul11HostManager13host_at_pointEii
FN:253,_ZN6draxul11HostManager20create_host_for_leafEiRNS_14IHostCallbacksENS_17HostLaunchOptionsEb
FN:342,_ZN6draxul11HostManager20update_all_viewportsEv
FN:43,host_manager.cpp:_ZN6draxul12_GLOBAL__N_137platform_default_split_host_kind_implEv
FN:26,host_manager.cpp:_ZN6draxul12_GLOBAL__N_122is_terminal_shell_hostENS_8HostKindE
FN:347,host_manager.cpp:_ZZN6draxul11HostManager20update_all_viewportsEvENK3$_0clEiRKNS_14PaneDescriptorE
FNDA:49,_ZN6draxul11HostManagerC2ENS0_4DepsE
FNDA:1,_ZN6draxul11HostManager32platform_default_split_host_kindEv
FNDA:9,_ZN6draxul11HostManager19split_host_kind_forENS_8HostKindE
FNDA:18,_ZN6draxul11HostManager6createERNS_14IHostCallbacksEii
FNDA:3,_ZN6draxul11HostManager13split_focusedENS_14SplitDirectionERNS_14IHostCallbacksE
FNDA:0,_ZN6draxul11HostManager13split_focusedENS_14SplitDirectionENS_8HostKindERNS_14IHostCallbacksE
FNDA:1,_ZN6draxul11HostManager10close_leafEi
FNDA:0,_ZN6draxul11HostManager13close_focusedEv
FNDA:0,_ZN6draxul11HostManager19recompute_viewportsEii
FNDA:43,_ZN6draxul11HostManager8shutdownEv
FNDA:45,_ZNK6draxul11HostManager12focused_hostEv
FNDA:0,_ZN6draxul11HostManager11set_focusedEi
FNDA:45,_ZNK6draxul11HostManager8host_forEi
FNDA:0,_ZN6draxul11HostManager13host_at_pointEii
FNDA:21,_ZN6draxul11HostManager20create_host_for_leafEiRNS_14IHostCallbacksENS_17HostLaunchOptionsEb
FNDA:4,_ZN6draxul11HostManager20update_all_viewportsEv
FNDA:6,host_manager.cpp:_ZN6draxul12_GLOBAL__N_137platform_default_split_host_kind_implEv
FNDA:12,host_manager.cpp:_ZN6draxul12_GLOBAL__N_122is_terminal_shell_hostENS_8HostKindE
FNDA:7,host_manager.cpp:_ZZN6draxul11HostManager20update_all_viewportsEvENK3$_0clEiRKNS_14PaneDescriptorE
FNF:19
FNH:14
DA:26,12
DA:27,12
DA:28,12
DA:29,12
DA:30,1
DA:31,2
DA:32,3
DA:33,4
DA:34,4
DA:35,7
DA:36,8
DA:37,8
DA:38,12
DA:39,0
DA:40,12
DA:43,6
DA:47,6
DA:48,6
DA:49,6
DA:54,49
DA:55,49
DA:56,49
DA:59,1
DA:60,1
DA:61,1
DA:64,9
DA:65,9
DA:66,4
DA:67,5
DA:68,9
DA:71,18
DA:72,18
DA:73,18
DA:74,18
DA:76,18
DA:78,18
DA:79,18
DA:80,18
DA:81,18
DA:82,18
DA:83,18
DA:84,18
DA:85,18
DA:86,0
DA:87,18
DA:88,0
DA:90,18
DA:91,18
DA:94,3
DA:95,3
DA:96,3
DA:97,3
DA:98,0
DA:100,3
DA:101,3
DA:102,0
DA:104,3
DA:107,3
DA:108,3
DA:109,3
DA:110,3
DA:111,0
DA:112,3
DA:113,0
DA:114,3
DA:115,3
DA:116,3
DA:117,3
DA:118,0
DA:119,0
DA:120,0
DA:121,0
DA:122,0
DA:123,3
DA:125,3
DA:126,0
DA:128,0
DA:129,0
DA:130,0
DA:133,3
DA:136,3
DA:138,3
DA:139,3
DA:142,0
DA:143,0
DA:144,0
DA:145,0
DA:146,0
DA:148,0
DA:149,0
DA:150,0
DA:152,0
DA:153,0
DA:154,0
DA:155,0
DA:156,0
DA:157,0
DA:158,0
DA:159,0
DA:160,0
DA:162,0
DA:163,0
DA:164,0
DA:165,0
DA:166,0
DA:168,0
DA:169,0
DA:170,0
DA:171,0
DA:174,1
DA:175,1
DA:176,1
DA:177,0
DA:179,1
DA:180,1
DA:181,0
DA:184,1
DA:185,1
DA:186,1
DA:189,1
DA:190,0
DA:192,1
DA:193,1
DA:194,1
DA:197,0
DA:198,0
DA:199,0
DA:202,0
DA:203,0
DA:204,0
DA:205,0
DA:206,0
DA:209,43
DA:210,43
DA:211,43
DA:212,7
DA:213,7
DA:214,7
DA:215,7
DA:216,7
DA:217,7
DA:218,7
DA:219,43
DA:220,43
DA:223,45
DA:224,45
DA:225,45
DA:228,0
DA:229,0
DA:230,0
DA:233,45
DA:234,45
DA:235,45
DA:236,45
DA:239,0
DA:240,0
DA:241,0
DA:242,0
DA:243,0
DA:244,0
DA:245,0
DA:246,0
DA:248,0
DA:249,0
DA:253,21
DA:254,21
DA:255,21
DA:257,21
DA:258,17
DA:259,17
DA:260,17
DA:261,4
DA:262,1
DA:263,1
DA:264,1
DA:269,1
DA:270,3
DA:271,3
DA:273,21
DA:274,2
DA:275,2
DA:276,2
DA:277,2
DA:279,19
DA:280,19
DA:281,1
DA:282,1
DA:283,1
DA:284,1
DA:285,19
DA:287,19
DA:288,19
DA:290,19
DA:291,19
DA:293,19
DA:294,19
DA:295,19
DA:296,19
DA:297,19
DA:298,19
DA:299,19
DA:300,19
DA:301,19
DA:302,19
DA:303,19
DA:304,19
DA:305,4
DA:306,4
DA:307,4
DA:308,0
DA:309,4
DA:310,4
DA:312,15
DA:313,15
DA:314,0
DA:315,0
DA:316,0
DA:317,0
DA:318,15
DA:324,15
DA:325,10
DA:326,10
DA:327,10
DA:328,0
DA:329,0
DA:330,10
DA:331,10
DA:332,10
DA:334,15
DA:335,12
DA:337,15
DA:338,15
DA:339,19
DA:342,4
DA:343,4
DA:344,4
DA:345,0
DA:347,7
DA:348,7
DA:349,7
DA:350,7
DA:351,7
DA:352,4
BRDA:28,0,0,0
BRDA:28,0,1,12
BRDA:30,0,0,1
BRDA:30,0,1,11
BRDA:31,0,0,1
BRDA:31,0,1,11
BRDA:32,0,0,1
BRDA:32,0,1,11
BRDA:33,0,0,1
BRDA:33,0,1,11
BRDA:35,0,0,7
BRDA:35,0,1,5
BRDA:36,0,0,1
BRDA:36,0,1,11
BRDA:65,0,0,4
BRDA:65,0,1,5
BRDA:85,0,0,0
BRDA:85,0,1,18
BRDA:87,0,0,0
BRDA:87,0,1,18
BRDA:97,0,0,0
BRDA:97,0,1,3
BRDA:101,0,0,0
BRDA:101,0,1,3
BRDA:107,0,0,3
BRDA:107,0,1,0
BRDA:110,0,0,0
BRDA:110,0,1,3
BRDA:112,0,0,0
BRDA:112,0,1,3
BRDA:114,0,0,3
BRDA:114,0,1,0
BRDA:117,0,0,0
BRDA:117,0,1,3
BRDA:117,1,2,-
BRDA:117,1,3,-
BRDA:125,0,0,0
BRDA:125,0,1,3
BRDA:145,0,0,-
BRDA:145,0,1,-
BRDA:149,0,0,-
BRDA:149,0,1,-
BRDA:155,0,0,-
BRDA:155,0,1,-
BRDA:157,0,0,-
BRDA:157,0,1,-
BRDA:159,0,0,-
BRDA:159,0,1,-
BRDA:162,0,0,-
BRDA:162,0,1,-
BRDA:176,0,0,0
BRDA:176,0,1,1
BRDA:180,0,0,0
BRDA:180,0,1,1
BRDA:184,0,0,1
BRDA:184,0,1,0
BRDA:189,0,0,0
BRDA:189,0,1,1
BRDA:211,0,0,7
BRDA:211,0,1,43
BRDA:213,0,0,7
BRDA:213,0,1,0
BRDA:235,0,0,45
BRDA:235,0,1,0
BRDA:242,0,0,-
BRDA:242,0,1,-
BRDA:257,0,0,21
BRDA:257,0,1,0
BRDA:257,1,2,17
BRDA:257,1,3,4
BRDA:261,0,0,4
BRDA:261,0,1,0
BRDA:261,1,2,1
BRDA:261,1,3,3
BRDA:273,0,0,2
BRDA:273,0,1,19
BRDA:280,0,0,1
BRDA:280,0,1,18
BRDA:282,0,0,1
BRDA:282,0,1,0
BRDA:283,0,0,1
BRDA:283,0,1,0
BRDA:283,1,2,1
BRDA:283,1,3,0
BRDA:288,0,0,19
BRDA:288,0,1,0
BRDA:291,0,0,19
BRDA:291,0,1,0
BRDA:304,0,0,4
BRDA:304,0,1,15
BRDA:307,0,0,0
BRDA:307,0,1,4
BRDA:313,0,0,15
BRDA:313,0,1,0
BRDA:313,1,2,0
BRDA:313,1,3,15
BRDA:315,0,0,-
BRDA:315,0,1,-
BRDA:324,0,0,10
BRDA:324,0,1,5
BRDA:326,0,0,10
BRDA:326,0,1,0
BRDA:328,0,0,-
BRDA:328,0,1,-
BRDA:334,0,0,12
BRDA:334,0,1,3
BRDA:344,0,0,0
BRDA:344,0,1,4
BRDA:349,0,0,7
BRDA:349,0,1,0
BRDA:349,1,2,7
BRDA:349,1,3,0
BRDA:349,2,4,7
BRDA:349,2,5,0
BRF:114
BRH:62
LF:248
LH:174
end_of_record
SF:/Users/runner/work/Draxul/Draxul/app/host_manager.h
FN:75,_ZNK6draxul11HostManager4hostEv
FN:80,_ZNK6draxul11HostManager12focused_leafEv
FN:104,_ZNK6draxul11HostManager10host_countEv
FN:108,_ZNK6draxul11HostManager4treeEv
FN:113,_ZNK6draxul11HostManager5errorEv
FN:95,app.cpp:_ZNK6draxul11HostManager13for_each_hostIZNS_3App16close_dead_panesEvE3$_0EEvOT_
FN:96,app.cpp:_ZZNK6draxul11HostManager13for_each_hostIZNS_3App16close_dead_panesEvE3$_0EEvOT_ENKUliRKNS_14PaneDescriptorEE_clEiS8_
FN:95,app.cpp:_ZNK6draxul11HostManager13for_each_hostIZNS_3App20render_imgui_overlayEfE3$_0EEvOT_
FN:96,app.cpp:_ZZNK6draxul11HostManager13for_each_hostIZNS_3App20render_imgui_overlayEfE3$_0EEvOT_ENKUliRKNS_14PaneDescriptorEE_clEiS8_
FN:95,app.cpp:_ZNK6draxul11HostManager13for_each_hostIZNS_3App20render_imgui_overlayEfE3$_1EEvOT_
FN:96,app.cpp:_ZZNK6draxul11HostManager13for_each_hostIZNS_3App20render_imgui_overlayEfE3$_1EEvOT_ENKUliRKNS_14PaneDescriptorEE_clEiS8_
FN:95,app.cpp:_ZNK6draxul11HostManager13for_each_hostIZNS_3App9pump_onceENSt3__18optionalINS3_6chrono10time_pointINS5_12steady_clockENS5_8durationIxNS3_5ratioILl1ELl1000000000EEEEEEEEEE3$_0EEvOT_
FN:96,app.cpp:_ZZNK6draxul11HostManager13for_each_hostIZNS_3App9pump_onceENSt3__18optionalINS3_6chrono10time_pointINS5_12steady_clockENS5_8durationIxNS3_5ratioILl1ELl1000000000EEEEEEEEEE3$_0EEvOT_ENKUliRKNS_14PaneDescriptorEE_clEiSJ_
FN:95,app.cpp:_ZNK6draxul11HostManager13for_each_hostIZNS_3App12request_quitEvE3$_0EEvOT_
FN:96,app.cpp:_ZZNK6draxul11HostManager13for_each_hostIZNS_3App12request_quitEvE3$_0EEvOT_ENKUliRKNS_14PaneDescriptorEE_clEiS8_
FN:95,app.cpp:_ZNK6draxul11HostManager13for_each_hostIZNS_3App21dispatch_to_nvim_hostENSt3__117basic_string_viewIcNS3_11char_traitsIcEEEEE3$_0EEvOT_
FN:96,app.cpp:_ZZNK6draxul11HostManager13for_each_hostIZNS_3App21dispatch_to_nvim_hostENSt3__117basic_string_viewIcNS3_11char_traitsIcEEEEE3$_0EEvOT_ENKUliRKNS_14PaneDescriptorEE_clEiSD_
FN:95,app.cpp:_ZNK6draxul11HostManager13for_each_hostIZNKS_3App15wait_timeout_msENSt3__18optionalINS3_6chrono10time_pointINS5_12steady_clockENS5_8durationIxNS3_5ratioILl1ELl1000000000EEEEEEEEEE3$_0EEvOT_
FN:96,app.cpp:_ZZNK6draxul11HostManager13for_each_hostIZNKS_3App15wait_timeout_msENSt3__18optionalINS3_6chrono10time_pointINS5_12steady_clockENS5_8durationIxNS3_5ratioILl1ELl1000000000EEEEEEEEEE3$_0EEvOT_ENKUliRKNS_14PaneDescriptorEE_clEiSJ_
FNDA:38,_ZNK6draxul11HostManager4hostEv
FNDA:0,_ZNK6draxul11HostManager12focused_leafEv
FNDA:1,_ZNK6draxul11HostManager10host_countEv
FNDA:0,_ZNK6draxul11HostManager4treeEv
FNDA:6,_ZNK6draxul11HostManager5errorEv
FNDA:5,app.cpp:_ZNK6draxul11HostManager13for_each_hostIZNS_3App16close_dead_panesEvE3$_0EEvOT_
FNDA:5,app.cpp:_ZZNK6draxul11HostManager13for_each_hostIZNS_3App16close_dead_panesEvE3$_0EEvOT_ENKUliRKNS_14PaneDescriptorEE_clEiS8_
FNDA:2,app.cpp:_ZNK6draxul11HostManager13for_each_hostIZNS_3App20render_imgui_overlayEfE3$_0EEvOT_
FNDA:2,app.cpp:_ZZNK6draxul11HostManager13for_each_hostIZNS_3App20render_imgui_overlayEfE3$_0EEvOT_ENKUliRKNS_14PaneDescriptorEE_clEiS8_
FNDA:0,app.cpp:_ZNK6draxul11HostManager13for_each_hostIZNS_3App20render_imgui_overlayEfE3$_1EEvOT_
FNDA:0,app.cpp:_ZZNK6draxul11HostManager13for_each_hostIZNS_3App20render_imgui_overlayEfE3$_1EEvOT_ENKUliRKNS_14PaneDescriptorEE_clEiS8_
FNDA:2,app.cpp:_ZNK6draxul11HostManager13for_each_hostIZNS_3App9pump_onceENSt3__18optionalINS3_6chrono10time_pointINS5_12steady_clockENS5_8durationIxNS3_5ratioILl1ELl1000000000EEEEEEEEEE3$_0EEvOT_
FNDA:2,app.cpp:_ZZNK6draxul11HostManager13for_each_hostIZNS_3App9pump_onceENSt3__18optionalINS3_6chrono10time_pointINS5_12steady_clockENS5_8durationIxNS3_5ratioILl1ELl1000000000EEEEEEEEEE3$_0EEvOT_ENKUliRKNS_14PaneDescriptorEE_clEiSJ_
FNDA:0,app.cpp:_ZNK6draxul11HostManager13for_each_hostIZNS_3App12request_quitEvE3$_0EEvOT_
FNDA:0,app.cpp:_ZZNK6draxul11HostManager13for_each_hostIZNS_3App12request_quitEvE3$_0EEvOT_ENKUliRKNS_14PaneDescriptorEE_clEiS8_
FNDA:0,app.cpp:_ZNK6draxul11HostManager13for_each_hostIZNS_3App21dispatch_to_nvim_hostENSt3__117basic_string_viewIcNS3_11char_traitsIcEEEEE3$_0EEvOT_
FNDA:0,app.cpp:_ZZNK6draxul11HostManager13for_each_hostIZNS_3App21dispatch_to_nvim_hostENSt3__117basic_string_viewIcNS3_11char_traitsIcEEEEE3$_0EEvOT_ENKUliRKNS_14PaneDescriptorEE_clEiSD_
FNDA:0,app.cpp:_ZNK6draxul11HostManager13for_each_hostIZNKS_3App15wait_timeout_msENSt3__18optionalINS3_6chrono10time_pointINS5_12steady_clockENS5_8durationIxNS3_5ratioILl1ELl1000000000EEEEEEEEEE3$_0EEvOT_
FNDA:0,app.cpp:_ZZNK6draxul11HostManager13for_each_hostIZNKS_3App15wait_timeout_msENSt3__18optionalINS3_6chrono10time_pointINS5_12steady_clockENS5_8durationIxNS3_5ratioILl1ELl1000000000EEEEEEEEEE3$_0EEvOT_ENKUliRKNS_14PaneDescriptorEE_clEiSJ_
FNF:7
FNH:5
DA:75,38
DA:76,38
DA:77,38
DA:80,0
DA:81,0
DA:82,0
DA:95,9
DA:96,9
DA:97,9
DA:98,9
DA:99,9
DA:100,9
DA:101,9
DA:104,1
DA:105,1
DA:106,1
DA:108,0
DA:109,0
DA:110,0
DA:113,6
DA:114,6
DA:115,6
BRDA:98,0,0,5
BRDA:98,0,1,0
BRDA:98,1,2,5
BRDA:98,1,3,0
BRDA:98,2,4,2
BRDA:98,2,5,0
BRDA:98,3,6,2
BRDA:98,3,7,0
BRDA:98,4,8,-
BRDA:98,4,9,-
BRDA:98,5,10,-
BRDA:98,5,11,-
BRDA:98,6,12,2
BRDA:98,6,13,0
BRDA:98,7,14,2
BRDA:98,7,15,0
BRDA:98,8,16,-
BRDA:98,8,17,-
BRDA:98,9,18,-
BRDA:98,9,19,-
BRDA:98,10,20,-
BRDA:98,10,21,-
BRDA:98,11,22,-
BRDA:98,11,23,-
BRDA:98,12,24,-
BRDA:98,12,25,-
BRDA:98,13,26,-
BRDA:98,13,27,-
BRDA:98,14,28,5
BRDA:98,14,29,0
BRDA:98,15,30,2
BRDA:98,15,31,0
BRDA:98,16,32,-
BRDA:98,16,33,-
BRDA:98,17,34,2
BRDA:98,17,35,0
BRDA:98,18,36,-
BRDA:98,18,37,-
BRDA:98,19,38,-
BRDA:98,19,39,-
BRDA:98,20,40,-
BRDA:98,20,41,-
BRF:6
BRH:3
LF:27
LH:21
end_of_record
SF:/Users/runner/work/Draxul/Draxul/app/input_dispatcher.cpp
FN:18,_ZN6draxul15InputDispatcherC2ENS0_4DepsE
FN:27,_ZNK6draxul15InputDispatcher11to_physicalEi
FN:35,_ZN6draxul15InputDispatcher18host_for_mouse_posEii
FN:78,_ZN6draxul15InputDispatcher12on_key_eventERKNS_8KeyEventE
FN:142,_ZN6draxul15InputDispatcher21on_mouse_button_eventERKNS_16MouseButtonEventE
FN:167,_ZN6draxul15InputDispatcher19on_mouse_move_eventERKNS_14MouseMoveEventE
FN:191,_ZN6draxul15InputDispatcher20on_mouse_wheel_eventERKNS_15MouseWheelEventE
FN:234,_ZN6draxul15InputDispatcher8set_hostEPNS_5IHostE
FN:241,_ZN6draxul15InputDispatcher7connectERNS_7IWindowE
FN:284,_ZNK6draxul15InputDispatcher24gui_action_for_key_eventERKNS_8KeyEventE
FN:52,input_dispatcher.cpp:_ZN6draxulL20is_modifier_only_keyERKNS_8KeyEventE
FN:71,_ZN6draxul29request_imgui_frame_if_neededINS_15InputDispatcher4DepsEEEvRKT_
FN:243,input_dispatcher.cpp:_ZZN6draxul15InputDispatcher7connectERNS_7IWindowEENK3$_0clERKNS_8KeyEventE
FN:245,input_dispatcher.cpp:_ZZN6draxul15InputDispatcher7connectERNS_7IWindowEENK3$_1clERKNS_14TextInputEventE
FN:257,input_dispatcher.cpp:_ZZN6draxul15InputDispatcher7connectERNS_7IWindowEENK3$_2clERKNS_16TextEditingEventE
FN:263,input_dispatcher.cpp:_ZZN6draxul15InputDispatcher7connectERNS_7IWindowEENK3$_3clERKNS_16MouseButtonEventE
FN:264,input_dispatcher.cpp:_ZZN6draxul15InputDispatcher7connectERNS_7IWindowEENK3$_4clERKNS_14MouseMoveEventE
FN:265,input_dispatcher.cpp:_ZZN6draxul15InputDispatcher7connectERNS_7IWindowEENK3$_5clERKNS_15MouseWheelEventE
FN:267,input_dispatcher.cpp:_ZZN6draxul15InputDispatcher7connectERNS_7IWindowEENK3$_6clERKNS_17WindowResizeEventE
FN:272,input_dispatcher.cpp:_ZZN6draxul15InputDispatcher7connectERNS_7IWindowEENK3$_7clERKNS_17DisplayScaleEventE
FN:277,input_dispatcher.cpp:_ZZN6draxul15InputDispatcher7connectERNS_7IWindowEENK3$_8clENSt3__117basic_string_viewIcNS4_11char_traitsIcEEEE
FNDA:74,_ZN6draxul15InputDispatcherC2ENS0_4DepsE
FNDA:12,_ZNK6draxul15InputDispatcher11to_physicalEi
FNDA:3,_ZN6draxul15InputDispatcher18host_for_mouse_posEii
FNDA:3,_ZN6draxul15InputDispatcher12on_key_eventERKNS_8KeyEventE
FNDA:2,_ZN6draxul15InputDispatcher21on_mouse_button_eventERKNS_16MouseButtonEventE
FNDA:0,_ZN6draxul15InputDispatcher19on_mouse_move_eventERKNS_14MouseMoveEventE
FNDA:1,_ZN6draxul15InputDispatcher20on_mouse_wheel_eventERKNS_15MouseWheelEventE
FNDA:5,_ZN6draxul15InputDispatcher8set_hostEPNS_5IHostE
FNDA:17,_ZN6draxul15InputDispatcher7connectERNS_7IWindowE
FNDA:12,_ZNK6draxul15InputDispatcher24gui_action_for_key_eventERKNS_8KeyEventE
FNDA:0,input_dispatcher.cpp:_ZN6draxulL20is_modifier_only_keyERKNS_8KeyEventE
FNDA:4,_ZN6draxul29request_imgui_frame_if_neededINS_15InputDispatcher4DepsEEEvRKT_
FNDA:3,input_dispatcher.cpp:_ZZN6draxul15InputDispatcher7connectERNS_7IWindowEENK3$_0clERKNS_8KeyEventE
FNDA:1,input_dispatcher.cpp:_ZZN6draxul15InputDispatcher7connectERNS_7IWindowEENK3$_1clERKNS_14TextInputEventE
FNDA:1,input_dispatcher.cpp:_ZZN6draxul15InputDispatcher7connectERNS_7IWindowEENK3$_2clERKNS_16TextEditingEventE
FNDA:2,input_dispatcher.cpp:_ZZN6draxul15InputDispatcher7connectERNS_7IWindowEENK3$_3clERKNS_16MouseButtonEventE
FNDA:0,input_dispatcher.cpp:_ZZN6draxul15InputDispatcher7connectERNS_7IWindowEENK3$_4clERKNS_14MouseMoveEventE
FNDA:1,input_dispatcher.cpp:_ZZN6draxul15InputDispatcher7connectERNS_7IWindowEENK3$_5clERKNS_15MouseWheelEventE
FNDA:0,input_dispatcher.cpp:_ZZN6draxul15InputDispatcher7connectERNS_7IWindowEENK3$_6clERKNS_17WindowResizeEventE
FNDA:1,input_dispatcher.cpp:_ZZN6draxul15InputDispatcher7connectERNS_7IWindowEENK3$_7clERKNS_17DisplayScaleEventE
FNDA:2,input_dispatcher.cpp:_ZZN6draxul15InputDispatcher7connectERNS_7IWindowEENK3$_8clENSt3__117basic_string_viewIcNS4_11char_traitsIcEEEE
FNF:21
FNH:17
DA:18,74
DA:19,74
DA:20,74
DA:27,12
DA:28,12
DA:29,12
DA:35,3
DA:36,3
DA:37,3
DA:38,0
DA:39,0
DA:40,0
DA:41,0
DA:42,0
DA:43,0
DA:44,0
DA:45,0
DA:46,0
DA:47,0
DA:48,3
DA:49,3
DA:52,0
DA:53,0
DA:54,0
DA:55,0
DA:56,0
DA:57,0
DA:58,0
DA:59,0
DA:60,0
DA:61,0
DA:62,0
DA:63,0
DA:64,0
DA:65,0
DA:66,0
DA:67,0
DA:71,4
DA:72,4
DA:73,4
DA:74,0
DA:75,4
DA:78,3
DA:79,3
DA:80,3
DA:81,2
DA:82,2
DA:83,0
DA:86,0
DA:87,0
DA:88,0
DA:89,0
DA:90,0
DA:91,0
DA:93,0
DA:94,0
DA:95,0
DA:96,0
DA:97,0
DA:98,0
DA:99,0
DA:100,0
DA:101,0
DA:102,0
DA:103,0
DA:104,0
DA:105,0
DA:107,0
DA:108,2
DA:109,2
DA:111,2
DA:112,2
DA:113,2
DA:114,8
DA:115,8
DA:116,0
DA:117,0
DA:118,0
DA:119,0
DA:120,8
DA:121,2
DA:123,2
DA:124,2
DA:125,1
DA:126,2
DA:127,2
DA:128,1
DA:129,1
DA:134,1
DA:135,2
DA:136,2
DA:137,2
DA:138,2
DA:139,2
DA:142,2
DA:143,2
DA:144,2
DA:145,2
DA:146,2
DA:147,2
DA:148,0
DA:149,2
DA:150,0
DA:151,2
DA:152,0
DA:153,0
DA:154,0
DA:155,2
DA:156,2
DA:159,2
DA:160,2
DA:161,2
DA:162,2
DA:163,2
DA:164,2
DA:167,0
DA:168,0
DA:169,0
DA:170,0
DA:171,0
DA:172,0
DA:173,0
DA:174,0
DA:175,0
DA:176,0
DA:177,0
DA:178,0
DA:179,0
DA:180,0
DA:181,0
DA:182,0
DA:183,0
DA:184,0
DA:185,0
DA:186,0
DA:187,0
DA:188,0
DA:191,1
DA:192,1
DA:193,1
DA:194,1
DA:195,1
DA:196,1
DA:197,0
DA:198,1
DA:199,0
DA:200,1
DA:201,0
DA:202,1
DA:203,0
DA:206,1
DA:207,1
DA:208,1
DA:210,1
DA:211,0
DA:212,0
DA:213,0
DA:214,0
DA:215,0
DA:216,0
DA:217,0
DA:218,0
DA:219,0
DA:220,0
DA:221,0
DA:222,0
DA:223,0
DA:224,0
DA:225,0
DA:226,1
DA:227,1
DA:228,1
DA:229,1
DA:230,1
DA:231,1
DA:234,5
DA:235,5
DA:236,1
DA:237,5
DA:238,5
DA:241,17
DA:242,17
DA:243,17
DA:245,17
DA:246,1
DA:247,0
DA:248,0
DA:249,0
DA:250,0
DA:251,1
DA:252,1
DA:253,1
DA:254,1
DA:255,1
DA:257,17
DA:258,1
DA:259,1
DA:260,1
DA:261,1
DA:263,17
DA:264,17
DA:265,17
DA:267,17
DA:268,0
DA:269,0
DA:270,0
DA:272,17
DA:273,1
DA:274,1
DA:275,1
DA:277,17
DA:278,2
DA:279,2
DA:280,2
DA:281,17
DA:284,12
DA:285,12
DA:286,12
DA:287,1
DA:288,11
DA:289,27
DA:291,27
DA:292,3
DA:293,24
DA:294,5
DA:295,24
DA:296,6
DA:297,11
BRDA:37,0,0,0
BRDA:37,0,1,3
BRDA:42,0,0,-
BRDA:42,0,1,-
BRDA:55,0,0,-
BRDA:55,0,1,-
BRDA:56,0,0,-
BRDA:56,0,1,-
BRDA:57,0,0,-
BRDA:57,0,1,-
BRDA:58,0,0,-
BRDA:58,0,1,-
BRDA:59,0,0,-
BRDA:59,0,1,-
BRDA:60,0,0,-
BRDA:60,0,1,-
BRDA:61,0,0,-
BRDA:61,0,1,-
BRDA:62,0,0,-
BRDA:62,0,1,-
BRDA:64,0,0,-
BRDA:64,0,1,-
BRDA:72,0,0,4
BRDA:72,0,1,0
BRDA:72,1,2,0
BRDA:72,1,3,4
BRDA:73,0,0,0
BRDA:73,0,1,4
BRDA:73,1,2,0
BRDA:73,1,3,4
BRDA:73,2,4,-
BRDA:73,2,5,-
BRDA:80,0,0,2
BRDA:80,0,1,1
BRDA:82,0,0,0
BRDA:82,0,1,2
BRDA:86,0,0,-
BRDA:86,0,1,-
BRDA:94,0,0,-
BRDA:94,0,1,-
BRDA:94,1,2,-
BRDA:94,1,3,-
BRDA:96,0,0,-
BRDA:96,0,1,-
BRDA:98,0,0,-
BRDA:98,0,1,-
BRDA:98,1,2,-
BRDA:98,1,3,-
BRDA:111,0,0,2
BRDA:111,0,1,0
BRDA:113,0,0,8
BRDA:113,0,1,2
BRDA:115,0,0,0
BRDA:115,0,1,8
BRDA:124,0,0,1
BRDA:124,0,1,1
BRDA:124,1,2,1
BRDA:124,1,3,0
BRDA:124,2,4,1
BRDA:124,2,5,0
BRDA:137,0,0,2
BRDA:137,0,1,0
BRDA:137,1,2,2
BRDA:137,1,3,0
BRDA:146,0,0,2
BRDA:146,0,1,0
BRDA:146,1,2,0
BRDA:146,1,3,2
BRDA:147,0,0,0
BRDA:147,0,1,2
BRDA:147,1,2,0
BRDA:147,1,3,2
BRDA:147,2,4,-
BRDA:147,2,5,-
BRDA:149,0,0,0
BRDA:149,0,1,2
BRDA:151,0,0,0
BRDA:151,0,1,2
BRDA:155,0,0,2
BRDA:155,0,1,0
BRDA:171,0,0,-
BRDA:171,0,1,-
BRDA:171,1,2,-
BRDA:171,1,3,-
BRDA:172,0,0,-
BRDA:172,0,1,-
BRDA:172,1,2,-
BRDA:172,1,3,-
BRDA:172,2,4,-
BRDA:172,2,5,-
BRDA:174,0,0,-
BRDA:174,0,1,-
BRDA:176,0,0,-
BRDA:176,0,1,-
BRDA:180,0,0,-
BRDA:180,0,1,-
BRDA:195,0,0,1
BRDA:195,0,1,0
BRDA:195,1,2,0
BRDA:195,1,3,1
BRDA:196,0,0,0
BRDA:196,0,1,1
BRDA:196,1,2,0
BRDA:196,1,3,1
BRDA:196,2,4,-
BRDA:196,2,5,-
BRDA:198,0,0,0
BRDA:198,0,1,1
BRDA:200,0,0,0
BRDA:200,0,1,1
BRDA:202,0,0,0
BRDA:202,0,1,1
BRDA:210,0,0,0
BRDA:210,0,1,1
BRDA:210,1,2,-
BRDA:210,1,3,-
BRDA:214,0,0,-
BRDA:214,0,1,-
BRDA:216,0,0,-
BRDA:216,0,1,-
BRDA:223,0,0,-
BRDA:223,0,1,-
BRDA:235,0,0,5
BRDA:235,0,1,0
BRDA:235,1,2,1
BRDA:235,1,3,4
BRDA:246,0,0,0
BRDA:246,0,1,1
BRDA:253,0,0,1
BRDA:253,0,1,0
BRDA:253,1,2,1
BRDA:253,1,3,0
BRDA:259,0,0,1
BRDA:259,0,1,0
BRDA:268,0,0,-
BRDA:268,0,1,-
BRDA:273,0,0,1
BRDA:273,0,1,0
BRDA:278,0,0,2
BRDA:278,0,1,0
BRDA:286,0,0,1
BRDA:286,0,1,11
BRDA:288,0,0,27
BRDA:288,0,1,6
BRDA:291,0,0,3
BRDA:291,0,1,24
BRDA:293,0,0,5
BRDA:293,0,1,19
BRF:148
BRH:50
LF:260
LH:153
end_of_record
SF:/Users/runner/work/Draxul/Draxul/app/input_dispatcher.h
FN:64,_ZN6draxul15InputDispatcher15set_pixel_scaleEf
FN:75,_ZNK6draxul15InputDispatcher15scroll_fractionEv
FN:81,_ZNK6draxul15InputDispatcher16had_scroll_eventEv
FN:89,_ZN6draxul15InputDispatcher18clear_scroll_eventEv
FNDA:26,_ZN6draxul15InputDispatcher15set_pixel_scaleEf
FNDA:2,_ZNK6draxul15InputDispatcher15scroll_fractionEv
FNDA:0,_ZNK6draxul15InputDispatcher16had_scroll_eventEv
FNDA:2,_ZN6draxul15InputDispatcher18clear_scroll_eventEv
FNF:4
FNH:3
DA:64,26
DA:65,26
DA:66,26
DA:75,2
DA:76,2
DA:77,2
DA:81,0
DA:82,0
DA:83,0
DA:89,2
DA:90,2
DA:91,2
BRDA:76,0,0,0
BRDA:76,0,1,2
BRF:2
BRH:1
LF:12
LH:9
end_of_record
SF:/Users/runner/work/Draxul/Draxul/app/macos_menu.mm
FN:18,macos_menu.mm:-[DraxulMenuAction perform:]
FN:50,_ZN6draxul9MacOsMenu18default_menu_itemsEv
FN:79,_ZN6draxul9MacOsMenuC2ERNS_16GuiActionHandlerE
FN:133,macos_menu.mm:___ZN6draxul9MacOsMenuC2ERNS_16GuiActionHandlerE_block_invoke
FN:148,_ZN6draxul9MacOsMenuD2Ev
FN:36,_ZN6draxul9MacOsMenu4Impl9make_itemEP8NSStringS3_mU13block_pointerFvvE
FNDA:0,macos_menu.mm:-[DraxulMenuAction perform:]
FNDA:6,_ZN6draxul9MacOsMenu18default_menu_itemsEv
FNDA:6,_ZN6draxul9MacOsMenuC2ERNS_16GuiActionHandlerE
FNDA:0,macos_menu.mm:___ZN6draxul9MacOsMenuC2ERNS_16GuiActionHandlerE_block_invoke
FNDA:6,_ZN6draxul9MacOsMenuD2Ev
FNDA:60,_ZN6draxul9MacOsMenu4Impl9make_itemEP8NSStringS3_mU13block_pointerFvvE
FNF:6
FNH:4
DA:18,0
DA:19,0
DA:20,0
DA:36,60
DA:37,60
DA:38,60
DA:39,60
DA:40,60
DA:41,60
DA:42,60
DA:43,60
DA:44,60
DA:45,60
DA:46,60
DA:50,6
DA:51,6
DA:54,6
DA:55,6
DA:57,6
DA:59,6
DA:62,6
DA:63,6
DA:66,6
DA:67,6
DA:68,6
DA:69,6
DA:70,6
DA:71,6
DA:72,6
DA:73,6
DA:74,6
DA:75,6
DA:76,6
DA:79,6
DA:80,6
DA:81,6
DA:82,6
DA:84,6
DA:85,6
DA:86,6
DA:89,6
DA:90,6
DA:91,6
DA:92,6
DA:93,6
DA:94,6
DA:95,6
DA:96,6
DA:97,6
DA:98,6
DA:99,6
DA:102,6
DA:105,6
DA:106,6
DA:108,6
DA:109,72
DA:110,72
DA:111,72
DA:112,18
DA:113,18
DA:114,18
DA:115,18
DA:116,18
DA:118,72
DA:121,72
DA:122,12
DA:123,12
DA:124,12
DA:125,12
DA:127,60
DA:128,60
DA:129,60
DA:132,60
DA:133,60
DA:134,0
DA:135,0
DA:136,60
DA:139,6
DA:140,18
DA:141,18
DA:142,18
DA:143,18
DA:144,18
DA:145,6
DA:148,6
DA:149,6
DA:150,6
DA:151,6
DA:153,6
DA:154,6
DA:155,6
DA:157,6
BRDA:108,0,0,72
BRDA:108,0,1,6
BRDA:111,0,0,18
BRDA:111,0,1,54
BRDA:121,0,0,12
BRDA:121,0,1,60
BRDA:139,0,0,18
BRDA:139,0,1,6
BRDA:150,0,0,6
BRDA:150,0,1,0
BRDA:150,1,2,6
BRDA:150,1,3,0
BRF:12
BRH:10
LF:95
LH:89
end_of_record
SF:/Users/runner/work/Draxul/Draxul/app/split_tree.cpp
FN:62,_ZN6draxul9SplitTreeC2Ev
FN:63,_ZN6draxul9SplitTreeD2Ev
FN:64,_ZN6draxul9SplitTreeC2EOS0_
FN:65,_ZN6draxul9SplitTreeaSEOS0_
FN:71,_ZN6draxul9SplitTree5resetEii
FN:84,_ZN6draxul9SplitTree10split_leafEiNS_14SplitDirectionE
FN:113,_ZN6draxul9SplitTree10close_leafEi
FN:164,_ZN6draxul9SplitTree9recomputeEii
FN:173,_ZNK6draxul9SplitTree8hit_testEii
FN:181,_ZN6draxul9SplitTree17set_divider_ratioEif
FN:200,_ZN6draxul9SplitTree11set_focusedEi
FN:207,_ZNK6draxul9SplitTree14descriptor_forEi
FN:216,_ZNK6draxul9SplitTree13for_each_leafERKNSt3__18functionIFviRKNS_14PaneDescriptorEEEE
FN:223,_ZNK6draxul9SplitTree10leaf_countEv
FN:232,_ZNK6draxul9SplitTree14find_leaf_nodeEi
FN:247,_ZN6draxul9SplitTree14find_leaf_nodeEi
FN:262,_ZNK6draxul9SplitTree17find_divider_nodeEi
FN:277,_ZN6draxul9SplitTree17find_divider_nodeEi
FN:292,_ZNK6draxul9SplitTree14find_parent_ofEPKNS0_4NodeE
FN:307,_ZN6draxul9SplitTree14find_parent_ofEPKNS0_4NodeE
FN:322,_ZN6draxul9SplitTree14recompute_nodeEPNS0_4NodeEiiiii
FN:362,_ZN6draxul9SplitTree13hit_test_nodeEPKNS0_4NodeEiii
FN:389,_ZN6draxul9SplitTree12visit_leavesEPKNS0_4NodeERKNSt3__18functionIFviRKNS_14PaneDescriptorEEEE
FN:402,_ZN6draxul9SplitTree12count_leavesEPKNS0_4NodeE
FN:411,_ZN6draxul9SplitTree10first_leafEPKNS0_4NodeE
FN:42,_ZN6draxul9SplitTree4Node4leafEv
FN:38,_ZNK6draxul9SplitTree4Node7is_leafEv
FN:50,_ZN6draxul9SplitTree4Node5splitEv
FN:46,_ZNK6draxul9SplitTree4Node4leafEv
FN:54,_ZNK6draxul9SplitTree4Node5splitEv
FN:233,split_tree.cpp:_ZZNK6draxul9SplitTree14find_leaf_nodeEiENK3$_0clEPKNS0_4NodeE
FN:248,split_tree.cpp:_ZZN6draxul9SplitTree14find_leaf_nodeEiENK3$_0clEPNS0_4NodeE
FN:263,split_tree.cpp:_ZZNK6draxul9SplitTree17find_divider_nodeEiENK3$_0clEPKNS0_4NodeE
FN:278,split_tree.cpp:_ZZN6draxul9SplitTree17find_divider_nodeEiENK3$_0clEPNS0_4NodeE
FN:293,split_tree.cpp:_ZZNK6draxul9SplitTree14find_parent_ofEPKNS0_4NodeEENK3$_0clES3_
FN:308,split_tree.cpp:_ZZN6draxul9SplitTree14find_parent_ofEPKNS0_4NodeEENK3$_0clEPS1_
FNDA:81,_ZN6draxul9SplitTreeC2Ev
FNDA:81,_ZN6draxul9SplitTreeD2Ev
FNDA:0,_ZN6draxul9SplitTreeC2EOS0_
FNDA:12,_ZN6draxul9SplitTreeaSEOS0_
FNDA:50,_ZN6draxul9SplitTree5resetEii
FNDA:143,_ZN6draxul9SplitTree10split_leafEiNS_14SplitDirectionE
FNDA:9,_ZN6draxul9SplitTree10close_leafEi
FNDA:156,_ZN6draxul9SplitTree9recomputeEii
FNDA:11,_ZNK6draxul9SplitTree8hit_testEii
FNDA:4,_ZN6draxul9SplitTree17set_divider_ratioEif
FNDA:7,_ZN6draxul9SplitTree11set_focusedEi
FNDA:56,_ZNK6draxul9SplitTree14descriptor_forEi
FNDA:20,_ZNK6draxul9SplitTree13for_each_leafERKNSt3__18functionIFviRKNS_14PaneDescriptorEEEE
FNDA:27,_ZNK6draxul9SplitTree10leaf_countEv
FNDA:56,_ZNK6draxul9SplitTree14find_leaf_nodeEi
FNDA:157,_ZN6draxul9SplitTree14find_leaf_nodeEi
FNDA:0,_ZNK6draxul9SplitTree17find_divider_nodeEi
FNDA:4,_ZN6draxul9SplitTree17find_divider_nodeEi
FNDA:0,_ZNK6draxul9SplitTree14find_parent_ofEPKNS0_4NodeE
FNDA:8,_ZN6draxul9SplitTree14find_parent_ofEPKNS0_4NodeE
FNDA:10608,_ZN6draxul9SplitTree14recompute_nodeEPNS0_4NodeEiiiii
FNDA:25,_ZN6draxul9SplitTree13hit_test_nodeEPKNS0_4NodeEiii
FNDA:262,_ZN6draxul9SplitTree12visit_leavesEPKNS0_4NodeERKNSt3__18functionIFviRKNS_14PaneDescriptorEEEE
FNDA:277,_ZN6draxul9SplitTree12count_leavesEPKNS0_4NodeE
FNDA:3,_ZN6draxul9SplitTree10first_leafEPKNS0_4NodeE
FNDA:5703,_ZN6draxul9SplitTree4Node4leafEv
FNDA:16482,_ZNK6draxul9SplitTree4Node7is_leafEv
FNDA:10236,_ZN6draxul9SplitTree4Node5splitEv
FNDA:430,_ZNK6draxul9SplitTree4Node4leafEv
FNDA:548,_ZNK6draxul9SplitTree4Node5splitEv
FNDA:116,split_tree.cpp:_ZZNK6draxul9SplitTree14find_leaf_nodeEiENK3$_0clEPKNS0_4NodeE
FNDA:5166,split_tree.cpp:_ZZN6draxul9SplitTree14find_leaf_nodeEiENK3$_0clEPNS0_4NodeE
FNDA:0,split_tree.cpp:_ZZNK6draxul9SplitTree17find_divider_nodeEiENK3$_0clEPKNS0_4NodeE
FNDA:4,split_tree.cpp:_ZZN6draxul9SplitTree17find_divider_nodeEiENK3$_0clEPNS0_4NodeE
FNDA:0,split_tree.cpp:_ZZNK6draxul9SplitTree14find_parent_ofEPKNS0_4NodeEENK3$_0clES3_
FNDA:10,split_tree.cpp:_ZZN6draxul9SplitTree14find_parent_ofEPKNS0_4NodeEENK3$_0clEPS1_
FNF:36
FNH:31
DA:38,16482
DA:39,16482
DA:40,16482
DA:42,5703
DA:43,5703
DA:44,5703
DA:46,430
DA:47,430
DA:48,430
DA:50,10236
DA:51,10236
DA:52,10236
DA:54,548
DA:55,548
DA:56,548
DA:62,81
DA:63,81
DA:64,0
DA:65,12
DA:71,50
DA:72,50
DA:73,50
DA:74,50
DA:75,50
DA:76,50
DA:77,50
DA:78,50
DA:79,50
DA:80,50
DA:81,50
DA:84,143
DA:85,143
DA:86,143
DA:87,143
DA:88,1
DA:90,142
DA:91,142
DA:92,142
DA:94,142
DA:95,142
DA:97,142
DA:98,142
DA:100,142
DA:101,142
DA:102,142
DA:103,142
DA:104,142
DA:105,142
DA:106,142
DA:108,142
DA:109,142
DA:110,143
DA:113,9
DA:114,9
DA:115,9
DA:116,2
DA:118,7
DA:119,7
DA:120,0
DA:122,7
DA:123,7
DA:124,0
DA:126,7
DA:127,7
DA:130,7
DA:131,7
DA:132,3
DA:133,3
DA:134,3
DA:135,3
DA:138,7
DA:141,7
DA:142,6
DA:143,6
DA:144,6
DA:145,1
DA:146,1
DA:147,1
DA:148,1
DA:149,1
DA:150,1
DA:151,1
DA:152,0
DA:153,1
DA:154,1
DA:155,1
DA:156,1
DA:158,7
DA:159,7
DA:160,7
DA:161,7
DA:164,156
DA:165,156
DA:166,156
DA:167,156
DA:168,156
DA:169,156
DA:170,156
DA:173,11
DA:174,11
DA:175,11
DA:176,0
DA:177,11
DA:178,11
DA:181,4
DA:182,4
DA:183,4
DA:184,0
DA:186,4
DA:187,1
DA:188,1
DA:189,1
DA:190,1
DA:191,1
DA:192,3
DA:193,0
DA:194,3
DA:195,3
DA:196,3
DA:197,3
DA:200,7
DA:201,7
DA:202,7
DA:203,7
DA:204,7
DA:207,56
DA:208,56
DA:209,56
DA:210,55
DA:211,1
DA:212,56
DA:216,20
DA:217,20
DA:218,20
DA:219,20
DA:220,20
DA:223,27
DA:224,27
DA:225,27
DA:226,27
DA:232,56
DA:233,116
DA:234,116
DA:235,0
DA:236,116
DA:237,77
DA:238,39
DA:239,39
DA:240,18
DA:241,21
DA:242,39
DA:243,56
DA:244,56
DA:247,157
DA:248,5166
DA:249,5166
DA:250,0
DA:251,5166
DA:252,179
DA:253,4987
DA:254,4987
DA:255,4965
DA:256,22
DA:257,4987
DA:258,157
DA:259,157
DA:262,0
DA:263,0
DA:264,0
DA:265,0
DA:266,0
DA:267,0
DA:268,0
DA:269,0
DA:270,0
DA:271,0
DA:272,0
DA:273,0
DA:274,0
DA:277,4
DA:278,4
DA:279,4
DA:280,1
DA:281,3
DA:282,3
DA:283,3
DA:284,0
DA:285,0
DA:286,0
DA:287,0
DA:288,4
DA:289,4
DA:292,0
DA:293,0
DA:294,0
DA:295,0
DA:296,0
DA:297,0
DA:298,0
DA:299,0
DA:300,0
DA:301,0
DA:302,0
DA:303,0
DA:304,0
DA:307,8
DA:308,10
DA:309,10
DA:310,1
DA:311,9
DA:312,9
DA:313,8
DA:314,1
DA:315,0
DA:316,1
DA:317,1
DA:318,8
DA:319,8
DA:322,10608
DA:323,10608
DA:324,0
DA:326,10608
DA:327,5382
DA:328,5382
DA:329,5382
DA:330,5382
DA:332,5226
DA:333,5226
DA:334,5212
DA:335,5212
DA:336,5212
DA:337,5212
DA:338,5212
DA:339,5212
DA:340,5212
DA:341,5212
DA:342,5212
DA:343,5212
DA:344,5212
DA:345,5212
DA:346,14
DA:347,14
DA:348,14
DA:349,14
DA:350,14
DA:351,14
DA:352,14
DA:353,14
DA:354,14
DA:355,14
DA:356,14
DA:357,14
DA:358,14
DA:359,5226
DA:362,25
DA:363,25
DA:364,0
DA:366,25
DA:367,8
DA:368,8
DA:369,8
DA:370,8
DA:371,5
DA:372,3
DA:373,8
DA:375,17
DA:377,17
DA:378,5
DA:381,12
DA:382,12
DA:383,10
DA:384,2
DA:385,12
DA:389,262
DA:390,262
DA:391,0
DA:392,262
DA:393,141
DA:394,141
DA:395,141
DA:396,141
DA:397,121
DA:398,121
DA:399,121
DA:402,277
DA:403,277
DA:404,0
DA:405,277
DA:406,152
DA:407,125
DA:408,277
DA:411,3
DA:412,3
DA:413,0
DA:414,3
DA:415,3
DA:416,0
DA:417,3
BRDA:87,0,0,1
BRDA:87,0,1,142
BRDA:115,0,0,2
BRDA:115,0,1,7
BRDA:119,0,0,0
BRDA:119,0,1,7
BRDA:123,0,0,0
BRDA:123,0,1,7
BRDA:123,1,2,0
BRDA:123,1,3,7
BRDA:131,0,0,3
BRDA:131,0,1,4
BRDA:133,0,0,0
BRDA:133,0,1,3
BRDA:138,0,0,1
BRDA:138,0,1,6
BRDA:141,0,0,6
BRDA:141,0,1,1
BRDA:148,0,0,1
BRDA:148,0,1,0
BRDA:148,1,2,1
BRDA:148,1,3,0
BRDA:151,0,0,0
BRDA:151,0,1,1
BRDA:168,0,0,156
BRDA:168,0,1,0
BRDA:175,0,0,0
BRDA:175,0,1,11
BRDA:183,0,0,0
BRDA:183,0,1,4
BRDA:186,0,0,1
BRDA:186,0,1,3
BRDA:192,0,0,0
BRDA:192,0,1,3
BRDA:202,0,0,7
BRDA:202,0,1,0
BRDA:209,0,0,55
BRDA:209,0,1,1
BRDA:218,0,0,20
BRDA:218,0,1,0
BRDA:225,0,0,27
BRDA:225,0,1,0
BRDA:234,0,0,0
BRDA:234,0,1,116
BRDA:236,0,0,77
BRDA:236,0,1,39
BRDA:237,0,0,55
BRDA:237,0,1,22
BRDA:239,0,0,18
BRDA:239,0,1,21
BRDA:249,0,0,0
BRDA:249,0,1,5166
BRDA:251,0,0,179
BRDA:251,0,1,4987
BRDA:252,0,0,156
BRDA:252,0,1,23
BRDA:254,0,0,4965
BRDA:254,0,1,22
BRDA:264,0,0,-
BRDA:264,0,1,-
BRDA:264,1,2,-
BRDA:264,1,3,-
BRDA:267,0,0,-
BRDA:267,0,1,-
BRDA:269,0,0,-
BRDA:269,0,1,-
BRDA:279,0,0,0
BRDA:279,0,1,4
BRDA:279,1,2,1
BRDA:279,1,3,3
BRDA:282,0,0,3
BRDA:282,0,1,0
BRDA:284,0,0,-
BRDA:284,0,1,-
BRDA:294,0,0,-
BRDA:294,0,1,-
BRDA:294,1,2,-
BRDA:294,1,3,-
BRDA:297,0,0,-
BRDA:297,0,1,-
BRDA:297,1,2,-
BRDA:297,1,3,-
BRDA:299,0,0,-
BRDA:299,0,1,-
BRDA:309,0,0,0
BRDA:309,0,1,10
BRDA:309,1,2,1
BRDA:309,1,3,9
BRDA:312,0,0,1
BRDA:312,0,1,8
BRDA:312,1,2,7
BRDA:312,1,3,1
BRDA:314,0,0,0
BRDA:314,0,1,1
BRDA:323,0,0,0
BRDA:323,0,1,10608
BRDA:326,0,0,5382
BRDA:326,0,1,5226
BRDA:333,0,0,5212
BRDA:333,0,1,14
BRDA:363,0,0,0
BRDA:363,0,1,25
BRDA:366,0,0,8
BRDA:366,0,1,17
BRDA:369,0,0,8
BRDA:369,0,1,0
BRDA:369,1,2,5
BRDA:369,1,3,3
BRDA:369,2,4,5
BRDA:369,2,5,0
BRDA:370,0,0,5
BRDA:370,0,1,0
BRDA:377,0,0,7
BRDA:377,0,1,10
BRDA:377,1,2,5
BRDA:377,1,3,2
BRDA:377,2,4,5
BRDA:377,2,5,0
BRDA:377,3,6,5
BRDA:377,3,7,0
BRDA:382,0,0,10
BRDA:382,0,1,2
BRDA:390,0,0,0
BRDA:390,0,1,262
BRDA:392,0,0,141
BRDA:392,0,1,121
BRDA:403,0,0,0
BRDA:403,0,1,277
BRDA:405,0,0,152
BRDA:405,0,1,125
BRDA:412,0,0,0
BRDA:412,0,1,3
BRDA:414,0,0,3
BRDA:414,0,1,0
BRF:134
BRH:83
LF:358
LH:292
end_of_record
SF:/Users/runner/work/Draxul/Draxul/app/split_tree.h
FN:66,_ZNK6draxul9SplitTree7focusedEv
FNDA:57,_ZNK6draxul9SplitTree7focusedEv
FNF:1
FNH:1
DA:66,57
DA:67,57
DA:68,57
BRF:0
BRH:0
LF:3
LH:3
end_of_record
SF:/Users/runner/work/Draxul/Draxul/libs/draxul-citydb/src/citydb.cpp
FN:826,_ZN6draxul12CityDatabaseC2Ev
FN:831,_ZN6draxul12CityDatabaseD2Ev
FN:836,_ZN6draxul12CityDatabaseC2EOS0_
FN:841,_ZN6draxul12CityDatabaseaSEOS0_
FN:852,_ZN6draxul12CityDatabase4openERKNSt3__14__fs10filesystem4pathE
FN:881,_ZN6draxul12CityDatabase5closeEv
FN:889,_ZNK6draxul12CityDatabase7is_openEv
FN:894,_ZNK6draxul12CityDatabase4pathEv
FN:900,_ZNK6draxul12CityDatabase10last_errorEv
FN:906,_ZNK6draxul12CityDatabase5statsEv
FN:912,_ZN6draxul12CityDatabase18reconcile_snapshotERKNS_16CodebaseSnapshotE
FN:1240,_ZNK6draxul12CityDatabase12list_modulesEv
FN:1266,_ZNK6draxul12CityDatabase22list_classes_in_moduleENSt3__117basic_string_viewIcNS1_11char_traitsIcEEEE
FN:1314,_ZNK6draxul12CityDatabase33list_class_dependencies_in_moduleENSt3__117basic_string_viewIcNS1_11char_traitsIcEEEE
FN:1358,_ZNK6draxul12CityDatabase13module_recordENSt3__117basic_string_viewIcNS1_11char_traitsIcEEEE
FN:1393,_ZNK6draxul12CityDatabase15codebase_healthEv
FN:53,citydb.cpp:_ZN6draxul12_GLOBAL__N_18DbHandleC2Ev
FN:61,citydb.cpp:_ZN6draxul12_GLOBAL__N_18DbHandleD2Ev
FN:85,citydb.cpp:_ZN6draxul12_GLOBAL__N_18DbHandle4openERKNSt3__14__fs10filesystem4pathE
FN:36,citydb.cpp:_ZN6draxul12_GLOBAL__N_111SqliteErrorC2EiNSt3__112basic_stringIcNS2_11char_traitsIcEENS2_9allocatorIcEEEE
FN:316,citydb.cpp:_ZN6draxul12_GLOBAL__N_14execEP7sqlite3NSt3__117basic_string_viewIcNS3_11char_traitsIcEEEE
FN:113,citydb.cpp:_ZNK6draxul12_GLOBAL__N_18DbHandle3getEv
FN:783,citydb.cpp:_ZN6draxul12_GLOBAL__N_114migrate_schemaEP7sqlite3
FN:767,citydb.cpp:_ZN6draxul12_GLOBAL__N_116create_schema_v6EP7sqlite3
FN:727,citydb.cpp:_ZN6draxul12_GLOBAL__N_116create_schema_v5EP7sqlite3
FN:706,citydb.cpp:_ZN6draxul12_GLOBAL__N_116create_schema_v4EP7sqlite3
FN:632,citydb.cpp:_ZN6draxul12_GLOBAL__N_116create_schema_v2EP7sqlite3
FN:774,citydb.cpp:_ZN6draxul12_GLOBAL__N_130migrate_to_current_destructiveEP7sqlite3
FN:756,citydb.cpp:_ZN6draxul12_GLOBAL__N_115drop_all_tablesEP7sqlite3
FN:104,citydb.cpp:_ZN6draxul12_GLOBAL__N_18DbHandle5closeEv
FN:118,citydb.cpp:_ZNK6draxul12_GLOBAL__N_18DbHandlecvbEv
FN:535,citydb.cpp:_ZN6draxul12_GLOBAL__N_114make_symbol_idERKNSt3__112basic_stringIcNS1_11char_traitsIcEENS1_9allocatorIcEEEENS_10SymbolKindENS1_17basic_string_viewIcS4_EEj
FN:549,citydb.cpp:_ZN6draxul12_GLOBAL__N_135build_inheritance_component_membersERKNSt3__113unordered_mapINS1_12basic_stringIcNS1_11char_traitsIcEENS1_9allocatorIcEEEENS1_6vectorIS8_NS6_IS8_EEEENS1_4hashIS8_EENS1_8equal_toIS8_EENS6_INS1_4pairIKS8_SB_EEEEEESM_
FN:267,citydb.cpp:_ZN6draxul12_GLOBAL__N_111TransactionC2EP7sqlite3
FN:298,citydb.cpp:_ZN6draxul12_GLOBAL__N_111Transaction4execEPKc
FN:132,citydb.cpp:_ZN6draxul12_GLOBAL__N_19StatementC2EP7sqlite3NSt3__117basic_string_viewIcNS4_11char_traitsIcEEEE
FN:161,citydb.cpp:_ZN6draxul12_GLOBAL__N_19Statement7prepareEP7sqlite3NSt3__117basic_string_viewIcNS4_11char_traitsIcEEEE
FN:251,citydb.cpp:_ZN6draxul12_GLOBAL__N_19Statement5resetEv
FN:515,citydb.cpp:_ZN6draxul12_GLOBAL__N_120module_path_for_fileENSt3__117basic_string_viewIcNS1_11char_traitsIcEEEE
FN:239,citydb.cpp:_ZN6draxul12_GLOBAL__N_19Statement5reuseEv
FN:231,citydb.cpp:_ZN6draxul12_GLOBAL__N_19Statement10reset_stepEv
FN:223,citydb.cpp:_ZN6draxul12_GLOBAL__N_19Statement14clear_bindingsEv
FN:173,citydb.cpp:_ZN6draxul12_GLOBAL__N_19Statement9bind_textEiNSt3__117basic_string_viewIcNS2_11char_traitsIcEEEE
FN:182,citydb.cpp:_ZN6draxul12_GLOBAL__N_19Statement8bind_intEii
FN:190,citydb.cpp:_ZN6draxul12_GLOBAL__N_19Statement10bind_int64Eix
FN:215,citydb.cpp:_ZN6draxul12_GLOBAL__N_19Statement9step_doneEv
FN:608,citydb.cpp:_ZN6draxul12_GLOBAL__N_126resolve_dependency_targetsENSt3__117basic_string_viewIcNS1_11char_traitsIcEEEES5_RKNS1_13unordered_mapINS1_12basic_stringIcS4_NS1_9allocatorIcEEEENS1_6vectorISA_NS8_ISA_EEEENS1_4hashISA_EENS1_8equal_toISA_EENS8_INS1_4pairIKSA_SD_EEEEEESO_
FN:626,citydb.cpp:_ZZN6draxul12_GLOBAL__N_126resolve_dependency_targetsENSt3__117basic_string_viewIcNS1_11char_traitsIcEEEES5_RKNS1_13unordered_mapINS1_12basic_stringIcS4_NS1_9allocatorIcEEEENS1_6vectorISA_NS8_ISA_EEEENS1_4hashISA_EENS1_8equal_toISA_EENS8_INS1_4pairIKSA_SD_EEEEEESO_ENK3$_0clERSJ_
FN:330,citydb.cpp:_ZN6draxul12_GLOBAL__N_116symbol_kind_nameENS_10SymbolKindE
FN:356,citydb.cpp:_ZN6draxul12_GLOBAL__N_114city_role_nameENS0_8CityRoleE
FN:385,citydb.cpp:_ZN6draxul12_GLOBAL__N_111entity_specENS0_8CityRoleEi
FN:405,citydb.cpp:_ZN6draxul12_GLOBAL__N_114json_int_arrayERKNSt3__16vectorIiNS1_9allocatorIiEEEE
FN:420,citydb.cpp:_ZN6draxul12_GLOBAL__N_117json_string_arrayERKNSt3__16vectorINS1_12basic_stringIcNS1_11char_traitsIcEENS1_9allocatorIcEEEENS6_IS8_EEEE
FN:198,citydb.cpp:_ZN6draxul12_GLOBAL__N_19Statement11bind_doubleEid
FN:542,citydb.cpp:_ZN6draxul12_GLOBAL__N_113make_field_idENSt3__117basic_string_viewIcNS1_11char_traitsIcEEEES5_m
FN:206,citydb.cpp:_ZN6draxul12_GLOBAL__N_19Statement4stepEv
FN:1154,citydb.cpp:_ZZN6draxul12CityDatabase18reconcile_snapshotERKNS_16CodebaseSnapshotEENK3$_0clEi
FN:245,citydb.cpp:_ZNK6draxul12_GLOBAL__N_19Statement3rawEv
FN:477,citydb.cpp:_ZN6draxul12_GLOBAL__N_120parse_json_int_arrayENSt3__117basic_string_viewIcNS1_11char_traitsIcEEEE
FN:137,citydb.cpp:_ZN6draxul12_GLOBAL__N_19StatementD2Ev
FN:288,citydb.cpp:_ZN6draxul12_GLOBAL__N_111Transaction6commitEv
FN:273,citydb.cpp:_ZN6draxul12_GLOBAL__N_111TransactionD2Ev
FN:1286,citydb.cpp:_ZZNK6draxul12CityDatabase22list_classes_in_moduleENSt3__117basic_string_viewIcNS1_11char_traitsIcEEEEENK3$_0clEi
FN:442,citydb.cpp:_ZN6draxul12_GLOBAL__N_123parse_json_string_arrayENSt3__117basic_string_viewIcNS1_11char_traitsIcEEEE
FN:1334,citydb.cpp:_ZZNK6draxul12CityDatabase33list_class_dependencies_in_moduleENSt3__117basic_string_viewIcNS1_11char_traitsIcEEEEENK3$_0clEi
FN:42,citydb.cpp:_ZNK6draxul12_GLOBAL__N_111SqliteError4codeEv
FN:56,citydb.cpp:_ZN6draxul12_GLOBAL__N_18DbHandleC2ERKNSt3__14__fs10filesystem4pathE
FN:70,citydb.cpp:_ZN6draxul12_GLOBAL__N_18DbHandleC2EOS1_
FN:74,citydb.cpp:_ZN6draxul12_GLOBAL__N_18DbHandleaSEOS1_
FN:146,citydb.cpp:_ZN6draxul12_GLOBAL__N_19StatementC2EOS1_
FN:150,citydb.cpp:_ZN6draxul12_GLOBAL__N_19StatementaSEOS1_
FN:688,citydb.cpp:_ZN6draxul12_GLOBAL__N_116create_schema_v3EP7sqlite3
FNDA:9,_ZN6draxul12CityDatabaseC2Ev
FNDA:9,_ZN6draxul12CityDatabaseD2Ev
FNDA:0,_ZN6draxul12CityDatabaseC2EOS0_
FNDA:0,_ZN6draxul12CityDatabaseaSEOS0_
FNDA:9,_ZN6draxul12CityDatabase4openERKNSt3__14__fs10filesystem4pathE
FNDA:6,_ZN6draxul12CityDatabase5closeEv
FNDA:13,_ZNK6draxul12CityDatabase7is_openEv
FNDA:0,_ZNK6draxul12CityDatabase4pathEv
FNDA:2,_ZNK6draxul12CityDatabase10last_errorEv
FNDA:1,_ZNK6draxul12CityDatabase5statsEv
FNDA:5,_ZN6draxul12CityDatabase18reconcile_snapshotERKNS_16CodebaseSnapshotE
FNDA:7,_ZNK6draxul12CityDatabase12list_modulesEv
FNDA:3,_ZNK6draxul12CityDatabase22list_classes_in_moduleENSt3__117basic_string_viewIcNS1_11char_traitsIcEEEE
FNDA:5,_ZNK6draxul12CityDatabase33list_class_dependencies_in_moduleENSt3__117basic_string_viewIcNS1_11char_traitsIcEEEE
FNDA:3,_ZNK6draxul12CityDatabase13module_recordENSt3__117basic_string_viewIcNS1_11char_traitsIcEEEE
FNDA:3,_ZNK6draxul12CityDatabase15codebase_healthEv
FNDA:9,citydb.cpp:_ZN6draxul12_GLOBAL__N_18DbHandleC2Ev
FNDA:9,citydb.cpp:_ZN6draxul12_GLOBAL__N_18DbHandleD2Ev
FNDA:9,citydb.cpp:_ZN6draxul12_GLOBAL__N_18DbHandle4openERKNSt3__14__fs10filesystem4pathE
FNDA:0,citydb.cpp:_ZN6draxul12_GLOBAL__N_111SqliteErrorC2EiNSt3__112basic_stringIcNS2_11char_traitsIcEENS2_9allocatorIcEEEE
FNDA:89,citydb.cpp:_ZN6draxul12_GLOBAL__N_14execEP7sqlite3NSt3__117basic_string_viewIcNS3_11char_traitsIcEEEE
FNDA:126,citydb.cpp:_ZNK6draxul12_GLOBAL__N_18DbHandle3getEv
FNDA:9,citydb.cpp:_ZN6draxul12_GLOBAL__N_114migrate_schemaEP7sqlite3
FNDA:6,citydb.cpp:_ZN6draxul12_GLOBAL__N_116create_schema_v6EP7sqlite3
FNDA:6,citydb.cpp:_ZN6draxul12_GLOBAL__N_116create_schema_v5EP7sqlite3
FNDA:6,citydb.cpp:_ZN6draxul12_GLOBAL__N_116create_schema_v4EP7sqlite3
FNDA:6,citydb.cpp:_ZN6draxul12_GLOBAL__N_116create_schema_v2EP7sqlite3
FNDA:0,citydb.cpp:_ZN6draxul12_GLOBAL__N_130migrate_to_current_destructiveEP7sqlite3
FNDA:0,citydb.cpp:_ZN6draxul12_GLOBAL__N_115drop_all_tablesEP7sqlite3
FNDA:24,citydb.cpp:_ZN6draxul12_GLOBAL__N_18DbHandle5closeEv
FNDA:39,citydb.cpp:_ZNK6draxul12_GLOBAL__N_18DbHandlecvbEv
FNDA:26,citydb.cpp:_ZN6draxul12_GLOBAL__N_114make_symbol_idERKNSt3__112basic_stringIcNS1_11char_traitsIcEENS1_9allocatorIcEEEENS_10SymbolKindENS1_17basic_string_viewIcS4_EEj
FNDA:5,citydb.cpp:_ZN6draxul12_GLOBAL__N_135build_inheritance_component_membersERKNSt3__113unordered_mapINS1_12basic_stringIcNS1_11char_traitsIcEENS1_9allocatorIcEEEENS1_6vectorIS8_NS6_IS8_EEEENS1_4hashIS8_EENS1_8equal_toIS8_EENS6_INS1_4pairIKS8_SB_EEEEEESM_
FNDA:5,citydb.cpp:_ZN6draxul12_GLOBAL__N_111TransactionC2EP7sqlite3
FNDA:10,citydb.cpp:_ZN6draxul12_GLOBAL__N_111Transaction4execEPKc
FNDA:56,citydb.cpp:_ZN6draxul12_GLOBAL__N_19StatementC2EP7sqlite3NSt3__117basic_string_viewIcNS4_11char_traitsIcEEEE
FNDA:56,citydb.cpp:_ZN6draxul12_GLOBAL__N_19Statement7prepareEP7sqlite3NSt3__117basic_string_viewIcNS4_11char_traitsIcEEEE
FNDA:112,citydb.cpp:_ZN6draxul12_GLOBAL__N_19Statement5resetEv
FNDA:5,citydb.cpp:_ZN6draxul12_GLOBAL__N_120module_path_for_fileENSt3__117basic_string_viewIcNS1_11char_traitsIcEEEE
FNDA:58,citydb.cpp:_ZN6draxul12_GLOBAL__N_19Statement5reuseEv
FNDA:58,citydb.cpp:_ZN6draxul12_GLOBAL__N_19Statement10reset_stepEv
FNDA:58,citydb.cpp:_ZN6draxul12_GLOBAL__N_19Statement14clear_bindingsEv
FNDA:339,citydb.cpp:_ZN6draxul12_GLOBAL__N_19Statement9bind_textEiNSt3__117basic_string_viewIcNS2_11char_traitsIcEEEE
FNDA:133,citydb.cpp:_ZN6draxul12_GLOBAL__N_19Statement8bind_intEii
FNDA:5,citydb.cpp:_ZN6draxul12_GLOBAL__N_19Statement10bind_int64Eix
FNDA:58,citydb.cpp:_ZN6draxul12_GLOBAL__N_19Statement9step_doneEv
FNDA:14,citydb.cpp:_ZN6draxul12_GLOBAL__N_126resolve_dependency_targetsENSt3__117basic_string_viewIcNS1_11char_traitsIcEEEES5_RKNS1_13unordered_mapINS1_12basic_stringIcS4_NS1_9allocatorIcEEEENS1_6vectorISA_NS8_ISA_EEEENS1_4hashISA_EENS1_8equal_toISA_EENS8_INS1_4pairIKSA_SD_EEEEEESO_
FNDA:16,citydb.cpp:_ZZN6draxul12_GLOBAL__N_126resolve_dependency_targetsENSt3__117basic_string_viewIcNS1_11char_traitsIcEEEES5_RKNS1_13unordered_mapINS1_12basic_stringIcS4_NS1_9allocatorIcEEEENS1_6vectorISA_NS8_ISA_EEEENS1_4hashISA_EENS1_8equal_toISA_EENS8_INS1_4pairIKSA_SD_EEEEEESO_ENK3$_0clERSJ_
FNDA:40,citydb.cpp:_ZN6draxul12_GLOBAL__N_116symbol_kind_nameENS_10SymbolKindE
FNDA:14,citydb.cpp:_ZN6draxul12_GLOBAL__N_114city_role_nameENS0_8CityRoleE
FNDA:13,citydb.cpp:_ZN6draxul12_GLOBAL__N_111entity_specENS0_8CityRoleEi
FNDA:13,citydb.cpp:_ZN6draxul12_GLOBAL__N_114json_int_arrayERKNSt3__16vectorIiNS1_9allocatorIiEEEE
FNDA:13,citydb.cpp:_ZN6draxul12_GLOBAL__N_117json_string_arrayERKNSt3__16vectorINS1_12basic_stringIcNS1_11char_traitsIcEENS1_9allocatorIcEEEENS6_IS8_EEEE
FNDA:64,citydb.cpp:_ZN6draxul12_GLOBAL__N_19Statement11bind_doubleEid
FNDA:13,citydb.cpp:_ZN6draxul12_GLOBAL__N_113make_field_idENSt3__117basic_string_viewIcNS1_11char_traitsIcEEEES5_m
FNDA:112,citydb.cpp:_ZN6draxul12_GLOBAL__N_19Statement4stepEv
FNDA:24,citydb.cpp:_ZZN6draxul12CityDatabase18reconcile_snapshotERKNS_16CodebaseSnapshotEENK3$_0clEi
FNDA:223,citydb.cpp:_ZNK6draxul12_GLOBAL__N_19Statement3rawEv
FNDA:17,citydb.cpp:_ZN6draxul12_GLOBAL__N_120parse_json_int_arrayENSt3__117basic_string_viewIcNS1_11char_traitsIcEEEE
FNDA:56,citydb.cpp:_ZN6draxul12_GLOBAL__N_19StatementD2Ev
FNDA:5,citydb.cpp:_ZN6draxul12_GLOBAL__N_111Transaction6commitEv
FNDA:5,citydb.cpp:_ZN6draxul12_GLOBAL__N_111TransactionD2Ev
FNDA:40,citydb.cpp:_ZZNK6draxul12CityDatabase22list_classes_in_moduleENSt3__117basic_string_viewIcNS1_11char_traitsIcEEEEENK3$_0clEi
FNDA:5,citydb.cpp:_ZN6draxul12_GLOBAL__N_123parse_json_string_arrayENSt3__117basic_string_viewIcNS1_11char_traitsIcEEEE
FNDA:64,citydb.cpp:_ZZNK6draxul12CityDatabase33list_class_dependencies_in_moduleENSt3__117basic_string_viewIcNS1_11char_traitsIcEEEEENK3$_0clEi
FNDA:0,citydb.cpp:_ZNK6draxul12_GLOBAL__N_111SqliteError4codeEv
FNDA:0,citydb.cpp:_ZN6draxul12_GLOBAL__N_18DbHandleC2ERKNSt3__14__fs10filesystem4pathE
FNDA:0,citydb.cpp:_ZN6draxul12_GLOBAL__N_18DbHandleC2EOS1_
FNDA:0,citydb.cpp:_ZN6draxul12_GLOBAL__N_18DbHandleaSEOS1_
FNDA:0,citydb.cpp:_ZN6draxul12_GLOBAL__N_19StatementC2EOS1_
FNDA:0,citydb.cpp:_ZN6draxul12_GLOBAL__N_19StatementaSEOS1_
FNDA:0,citydb.cpp:_ZN6draxul12_GLOBAL__N_116create_schema_v3EP7sqlite3
FNF:72
FNH:59
DA:36,0
DA:37,0
DA:38,0
DA:39,0
DA:42,0
DA:43,0
DA:44,0
DA:53,9
DA:56,0
DA:57,0
DA:58,0
DA:61,9
DA:62,9
DA:63,9
DA:70,0
DA:71,0
DA:74,0
DA:75,0
DA:76,0
DA:77,0
DA:78,0
DA:79,0
DA:80,0
DA:81,0
DA:82,0
DA:85,9
DA:86,9
DA:87,9
DA:89,9
DA:90,9
DA:91,9
DA:92,9
DA:93,0
DA:94,0
DA:95,0
DA:96,0
DA:97,0
DA:98,0
DA:100,9
DA:101,9
DA:104,24
DA:105,24
DA:106,24
DA:107,15
DA:108,9
DA:109,9
DA:110,9
DA:113,126
DA:114,126
DA:115,126
DA:118,39
DA:119,39
DA:120,39
DA:132,56
DA:133,56
DA:134,56
DA:137,56
DA:138,56
DA:139,56
DA:146,0
DA:147,0
DA:150,0
DA:151,0
DA:152,0
DA:153,0
DA:154,0
DA:155,0
DA:156,0
DA:157,0
DA:158,0
DA:161,56
DA:162,56
DA:163,56
DA:164,56
DA:165,56
DA:166,56
DA:167,56
DA:168,0
DA:169,56
DA:170,56
DA:173,339
DA:174,339
DA:175,339
DA:176,339
DA:177,339
DA:178,0
DA:179,339
DA:182,133
DA:183,133
DA:184,133
DA:185,133
DA:186,0
DA:187,133
DA:190,5
DA:191,5
DA:192,5
DA:193,5
DA:194,0
DA:195,5
DA:198,64
DA:199,64
DA:200,64
DA:201,64
DA:202,0
DA:203,64
DA:206,112
DA:207,112
DA:208,112
DA:209,112
DA:210,0
DA:211,112
DA:212,112
DA:215,58
DA:216,58
DA:217,58
DA:218,58
DA:219,0
DA:220,58
DA:223,58
DA:224,58
DA:225,58
DA:226,58
DA:227,0
DA:228,58
DA:231,58
DA:232,58
DA:233,58
DA:234,58
DA:235,0
DA:236,58
DA:239,58
DA:240,58
DA:241,58
DA:242,58
DA:245,223
DA:246,223
DA:247,223
DA:251,112
DA:252,112
DA:253,112
DA:254,56
DA:255,56
DA:256,56
DA:257,56
DA:258,112
DA:267,5
DA:268,5
DA:269,5
DA:270,5
DA:273,5
DA:274,5
DA:275,5
DA:276,0
DA:277,0
DA:278,0
DA:279,0
DA:280,0
DA:281,0
DA:282,0
DA:283,0
DA:284,0
DA:285,5
DA:288,5
DA:289,5
DA:290,5
DA:291,0
DA:292,5
DA:293,5
DA:294,5
DA:298,10
DA:299,10
DA:300,10
DA:301,10
DA:302,10
DA:303,0
DA:304,0
DA:305,0
DA:306,0
DA:307,0
DA:308,0
DA:309,10
DA:316,89
DA:317,89
DA:318,89
DA:319,89
DA:320,89
DA:321,0
DA:322,0
DA:323,0
DA:324,0
DA:325,0
DA:326,0
DA:327,89
DA:330,40
DA:331,40
DA:332,40
DA:333,4
DA:334,4
DA:335,30
DA:336,30
DA:337,6
DA:338,6
DA:339,0
DA:340,0
DA:341,40
DA:342,0
DA:343,40
DA:356,14
DA:357,14
DA:358,14
DA:359,8
DA:360,8
DA:361,2
DA:362,2
DA:363,2
DA:364,2
DA:365,1
DA:366,1
DA:367,1
DA:368,1
DA:369,0
DA:370,0
DA:371,14
DA:372,0
DA:373,14
DA:385,13
DA:386,13
DA:387,13
DA:388,13
DA:389,8
DA:390,8
DA:391,2
DA:392,2
DA:393,2
DA:394,2
DA:395,1
DA:396,1
DA:397,0
DA:398,0
DA:399,0
DA:400,13
DA:401,0
DA:402,13
DA:405,13
DA:406,13
DA:407,13
DA:408,13
DA:409,14
DA:410,1
DA:411,1
DA:412,0
DA:413,1
DA:414,1
DA:415,13
DA:416,13
DA:417,13
DA:420,13
DA:421,13
DA:422,13
DA:423,13
DA:424,14
DA:425,1
DA:426,1
DA:427,0
DA:428,1
DA:429,1
DA:430,4
DA:431,4
DA:432,0
DA:433,4
DA:434,4
DA:435,1
DA:436,1
DA:437,13
DA:438,13
DA:439,13
DA:442,5
DA:443,5
DA:444,5
DA:445,5
DA:446,5
DA:447,5
DA:448,5
DA:449,16
DA:450,16
DA:451,0
DA:452,0
DA:453,0
DA:454,0
DA:455,16
DA:456,0
DA:457,0
DA:458,0
DA:459,16
DA:460,2
DA:461,2
DA:462,1
DA:463,1
DA:464,1
DA:465,1
DA:466,2
DA:467,2
DA:468,14
DA:469,4
DA:470,4
DA:471,4
DA:472,16
DA:473,5
DA:474,5
DA:477,17
DA:478,17
DA:479,17
DA:480,17
DA:481,17
DA:482,17
DA:483,17
DA:484,36
DA:485,36
DA:486,0
DA:487,0
DA:488,0
DA:489,0
DA:490,0
DA:491,36
DA:492,2
DA:493,2
DA:494,2
DA:495,2
DA:496,2
DA:497,2
DA:498,2
DA:499,2
DA:500,2
DA:501,34
DA:502,2
DA:503,2
DA:504,2
DA:505,2
DA:506,2
DA:507,2
DA:508,36
DA:509,17
DA:510,0
DA:511,17
DA:512,17
DA:515,5
DA:516,5
DA:517,5
DA:519,5
DA:520,5
DA:521,0
DA:522,5
DA:523,5
DA:524,5
DA:525,0
DA:527,0
DA:528,0
DA:530,5
DA:531,5
DA:535,26
DA:536,26
DA:537,26
DA:538,26
DA:542,13
DA:543,13
DA:544,13
DA:549,5
DA:550,5
DA:551,5
DA:552,5
DA:554,5
DA:555,1
DA:556,1
DA:557,1
DA:558,1
DA:559,1
DA:560,0
DA:561,1
DA:562,1
DA:563,0
DA:564,1
DA:565,1
DA:566,1
DA:567,1
DA:569,5
DA:570,5
DA:571,5
DA:572,5
DA:573,2
DA:574,2
DA:575,2
DA:576,1
DA:578,1
DA:579,1
DA:580,3
DA:581,2
DA:582,2
DA:583,2
DA:584,2
DA:586,2
DA:587,2
DA:588,0
DA:589,2
DA:590,2
DA:591,2
DA:592,1
DA:593,2
DA:594,2
DA:596,1
DA:597,2
DA:598,1
DA:600,5
DA:601,5
DA:608,14
DA:609,14
DA:610,14
DA:611,14
DA:612,0
DA:614,14
DA:615,14
DA:616,14
DA:617,14
DA:618,2
DA:619,12
DA:620,12
DA:622,14
DA:623,14
DA:624,14
DA:625,14
DA:626,16
DA:627,14
DA:628,14
DA:629,14
DA:632,6
DA:633,6
DA:634,6
DA:635,6
DA:636,6
DA:637,6
DA:638,6
DA:639,6
DA:640,6
DA:641,6
DA:642,6
DA:643,6
DA:644,6
DA:645,6
DA:646,6
DA:647,6
DA:648,6
DA:649,6
DA:650,6
DA:651,6
DA:652,6
DA:653,6
DA:654,6
DA:655,6
DA:656,6
DA:657,6
DA:658,6
DA:659,6
DA:660,6
DA:661,6
DA:662,6
DA:663,6
DA:664,6
DA:665,6
DA:666,6
DA:667,6
DA:668,6
DA:669,6
DA:670,6
DA:671,6
DA:672,6
DA:673,6
DA:674,6
DA:675,6
DA:676,6
DA:677,6
DA:678,6
DA:679,6
DA:680,6
DA:681,6
DA:682,6
DA:683,6
DA:684,6
DA:685,6
DA:688,0
DA:689,0
DA:690,0
DA:691,0
DA:692,0
DA:693,0
DA:694,0
DA:695,0
DA:696,0
DA:697,0
DA:698,0
DA:699,0
DA:700,0
DA:701,0
DA:702,0
DA:703,0
DA:706,6
DA:707,6
DA:708,6
DA:710,6
DA:711,6
DA:712,6
DA:713,6
DA:714,6
DA:715,6
DA:716,6
DA:717,6
DA:718,6
DA:719,6
DA:720,6
DA:721,6
DA:722,6
DA:723,6
DA:724,6
DA:727,6
DA:728,6
DA:729,6
DA:731,6
DA:732,6
DA:733,6
DA:734,6
DA:735,6
DA:736,6
DA:737,6
DA:738,6
DA:739,6
DA:740,6
DA:741,6
DA:742,6
DA:743,6
DA:744,6
DA:745,6
DA:746,6
DA:747,6
DA:748,6
DA:749,6
DA:750,6
DA:751,6
DA:752,6
DA:753,6
DA:756,0
DA:757,0
DA:758,0
DA:759,0
DA:760,0
DA:761,0
DA:762,0
DA:763,0
DA:764,0
DA:767,6
DA:768,6
DA:769,6
DA:770,6
DA:771,6
DA:774,0
DA:775,0
DA:778,0
DA:779,0
DA:780,0
DA:783,9
DA:784,9
DA:785,9
DA:786,9
DA:787,9
DA:788,9
DA:789,9
DA:790,0
DA:791,9
DA:792,9
DA:793,9
DA:794,9
DA:796,9
DA:797,6
DA:798,3
DA:799,0
DA:801,9
DA:802,9
DA:803,9
DA:804,9
DA:805,0
DA:806,9
DA:807,9
DA:808,9
DA:809,9
DA:811,9
DA:812,0
DA:813,9
DA:826,9
DA:827,9
DA:828,9
DA:831,9
DA:832,9
DA:833,9
DA:836,0
DA:837,0
DA:838,0
DA:841,0
DA:842,0
DA:843,0
DA:844,0
DA:845,0
DA:846,0
DA:847,0
DA:848,0
DA:849,0
DA:852,9
DA:853,9
DA:854,9
DA:855,0
DA:857,9
DA:858,9
DA:859,9
DA:860,9
DA:861,9
DA:862,9
DA:863,9
DA:865,9
DA:866,9
DA:867,9
DA:868,9
DA:869,9
DA:870,9
DA:871,9
DA:872,9
DA:873,9
DA:874,0
DA:875,0
DA:876,0
DA:877,0
DA:878,9
DA:881,6
DA:882,6
DA:883,6
DA:884,0
DA:885,6
DA:886,6
DA:889,13
DA:890,13
DA:891,13
DA:894,0
DA:895,0
DA:896,0
DA:897,0
DA:900,2
DA:901,2
DA:902,2
DA:903,2
DA:906,1
DA:907,1
DA:908,1
DA:909,1
DA:912,5
DA:913,5
DA:914,5
DA:915,0
DA:917,5
DA:918,5
DA:919,5
DA:920,5
DA:921,5
DA:922,5
DA:923,5
DA:924,5
DA:925,5
DA:926,5
DA:927,14
DA:928,14
DA:929,12
DA:930,12
DA:931,12
DA:932,12
DA:933,12
DA:934,12
DA:935,12
DA:936,1
DA:937,12
DA:938,14
DA:939,1
DA:940,1
DA:941,1
DA:942,1
DA:943,1
DA:944,1
DA:945,1
DA:946,14
DA:947,5
DA:948,5
DA:949,5
DA:951,5
DA:952,5
DA:953,5
DA:954,5
DA:956,5
DA:957,5
DA:958,5
DA:959,5
DA:960,5
DA:961,5
DA:962,5
DA:963,5
DA:964,5
DA:965,5
DA:966,5
DA:967,5
DA:968,5
DA:969,5
DA:970,5
DA:971,5
DA:973,5
DA:974,5
DA:975,5
DA:976,5
DA:977,5
DA:978,5
DA:980,5
DA:981,5
DA:982,5
DA:984,5
DA:985,5
DA:987,5
DA:988,5
DA:989,5
DA:990,5
DA:991,5
DA:992,5
DA:993,5
DA:994,5
DA:995,5
DA:996,5
DA:998,5
DA:999,14
DA:1000,14
DA:1001,14
DA:1002,2
DA:1003,12
DA:1004,12
DA:1005,12
DA:1006,2
DA:1007,10
DA:1008,10
DA:1009,2
DA:1010,8
DA:1011,8
DA:1012,12
DA:1014,14
DA:1015,14
DA:1016,14
DA:1017,14
DA:1018,14
DA:1019,14
DA:1020,14
DA:1021,14
DA:1022,14
DA:1023,12
DA:1024,12
DA:1025,12
DA:1026,1
DA:1027,12
DA:1028,12
DA:1029,1
DA:1030,12
DA:1031,14
DA:1032,14
DA:1033,14
DA:1034,14
DA:1035,8
DA:1036,8
DA:1037,13
DA:1038,13
DA:1039,7
DA:1040,7
DA:1041,0
DA:1042,7
DA:1043,7
DA:1044,7
DA:1045,7
DA:1046,7
DA:1047,7
DA:1048,7
DA:1049,13
DA:1050,8
DA:1051,14
DA:1053,14
DA:1054,14
DA:1055,14
DA:1056,14
DA:1057,14
DA:1058,14
DA:1059,14
DA:1060,14
DA:1061,14
DA:1062,14
DA:1063,14
DA:1064,14
DA:1065,14
DA:1066,14
DA:1067,14
DA:1069,14
DA:1070,8
DA:1072,14
DA:1073,1
DA:1075,13
DA:1076,13
DA:1077,13
DA:1078,13
DA:1079,13
DA:1080,13
DA:1081,13
DA:1082,13
DA:1083,13
DA:1084,13
DA:1085,13
DA:1086,13
DA:1087,13
DA:1088,13
DA:1089,13
DA:1090,13
DA:1091,13
DA:1092,13
DA:1093,13
DA:1094,13
DA:1095,13
DA:1096,5
DA:1098,5
DA:1099,8
DA:1100,21
DA:1101,13
DA:1102,13
DA:1103,13
DA:1104,13
DA:1105,13
DA:1106,13
DA:1107,13
DA:1108,13
DA:1110,13
DA:1111,7
DA:1112,7
DA:1113,7
DA:1114,7
DA:1115,7
DA:1116,7
DA:1117,7
DA:1118,8
DA:1119,8
DA:1120,8
DA:1121,8
DA:1122,8
DA:1123,8
DA:1124,8
DA:1125,8
DA:1126,7
DA:1127,13
DA:1128,8
DA:1131,5
DA:1132,5
DA:1133,5
DA:1134,5
DA:1135,5
DA:1139,5
DA:1140,5
DA:1141,5
DA:1142,5
DA:1143,5
DA:1144,5
DA:1145,5
DA:1146,5
DA:1147,5
DA:1149,5
DA:1150,5
DA:1151,5
DA:1152,5
DA:1153,5
DA:1154,24
DA:1155,24
DA:1156,24
DA:1157,24
DA:1158,17
DA:1159,12
DA:1160,12
DA:1161,12
DA:1162,12
DA:1163,12
DA:1164,12
DA:1165,12
DA:1166,12
DA:1167,1
DA:1168,12
DA:1169,12
DA:1170,12
DA:1171,5
DA:1173,5
DA:1174,5
DA:1175,5
DA:1176,5
DA:1177,5
DA:1181,5
DA:1182,5
DA:1183,5
DA:1188,5
DA:1189,5
DA:1190,5
DA:1191,5
DA:1192,5
DA:1193,5
DA:1194,5
DA:1198,5
DA:1199,5
DA:1200,5
DA:1201,5
DA:1202,5
DA:1203,5
DA:1206,5
DA:1208,5
DA:1209,5
DA:1210,5
DA:1211,5
DA:1212,5
DA:1213,5
DA:1214,5
DA:1215,5
DA:1216,5
DA:1217,5
DA:1218,5
DA:1219,5
DA:1221,5
DA:1223,5
DA:1224,5
DA:1225,5
DA:1226,5
DA:1227,5
DA:1228,5
DA:1229,5
DA:1230,5
DA:1231,5
DA:1232,5
DA:1233,5
DA:1234,0
DA:1235,0
DA:1236,0
DA:1237,5
DA:1240,7
DA:1241,7
DA:1242,7
DA:1243,7
DA:1244,0
DA:1246,7
DA:1247,7
DA:1248,7
DA:1249,7
DA:1250,7
DA:1251,10
DA:1252,3
DA:1253,3
[...]
FN:377,_ZN6draxul7UiPanel6on_keyERKNS_8KeyEventE
FN:397,_ZNK6draxul7UiPanel14wants_keyboardEv
FN:406,_ZNK6draxul7UiPanel11wants_mouseEv
FN:80,ui_panel.cpp:_ZN6draxul12_GLOBAL__N_120render_panel_windowsERKNS_11PanelLayoutERKNS_20DiagnosticPanelStateE
FN:27,ui_panel.cpp:_ZN6draxul12_GLOBAL__N_117create_dock_spaceEv
FN:56,ui_panel.cpp:_ZN6draxul12_GLOBAL__N_117render_window_tabERKNS_11PanelLayoutERKNS_20DiagnosticPanelStateE
FN:64,ui_panel.cpp:_ZN6draxul12_GLOBAL__N_122render_renderer_windowERKNS_20DiagnosticPanelStateE
FN:72,ui_panel.cpp:_ZN6draxul12_GLOBAL__N_121render_startup_windowERKNS_20DiagnosticPanelStateE
FNDA:60,_ZN6draxul20compute_panel_layoutEiiiiibf
FNDA:49,_ZN6draxul7UiPanelC2Ev
FNDA:49,_ZN6draxul7UiPanelD2Ev
FNDA:22,_ZN6draxul7UiPanel10initializeEv
FNDA:21,_ZN6draxul7UiPanel22activate_imgui_contextEv
FNDA:91,_ZN6draxul7UiPanel8shutdownEv
FNDA:12,_ZN6draxul7UiPanel8set_fontERKNSt3__112basic_stringIcNS1_11char_traitsIcEENS1_9allocatorIcEEEEf
FNDA:12,_ZN6draxul7UiPanel11set_visibleEb
FNDA:1,_ZN6draxul7UiPanel14toggle_visibleEv
FNDA:4,_ZNK6draxul7UiPanel7visibleEv
FNDA:24,_ZN6draxul7UiPanel18set_window_metricsEiiiiif
FNDA:25,_ZNK6draxul7UiPanel6layoutEv
FNDA:2,_ZN6draxul7UiPanel23update_diagnostic_stateERKNS_20DiagnosticPanelStateE
FNDA:0,_ZN6draxul7UiPanel11begin_frameEf
FNDA:0,_ZN6draxul7UiPanel6renderEv
FNDA:0,_ZNK6draxul7UiPanel9end_frameEv
FNDA:0,_ZNK6draxul7UiPanel27render_into_current_contextEv
FNDA:0,_ZN6draxul7UiPanel13on_mouse_moveERKNS_14MouseMoveEventE
FNDA:2,_ZN6draxul7UiPanel15on_mouse_buttonERKNS_16MouseButtonEventE
FNDA:1,_ZN6draxul7UiPanel14on_mouse_wheelERKNS_15MouseWheelEventE
FNDA:1,_ZN6draxul7UiPanel13on_text_inputERKNS_14TextInputEventE
FNDA:2,_ZN6draxul7UiPanel6on_keyERKNS_8KeyEventE
FNDA:7,_ZNK6draxul7UiPanel14wants_keyboardEv
FNDA:6,_ZNK6draxul7UiPanel11wants_mouseEv
FNDA:0,ui_panel.cpp:_ZN6draxul12_GLOBAL__N_120render_panel_windowsERKNS_11PanelLayoutERKNS_20DiagnosticPanelStateE
FNDA:0,ui_panel.cpp:_ZN6draxul12_GLOBAL__N_117create_dock_spaceEv
FNDA:0,ui_panel.cpp:_ZN6draxul12_GLOBAL__N_117render_window_tabERKNS_11PanelLayoutERKNS_20DiagnosticPanelStateE
FNDA:0,ui_panel.cpp:_ZN6draxul12_GLOBAL__N_122render_renderer_windowERKNS_20DiagnosticPanelStateE
FNDA:0,ui_panel.cpp:_ZN6draxul12_GLOBAL__N_121render_startup_windowERKNS_20DiagnosticPanelStateE
FNF:29
FNH:19
DA:27,0
DA:28,0
DA:29,0
DA:30,0
DA:32,0
DA:33,0
DA:34,0
DA:35,0
DA:37,0
DA:38,0
DA:39,0
DA:40,0
DA:41,0
DA:42,0
DA:43,0
DA:44,0
DA:45,0
DA:46,0
DA:47,0
DA:48,0
DA:49,0
DA:51,0
DA:52,0
DA:53,0
DA:56,0
DA:57,0
DA:58,0
DA:59,0
DA:60,0
DA:61,0
DA:64,0
DA:65,0
DA:66,0
DA:67,0
DA:68,0
DA:69,0
DA:72,0
DA:73,0
DA:74,0
DA:75,0
DA:76,0
DA:77,0
DA:80,0
DA:81,0
DA:82,0
DA:83,0
DA:85,0
DA:86,0
DA:87,0
DA:88,0
DA:89,0
DA:90,0
DA:91,0
DA:93,0
DA:94,0
DA:96,0
DA:97,0
DA:98,0
DA:99,0
DA:100,0
DA:101,0
DA:102,0
DA:103,0
DA:105,0
DA:106,0
DA:107,0
DA:109,0
DA:110,0
DA:111,0
DA:112,0
DA:113,0
DA:114,0
DA:115,0
DA:116,0
DA:130,60
DA:131,60
DA:132,60
DA:133,60
DA:134,60
DA:135,60
DA:137,60
DA:138,60
DA:139,60
DA:141,60
DA:142,60
DA:143,1
DA:144,1
DA:145,1
DA:146,1
DA:147,1
DA:149,60
DA:150,60
DA:151,60
DA:153,60
DA:154,60
DA:155,60
DA:156,60
DA:162,60
DA:163,1
DA:164,1
DA:165,1
DA:166,1
DA:167,1
DA:168,1
DA:170,60
DA:171,60
DA:174,49
DA:175,49
DA:176,49
DA:179,49
DA:180,49
DA:181,49
DA:182,49
DA:185,22
DA:186,22
DA:187,22
DA:188,0
DA:190,22
DA:191,22
DA:192,22
DA:193,0
DA:195,22
DA:196,22
DA:197,22
DA:198,22
DA:199,22
DA:200,22
DA:201,22
DA:202,22
DA:203,22
DA:204,22
DA:205,22
DA:208,21
DA:209,21
DA:210,21
DA:211,12
DA:212,21
DA:215,91
DA:216,91
DA:217,91
DA:218,69
DA:220,22
DA:221,22
DA:222,22
DA:223,22
DA:226,12
DA:227,12
DA:228,12
DA:229,12
DA:231,12
DA:232,0
DA:234,12
DA:235,12
DA:236,12
DA:238,12
DA:239,12
DA:241,12
DA:242,0
DA:243,12
DA:246,12
DA:247,12
DA:248,12
DA:251,1
DA:252,1
DA:253,1
DA:256,4
DA:257,4
DA:258,4
DA:261,24
DA:262,24
DA:263,24
DA:266,25
DA:267,25
DA:268,25
DA:271,2
DA:272,2
DA:273,2
DA:274,2
DA:275,2
DA:278,0
DA:279,0
DA:280,0
DA:281,0
DA:283,0
DA:284,0
DA:285,0
DA:286,0
DA:287,0
DA:288,0
DA:291,0
DA:292,0
DA:293,0
DA:294,0
DA:296,0
DA:297,0
DA:298,0
DA:299,0
DA:302,0
DA:303,0
DA:304,0
DA:305,0
DA:307,0
DA:308,0
DA:309,0
DA:310,0
DA:313,0
DA:314,0
DA:315,0
DA:318,0
DA:319,0
DA:320,0
DA:321,0
DA:323,0
DA:324,0
DA:325,0
DA:326,0
DA:329,2
DA:330,2
DA:331,2
DA:332,0
DA:334,2
DA:336,2
DA:337,2
DA:338,2
DA:339,2
DA:340,2
DA:341,2
DA:342,0
DA:343,0
DA:344,0
DA:345,0
DA:346,0
DA:347,0
DA:348,0
DA:349,0
DA:350,2
DA:352,2
DA:353,2
DA:354,2
DA:357,1
DA:358,1
DA:359,1
DA:360,0
DA:362,1
DA:363,1
DA:364,1
DA:367,1
DA:368,1
DA:369,1
DA:370,0
DA:372,1
DA:373,1
DA:374,1
DA:377,2
DA:378,2
DA:379,2
DA:380,0
DA:382,2
DA:383,2
DA:385,2
DA:386,2
DA:387,2
DA:388,2
DA:389,2
DA:391,2
DA:392,2
DA:393,0
DA:394,2
DA:397,7
DA:398,7
DA:399,0
DA:401,7
DA:402,7
DA:403,7
DA:406,6
DA:407,6
DA:408,0
DA:410,6
DA:411,6
DA:412,6
BRDA:32,0,0,-
BRDA:32,0,1,-
BRDA:58,0,0,-
BRDA:58,0,1,-
BRDA:66,0,0,-
BRDA:66,0,1,-
BRDA:74,0,0,-
BRDA:74,0,1,-
BRDA:82,0,0,-
BRDA:82,0,1,-
BRDA:82,1,2,-
BRDA:82,1,3,-
BRDA:100,0,0,-
BRDA:100,0,1,-
BRDA:109,0,0,-
BRDA:109,0,1,-
BRDA:134,0,0,60
BRDA:134,0,1,0
BRDA:142,0,0,1
BRDA:142,0,1,59
BRDA:142,1,2,1
BRDA:142,1,3,0
BRDA:162,0,0,1
BRDA:162,0,1,59
BRDA:187,0,0,0
BRDA:187,0,1,22
BRDA:192,0,0,0
BRDA:192,0,1,22
BRDA:210,0,0,12
BRDA:210,0,1,9
BRDA:217,0,0,69
BRDA:217,0,1,22
BRDA:231,0,0,0
BRDA:231,0,1,12
BRDA:238,0,0,12
BRDA:238,0,1,0
BRDA:238,1,2,12
BRDA:238,1,3,0
BRDA:241,0,0,0
BRDA:241,0,1,12
BRDA:280,0,0,-
BRDA:280,0,1,-
BRDA:286,0,0,-
BRDA:286,0,1,-
BRDA:293,0,0,-
BRDA:293,0,1,-
BRDA:293,1,2,-
BRDA:293,1,3,-
BRDA:293,2,4,-
BRDA:293,2,5,-
BRDA:304,0,0,-
BRDA:304,0,1,-
BRDA:320,0,0,-
BRDA:320,0,1,-
BRDA:331,0,0,0
BRDA:331,0,1,2
BRDA:339,0,0,2
BRDA:339,0,1,0
BRDA:342,0,0,0
BRDA:342,0,1,2
BRDA:345,0,0,0
BRDA:345,0,1,2
BRDA:348,0,0,0
BRDA:348,0,1,2
BRDA:352,0,0,2
BRDA:352,0,1,0
BRDA:359,0,0,0
BRDA:359,0,1,1
BRDA:369,0,0,0
BRDA:369,0,1,1
BRDA:369,1,2,0
BRDA:369,1,3,1
BRDA:379,0,0,0
BRDA:379,0,1,2
BRDA:392,0,0,0
BRDA:392,0,1,2
BRDA:398,0,0,0
BRDA:398,0,1,7
BRDA:407,0,0,0
BRDA:407,0,1,6
BRF:80
BRH:29
LF:280
LH:150
end_of_record
SF:/Users/runner/work/Draxul/Draxul/libs/draxul-ui/src/ui_panel_style.cpp
FN:10,_ZN6draxul17apply_panel_styleEv
FNDA:22,_ZN6draxul17apply_panel_styleEv
FNF:1
FNH:1
DA:10,22
DA:11,22
DA:12,22
DA:13,22
DA:14,22
DA:15,22
DA:16,22
DA:17,22
DA:18,22
DA:19,22
DA:20,22
DA:21,22
DA:22,22
DA:23,22
DA:24,22
DA:25,22
BRF:0
BRH:0
LF:16
LH:16
end_of_record
SF:/Users/runner/work/Draxul/Draxul/libs/draxul-window/include/draxul/sdl_window.h
FN:14,_ZN6draxul9SdlWindow20set_clamp_to_displayEb
FN:18,_ZN6draxul9SdlWindow10set_hiddenEb
FN:30,_ZN6draxul9SdlWindow13native_handleEv
FNDA:0,_ZN6draxul9SdlWindow20set_clamp_to_displayEb
FNDA:0,_ZN6draxul9SdlWindow10set_hiddenEb
FNDA:0,_ZN6draxul9SdlWindow13native_handleEv
FNF:3
FNH:0
DA:14,0
DA:15,0
DA:16,0
DA:18,0
DA:19,0
DA:20,0
DA:30,0
DA:31,0
DA:32,0
BRF:0
BRH:0
LF:9
LH:0
end_of_record
SF:/Users/runner/work/Draxul/Draxul/libs/draxul-window/include/draxul/window.h
FN:28,_ZN6draxul7IWindow35normalize_render_target_window_sizeEii
FN:34,_ZN6draxul7IWindow4wakeEv
FN:39,_ZN6draxul7IWindow8activateEv
FN:44,_ZN6draxul7IWindow11wait_eventsEi
FN:49,_ZN6draxul7IWindow20set_clamp_to_displayEb
FN:54,_ZN6draxul7IWindow10set_hiddenEb
FN:62,_ZN6draxul7IWindow21show_open_file_dialogEv
FN:69,_ZN6draxul7IWindow19set_title_bar_colorEN3glm3vecILi4EfLNS1_9qualifierE0EEE
FN:15,_ZN6draxul7IWindowD2Ev
FNDA:0,_ZN6draxul7IWindow35normalize_render_target_window_sizeEii
FNDA:17,_ZN6draxul7IWindow4wakeEv
FNDA:0,_ZN6draxul7IWindow8activateEv
FNDA:0,_ZN6draxul7IWindow11wait_eventsEi
FNDA:0,_ZN6draxul7IWindow20set_clamp_to_displayEb
FNDA:0,_ZN6draxul7IWindow10set_hiddenEb
FNDA:0,_ZN6draxul7IWindow21show_open_file_dialogEv
FNDA:146,_ZN6draxul7IWindow19set_title_bar_colorEN3glm3vecILi4EfLNS1_9qualifierE0EEE
FNDA:196,_ZN6draxul7IWindowD2Ev
FNF:9
FNH:3
DA:15,196
DA:28,0
DA:30,0
DA:34,17
DA:36,17
DA:39,0
DA:41,0
DA:44,0
DA:45,0
DA:46,0
DA:49,0
DA:51,0
DA:54,0
DA:56,0
DA:62,0
DA:64,0
DA:69,146
DA:71,146
BRF:0
BRH:0
LF:18
LH:5
end_of_record
SF:/Users/runner/work/Draxul/Draxul/libs/draxul-window/src/sdl_clipboard.cpp
FN:9,_ZN6draxul3sdl18get_clipboard_textEv
FN:20,_ZN6draxul3sdl18set_clipboard_textERKNSt3__112basic_stringIcNS1_11char_traitsIcEENS1_9allocatorIcEEEE
FNDA:0,_ZN6draxul3sdl18get_clipboard_textEv
FNDA:0,_ZN6draxul3sdl18set_clipboard_textERKNSt3__112basic_stringIcNS1_11char_traitsIcEENS1_9allocatorIcEEEE
FNF:2
FNH:0
DA:9,0
DA:10,0
DA:11,0
DA:12,0
DA:13,0
DA:14,0
DA:15,0
DA:16,0
DA:17,0
DA:20,0
DA:21,0
DA:22,0
BRDA:12,0,0,-
BRDA:12,0,1,-
BRF:2
BRH:0
LF:12
LH:0
end_of_record
SF:/Users/runner/work/Draxul/Draxul/libs/draxul-window/src/sdl_event_translator.cpp
FN:9,_ZN6draxul3sdl13translate_keyERK9SDL_Event
FN:22,_ZN6draxul3sdl20translate_text_inputERK9SDL_Event
FN:30,_ZN6draxul3sdl22translate_text_editingERK9SDL_Event
FN:38,_ZN6draxul3sdl22translate_mouse_buttonERK9SDL_Event
FN:55,_ZN6draxul3sdl20translate_mouse_moveERK9SDL_Event
FN:71,_ZN6draxul3sdl21translate_mouse_wheelERK9SDL_Event
FN:87,_ZN6draxul3sdl16translate_resizeEP10SDL_WindowRK9SDL_Event
FN:97,_ZN6draxul3sdl23translate_display_scaleEP10SDL_WindowRK9SDL_Event
FN:108,_ZN6draxul3sdl19translate_file_dropERK9SDL_Event
FNDA:0,_ZN6draxul3sdl13translate_keyERK9SDL_Event
FNDA:0,_ZN6draxul3sdl20translate_text_inputERK9SDL_Event
FNDA:0,_ZN6draxul3sdl22translate_text_editingERK9SDL_Event
FNDA:0,_ZN6draxul3sdl22translate_mouse_buttonERK9SDL_Event
FNDA:0,_ZN6draxul3sdl20translate_mouse_moveERK9SDL_Event
FNDA:0,_ZN6draxul3sdl21translate_mouse_wheelERK9SDL_Event
FNDA:0,_ZN6draxul3sdl16translate_resizeEP10SDL_WindowRK9SDL_Event
FNDA:0,_ZN6draxul3sdl23translate_display_scaleEP10SDL_WindowRK9SDL_Event
FNDA:0,_ZN6draxul3sdl19translate_file_dropERK9SDL_Event
FNF:9
FNH:0
DA:9,0
DA:10,0
DA:11,0
DA:12,0
DA:13,0
DA:14,0
DA:15,0
DA:16,0
DA:17,0
DA:18,0
DA:19,0
DA:22,0
DA:23,0
DA:24,0
DA:25,0
DA:26,0
DA:27,0
DA:30,0
DA:31,0
DA:32,0
DA:33,0
DA:34,0
DA:35,0
DA:38,0
DA:39,0
DA:40,0
DA:41,0
DA:46,0
DA:47,0
DA:48,0
DA:49,0
DA:50,0
DA:51,0
DA:52,0
DA:55,0
DA:56,0
DA:57,0
DA:58,0
DA:63,0
DA:64,0
DA:65,0
DA:66,0
DA:67,0
DA:68,0
DA:71,0
DA:72,0
DA:73,0
DA:74,0
DA:79,0
DA:80,0
DA:81,0
DA:82,0
DA:83,0
DA:84,0
DA:87,0
DA:88,0
DA:89,0
DA:90,0
DA:91,0
DA:92,0
DA:93,0
DA:94,0
DA:97,0
DA:98,0
DA:99,0
DA:100,0
DA:101,0
DA:102,0
DA:103,0
DA:104,0
DA:105,0
DA:108,0
DA:109,0
DA:110,0
DA:111,0
DA:112,0
DA:113,0
BRDA:11,0,0,-
BRDA:11,0,1,-
BRDA:11,1,2,-
BRDA:11,1,3,-
BRDA:24,0,0,-
BRDA:24,0,1,-
BRDA:32,0,0,-
BRDA:32,0,1,-
BRDA:40,0,0,-
BRDA:40,0,1,-
BRDA:40,1,2,-
BRDA:40,1,3,-
BRDA:57,0,0,-
BRDA:57,0,1,-
BRDA:73,0,0,-
BRDA:73,0,1,-
BRDA:89,0,0,-
BRDA:89,0,1,-
BRDA:99,0,0,-
BRDA:99,0,1,-
BRDA:102,0,0,-
BRDA:102,0,1,-
BRDA:110,0,0,-
BRDA:110,0,1,-
BRDA:110,1,2,-
BRDA:110,1,3,-
BRF:26
BRH:0
LF:77
LH:0
end_of_record
SF:/Users/runner/work/Draxul/Draxul/libs/draxul-window/src/sdl_file_dialog.cpp
FN:10,_ZN6draxul3sdl21show_open_file_dialogEP10SDL_Windowj
FN:51,_ZN6draxul3sdl24handle_file_dialog_eventERK9SDL_EventjRKNSt3__18functionIFvRKNS4_12basic_stringIcNS4_11char_traitsIcEENS4_9allocatorIcEEEEEEE
FN:20,sdl_file_dialog.cpp:_ZZN6draxul3sdl21show_open_file_dialogEP10SDL_WindowjENK3$_0clEPvPKPKci
FNDA:0,_ZN6draxul3sdl21show_open_file_dialogEP10SDL_Windowj
FNDA:0,_ZN6draxul3sdl24handle_file_dialog_eventERK9SDL_EventjRKNSt3__18functionIFvRKNS4_12basic_stringIcNS4_11char_traitsIcEENS4_9allocatorIcEEEEEEE
FNDA:0,sdl_file_dialog.cpp:_ZZN6draxul3sdl21show_open_file_dialogEP10SDL_WindowjENK3$_0clEPvPKPKci
FNF:3
FNH:0
DA:10,0
DA:11,0
DA:12,0
DA:13,0
DA:14,0
DA:15,0
DA:16,0
DA:17,0
DA:19,0
DA:20,0
DA:21,0
DA:22,0
DA:23,0
DA:24,0
DA:26,0
DA:27,0
DA:28,0
DA:29,0
DA:30,0
DA:31,0
DA:32,0
DA:33,0
DA:34,0
DA:35,0
DA:36,0
DA:37,0
DA:38,0
DA:39,0
DA:40,0
DA:41,0
DA:42,0
DA:43,0
DA:44,0
DA:45,0
DA:46,0
DA:51,0
DA:52,0
DA:53,0
DA:54,0
DA:55,0
DA:56,0
DA:57,0
DA:58,0
DA:59,0
BRDA:23,0,0,-
BRDA:23,0,1,-
BRDA:23,1,2,-
BRDA:23,1,3,-
BRDA:30,0,0,-
BRDA:30,0,1,-
BRDA:53,0,0,-
BRDA:53,0,1,-
BRDA:56,0,0,-
BRDA:56,0,1,-
BRDA:56,1,2,-
BRDA:56,1,3,-
BRF:12
BRH:0
LF:62
LH:0
end_of_record
SF:/Users/runner/work/Draxul/Draxul/libs/draxul-window/src/sdl_window.cpp
FN:140,_ZN6draxul9SdlWindow10initializeERKNSt3__112basic_stringIcNS1_11char_traitsIcEENS1_9allocatorIcEEEEii
FN:222,_ZN6draxul9SdlWindow16set_size_logicalEii
FN:232,_ZN6draxul9SdlWindow8activateEv
FN:268,_ZN6draxul9SdlWindow8shutdownEv
FN:279,_ZN6draxul9SdlWindow12handle_eventERK9SDL_Event
FN:356,_ZN6draxul9SdlWindow11poll_eventsEv
FN:368,_ZN6draxul9SdlWindow11wait_eventsEi
FN:390,_ZN6draxul9SdlWindow4wakeEv
FN:401,_ZNK6draxul9SdlWindow11size_pixelsEv
FN:412,_ZNK6draxul9SdlWindow12size_logicalEv
FN:423,_ZNK6draxul9SdlWindow11display_ppiEv
FN:434,_ZN6draxul9SdlWindow9set_titleERKNSt3__112basic_stringIcNS1_11char_traitsIcEENS1_9allocatorIcEEEE
FN:445,_ZNK6draxul9SdlWindow14clipboard_textEv
FN:450,_ZN6draxul9SdlWindow18set_clipboard_textERKNSt3__112basic_stringIcNS1_11char_traitsIcEENS1_9allocatorIcEEEE
FN:455,_ZN6draxul9SdlWindow19set_text_input_areaEiiii
FN:465,_ZN6draxul9SdlWindow19set_title_bar_colorEN3glm3vecILi4EfLNS1_9qualifierE0EEE
FN:489,_ZN6draxul9SdlWindow21show_open_file_dialogEv
FN:497,_ZN6draxul9SdlWindow35normalize_render_target_window_sizeEii
FN:34,sdl_window.cpp:_ZN6draxulL16log_display_infoEP10SDL_Window
FNDA:0,_ZN6draxul9SdlWindow10initializeERKNSt3__112basic_stringIcNS1_11char_traitsIcEENS1_9allocatorIcEEEEii
FNDA:0,_ZN6draxul9SdlWindow16set_size_logicalEii
FNDA:0,_ZN6draxul9SdlWindow8activateEv
FNDA:0,_ZN6draxul9SdlWindow8shutdownEv
FNDA:0,_ZN6draxul9SdlWindow12handle_eventERK9SDL_Event
FNDA:0,_ZN6draxul9SdlWindow11poll_eventsEv
FNDA:0,_ZN6draxul9SdlWindow11wait_eventsEi
FNDA:0,_ZN6draxul9SdlWindow4wakeEv
FNDA:0,_ZNK6draxul9SdlWindow11size_pixelsEv
FNDA:0,_ZNK6draxul9SdlWindow12size_logicalEv
FNDA:0,_ZNK6draxul9SdlWindow11display_ppiEv
FNDA:0,_ZN6draxul9SdlWindow9set_titleERKNSt3__112basic_stringIcNS1_11char_traitsIcEENS1_9allocatorIcEEEE
FNDA:0,_ZNK6draxul9SdlWindow14clipboard_textEv
FNDA:0,_ZN6draxul9SdlWindow18set_clipboard_textERKNSt3__112basic_stringIcNS1_11char_traitsIcEENS1_9allocatorIcEEEE
FNDA:0,_ZN6draxul9SdlWindow19set_text_input_areaEiiii
FNDA:0,_ZN6draxul9SdlWindow19set_title_bar_colorEN3glm3vecILi4EfLNS1_9qualifierE0EEE
FNDA:0,_ZN6draxul9SdlWindow21show_open_file_dialogEv
FNDA:0,_ZN6draxul9SdlWindow35normalize_render_target_window_sizeEii
FNDA:0,sdl_window.cpp:_ZN6draxulL16log_display_infoEP10SDL_Window
FNF:19
FNH:0
DA:34,0
DA:35,0
DA:36,0
DA:39,0
DA:40,0
DA:41,0
DA:42,0
DA:43,0
DA:44,0
DA:45,0
DA:46,0
DA:48,0
DA:50,0
DA:51,0
DA:52,0
DA:53,0
DA:54,0
DA:55,0
DA:56,0
DA:57,0
DA:58,0
DA:59,0
DA:60,0
DA:61,0
DA:62,0
DA:63,0
DA:64,0
DA:65,0
DA:66,0
DA:67,0
DA:68,0
DA:69,0
DA:70,0
DA:71,0
DA:72,0
DA:73,0
DA:74,0
DA:75,0
DA:135,0
DA:136,0
DA:140,0
DA:141,0
DA:142,0
DA:143,0
DA:145,0
DA:146,0
DA:147,0
DA:148,0
DA:149,0
DA:151,0
DA:155,0
DA:156,0
DA:158,0
DA:159,0
DA:160,0
DA:161,0
DA:162,0
DA:163,0
DA:164,0
DA:166,0
DA:167,0
DA:172,0
DA:173,0
DA:175,0
DA:176,0
DA:177,0
DA:178,0
DA:179,0
DA:180,0
DA:181,0
DA:182,0
DA:183,0
DA:184,0
DA:185,0
DA:186,0
DA:187,0
DA:188,0
DA:189,0
DA:190,0
DA:191,0
DA:192,0
DA:197,0
DA:198,0
DA:199,0
DA:200,0
DA:201,0
DA:202,0
DA:204,0
DA:205,0
DA:206,0
DA:207,0
DA:208,0
DA:211,0
DA:213,0
DA:214,0
DA:215,0
DA:216,0
DA:218,0
DA:219,0
DA:222,0
DA:223,0
DA:224,0
DA:225,0
DA:227,0
DA:228,0
DA:229,0
DA:232,0
DA:233,0
DA:234,0
DA:235,0
DA:237,0
DA:238,0
DA:239,0
DA:265,0
DA:268,0
DA:269,0
DA:270,0
DA:271,0
DA:272,0
DA:273,0
DA:274,0
DA:275,0
DA:276,0
DA:279,0
DA:280,0
DA:281,0
DA:282,0
DA:284,0
DA:285,0
DA:287,0
DA:288,0
DA:289,0
DA:290,0
DA:292,0
DA:293,0
DA:294,0
DA:295,0
DA:296,0
DA:298,0
DA:299,0
DA:300,0
DA:301,0
DA:302,0
DA:304,0
DA:305,0
DA:306,0
DA:307,0
DA:308,0
DA:309,0
DA:311,0
DA:312,0
DA:313,0
DA:314,0
DA:315,0
DA:317,0
DA:318,0
DA:319,0
DA:320,0
DA:321,0
DA:323,0
DA:324,0
DA:325,0
DA:326,0
DA:327,0
DA:328,0
DA:330,0
DA:331,0
DA:332,0
DA:333,0
DA:334,0
DA:336,0
DA:337,0
DA:338,0
DA:339,0
DA:340,0
DA:342,0
DA:343,0
DA:344,0
DA:345,0
DA:346,0
DA:348,0
DA:349,0
DA:350,0
DA:352,0
DA:353,0
DA:356,0
DA:357,0
DA:358,0
DA:359,0
DA:360,0
DA:361,0
DA:362,0
DA:363,0
DA:364,0
DA:365,0
DA:368,0
DA:369,0
DA:370,0
DA:371,0
DA:372,0
DA:373,0
DA:374,0
DA:375,0
DA:376,0
DA:377,0
DA:378,0
DA:379,0
DA:380,0
DA:381,0
DA:383,0
DA:384,0
DA:386,0
DA:387,0
DA:390,0
DA:391,0
DA:392,0
DA:393,0
DA:395,0
DA:396,0
DA:397,0
DA:398,0
DA:401,0
DA:402,0
DA:403,0
DA:404,0
DA:405,0
DA:406,0
DA:407,0
DA:408,0
DA:409,0
DA:412,0
DA:413,0
DA:414,0
DA:415,0
DA:416,0
DA:417,0
DA:418,0
DA:419,0
DA:420,0
DA:423,0
DA:424,0
DA:425,0
DA:426,0
DA:427,0
DA:428,0
DA:429,0
DA:430,0
DA:431,0
DA:434,0
DA:435,0
DA:436,0
DA:440,0
DA:441,0
DA:442,0
DA:445,0
DA:446,0
DA:447,0
DA:450,0
DA:451,0
DA:452,0
DA:455,0
DA:456,0
DA:457,0
DA:458,0
DA:460,0
DA:461,0
DA:462,0
DA:465,0
DA:466,0
DA:467,0
DA:468,0
DA:470,0
DA:472,0
DA:486,0
DA:489,0
DA:490,0
DA:491,0
DA:492,0
DA:493,0
DA:494,0
DA:497,0
DA:498,0
DA:499,0
DA:500,0
DA:502,0
DA:503,0
DA:504,0
DA:505,0
DA:506,0
DA:507,0
DA:509,0
DA:510,0
DA:511,0
DA:512,0
DA:513,0
DA:514,0
BRDA:56,0,0,-
BRDA:56,0,1,-
BRDA:65,0,0,-
BRDA:65,0,1,-
BRDA:73,0,0,-
BRDA:73,0,1,-
BRDA:145,0,0,-
BRDA:145,0,1,-
BRDA:159,0,0,-
BRDA:159,0,1,-
BRDA:172,0,0,-
BRDA:172,0,1,-
BRDA:175,0,0,-
BRDA:175,0,1,-
BRDA:179,0,0,-
BRDA:179,0,1,-
BRDA:179,1,2,-
BRDA:179,1,3,-
BRDA:183,0,0,-
BRDA:183,0,1,-
BRDA:185,0,0,-
BRDA:185,0,1,-
BRDA:187,0,0,-
BRDA:187,0,1,-
BRDA:189,0,0,-
BRDA:189,0,1,-
BRDA:204,0,0,-
BRDA:204,0,1,-
BRDA:214,0,0,-
BRDA:214,0,1,-
BRDA:224,0,0,-
BRDA:224,0,1,-
BRDA:234,0,0,-
BRDA:234,0,1,-
BRDA:270,0,0,-
BRDA:270,0,1,-
BRDA:281,0,0,-
BRDA:281,0,1,-
BRDA:284,0,0,-
BRDA:284,0,1,-
BRDA:289,0,0,-
BRDA:289,0,1,-
BRDA:292,0,0,-
BRDA:292,0,1,-
BRDA:293,0,0,-
BRDA:293,0,1,-
BRDA:294,0,0,-
BRDA:294,0,1,-
BRDA:298,0,0,-
BRDA:298,0,1,-
BRDA:299,0,0,-
BRDA:299,0,1,-
BRDA:300,0,0,-
BRDA:300,0,1,-
BRDA:304,0,0,-
BRDA:304,0,1,-
BRDA:305,0,0,-
BRDA:305,0,1,-
BRDA:306,0,0,-
BRDA:306,0,1,-
BRDA:307,0,0,-
BRDA:307,0,1,-
BRDA:311,0,0,-
BRDA:311,0,1,-
BRDA:312,0,0,-
BRDA:312,0,1,-
BRDA:313,0,0,-
BRDA:313,0,1,-
BRDA:317,0,0,-
BRDA:317,0,1,-
BRDA:318,0,0,-
BRDA:318,0,1,-
BRDA:319,0,0,-
BRDA:319,0,1,-
BRDA:323,0,0,-
BRDA:323,0,1,-
BRDA:324,0,0,-
BRDA:324,0,1,-
BRDA:325,0,0,-
BRDA:325,0,1,-
BRDA:326,0,0,-
BRDA:326,0,1,-
BRDA:330,0,0,-
BRDA:330,0,1,-
BRDA:331,0,0,-
BRDA:331,0,1,-
BRDA:332,0,0,-
BRDA:332,0,1,-
BRDA:336,0,0,-
BRDA:336,0,1,-
BRDA:337,0,0,-
BRDA:337,0,1,-
BRDA:338,0,0,-
BRDA:338,0,1,-
BRDA:342,0,0,-
BRDA:342,0,1,-
BRDA:343,0,0,-
BRDA:343,0,1,-
BRDA:344,0,0,-
BRDA:344,0,1,-
BRDA:348,0,0,-
BRDA:348,0,1,-
BRDA:359,0,0,-
BRDA:359,0,1,-
BRDA:361,0,0,-
BRDA:361,0,1,-
BRDA:372,0,0,-
BRDA:372,0,1,-
BRDA:373,0,0,-
BRDA:373,0,1,-
BRDA:376,0,0,-
BRDA:376,0,1,-
BRDA:376,1,2,-
BRDA:376,1,3,-
BRDA:383,0,0,-
BRDA:383,0,1,-
BRDA:392,0,0,-
BRDA:392,0,1,-
BRDA:392,1,2,-
BRDA:392,1,3,-
BRDA:392,2,4,-
BRDA:392,2,5,-
BRDA:404,0,0,-
BRDA:404,0,1,-
BRDA:415,0,0,-
BRDA:415,0,1,-
BRDA:426,0,0,-
BRDA:426,0,1,-
BRDA:428,0,0,-
BRDA:428,0,1,-
BRDA:436,0,0,-
BRDA:436,0,1,-
BRDA:457,0,0,-
BRDA:457,0,1,-
BRDA:467,0,0,-
BRDA:467,0,1,-
BRDA:491,0,0,-
BRDA:491,0,1,-
BRDA:491,1,2,-
BRDA:491,1,3,-
BRDA:499,0,0,-
BRDA:499,0,1,-
BRDA:499,1,2,-
BRDA:499,1,3,-
BRDA:504,0,0,-
BRDA:504,0,1,-
BRDA:504,1,2,-
BRDA:504,1,3,-
BRDA:504,2,4,-
BRDA:504,2,5,-
BRDA:504,3,6,-
BRDA:504,3,7,-
BRDA:506,0,0,-
BRDA:506,0,1,-
BRDA:506,1,2,-
BRDA:506,1,3,-
BRF:156
BRH:0
LF:296
LH:0
end_of_record
SF:/Users/runner/work/Draxul/Draxul/libs/draxul-window/src/sdl_window_macos.mm
FN:10,_ZN6draxul28disable_press_and_hold_macosEv
FN:20,_ZN6draxul27apply_title_bar_color_macosEP10SDL_WindowN3glm3vecILi4EfLNS2_9qualifierE0EEE
FNDA:0,_ZN6draxul28disable_press_and_hold_macosEv
FNDA:0,_ZN6draxul27apply_title_bar_color_macosEP10SDL_WindowN3glm3vecILi4EfLNS2_9qualifierE0EEE
FNF:2
FNH:0
DA:10,0
DA:16,0
DA:17,0
DA:20,0
DA:21,0
DA:22,0
DA:23,0
DA:24,0
DA:25,0
DA:27,0
DA:28,0
DA:29,0
BRDA:24,0,0,-
BRDA:24,0,1,-
BRF:2
BRH:0
LF:11
LH:0
end_of_record
